# This file contains the data of final feasible population (if found)
# of objectives = 2, # of constraints = 0, # of real_var = 0, # of bits of bin_var = 100, constr_violation, rank, crowding_distance
13605.000000	35.845000	0	x89	x99	1	1.000000e+14
5133.000000	130.312000	0	x2	x3	x8	x9	x17	x29	x32	x35	x36	x41	x42	x46	x53	x54	x58	x59	x60	x62	x71	x73	x80	x82	x87	x90	x97	x98	1	1.000000e+14
6099.000000	97.342000	0	x2	x3	x7	x8	x9	x10	x17	x31	x32	x34	x35	x36	x41	x46	x51	x53	x54	x58	x60	x82	x87	x89	x90	x93	x98	x99	1	3.321364e-02
5736.000000	106.068000	0	x2	x3	x7	x8	x17	x29	x31	x32	x34	x35	x36	x41	x42	x46	x53	x54	x58	x59	x68	x73	x82	x87	x89	x90	x98	x99	1	3.281976e-02
8954.000000	61.871000	0	x3	x7	x17	x31	x32	x34	x35	x36	x46	x51	x53	x54	x73	x87	x89	x99	1	3.249151e-02
6052.000000	100.193000	0	x2	x3	x7	x8	x9	x10	x14	x17	x29	x31	x32	x35	x36	x41	x51	x53	x54	x58	x60	x73	x82	x87	x89	x90	x98	x99	1	3.056177e-02
7466.000000	78.116000	0	x2	x3	x7	x10	x17	x31	x32	x34	x35	x36	x41	x46	x51	x53	x54	x58	x60	x82	x87	x89	x90	x99	1	3.019744e-02
5814.000000	103.646000	0	x2	x3	x7	x8	x9	x10	x17	x29	x31	x32	x35	x36	x41	x46	x51	x53	x54	x58	x60	x73	x82	x87	x89	x90	x98	x99	1	2.948986e-02
7706.000000	75.195000	0	x2	x3	x7	x10	x17	x31	x32	x34	x35	x36	x46	x51	x53	x54	x58	x73	x82	x87	x89	x90	x99	1	2.792043e-02
12777.000000	38.083000	0	x3	x7	x51	x89	x99	1	2.700935e-02
13371.000000	36.124000	0	x7	x89	x99	1	2.687788e-02
7314.000000	80.150000	0	x2	x3	x7	x10	x17	x31	x32	x34	x35	x36	x46	x51	x53	x54	x58	x73	x82	x87	x89	x90	x98	x99	1	2.655369e-02
5250.000000	121.314000	0	x2	x3	x8	x17	x29	x32	x35	x36	x41	x42	x46	x53	x54	x58	x59	x60	x62	x71	x73	x80	x82	x87	x89	x90	x98	x99	1	2.621964e-02
7858.000000	73.717000	0	x2	x3	x7	x10	x17	x31	x32	x34	x35	x36	x46	x51	x53	x54	x73	x87	x89	x90	x98	x99	1	2.604034e-02
5145.000000	126.777000	0	x2	x3	x8	x9	x17	x29	x32	x35	x36	x41	x42	x46	x53	x54	x58	x59	x60	x62	x71	x73	x80	x82	x87	x89	x90	x98	1	2.553180e-02
6226.000000	95.858000	0	x2	x3	x7	x8	x9	x10	x17	x31	x32	x34	x35	x36	x41	x45	x46	x51	x53	x54	x58	x73	x82	x87	x89	x90	x98	x99	1	2.493960e-02
6882.000000	85.654000	0	x2	x3	x7	x8	x10	x17	x31	x32	x34	x35	x36	x41	x46	x51	x53	x54	x58	x82	x87	x89	x90	x98	x99	1	2.444503e-02
8550.000000	65.578000	0	x3	x7	x10	x17	x31	x32	x34	x35	x36	x46	x51	x53	x54	x73	x87	x89	x90	x99	1	2.433388e-02
11884.000000	41.070000	0	x3	x7	x34	x36	x53	x89	x99	1	2.394355e-02
12999.000000	37.079000	0	x3	x7	x89	x99	1	2.394355e-02
5380.000000	115.894000	0	x2	x3	x8	x17	x29	x31	x32	x35	x36	x41	x42	x46	x53	x54	x58	x59	x60	x71	x73	x80	x82	x87	x89	x90	x98	x99	1	2.391183e-02
8462.000000	67.089000	0	x3	x7	x10	x17	x31	x32	x34	x35	x36	x51	x53	x54	x73	x87	x89	x90	x98	x99	1	2.345413e-02
5676.000000	108.308000	0	x2	x3	x7	x8	x17	x29	x31	x32	x34	x35	x36	x41	x42	x46	x53	x54	x58	x59	x73	x80	x82	x87	x89	x90	x98	x99	1	2.319093e-02
11636.000000	42.512000	0	x3	x7	x34	x36	x53	x54	x89	x99	1	2.298317e-02
8158.000000	69.838000	0	x3	x7	x10	x17	x31	x32	x34	x35	x36	x46	x51	x53	x54	x73	x87	x89	x90	x98	x99	1	2.296524e-02
10569.000000	49.743000	0	x3	x7	x34	x35	x36	x53	x58	x63	x87	x89	x99	1	2.255530e-02
11414.000000	43.933000	0	x3	x7	x34	x36	x51	x53	x54	x89	x99	1	2.239968e-02
10813.000000	46.987000	0	x3	x7	x34	x35	x36	x53	x63	x87	x89	x99	1	2.226874e-02
11776.000000	41.533000	0	x3	x7	x34	x35	x36	x46	x89	x99	1	2.226874e-02
10608.000000	48.035000	0	x3	x7	x10	x34	x36	x51	x53	x73	x87	x89	x99	1	2.216894e-02
5608.000000	111.517000	0	x2	x3	x8	x17	x27	x29	x31	x32	x34	x35	x36	x41	x42	x46	x53	x54	x58	x59	x73	x81	x82	x87	x89	x90	x98	x99	1	2.195815e-02
5472.000000	114.911000	0	x2	x3	x8	x9	x14	x17	x29	x32	x35	x36	x41	x42	x46	x53	x54	x58	x59	x60	x62	x80	x82	x87	x89	x90	x98	x99	1	2.160125e-02
10136.000000	52.819000	0	x1	x3	x7	x10	x34	x36	x51	x53	x54	x64	x73	x87	x89	x99	1	2.159156e-02
9150.000000	60.023000	0	x3	x7	x10	x17	x31	x32	x34	x35	x36	x51	x53	x54	x73	x87	x89	x99	1	2.134871e-02
9258.000000	59.122000	0	x3	x7	x17	x31	x32	x34	x35	x36	x51	x53	x54	x73	x87	x89	x99	1	2.122071e-02
10174.000000	50.797000	0	x3	x7	x17	x34	x36	x51	x53	x54	x73	x87	x89	x99	1	2.081613e-02
7074.000000	83.071000	0	x2	x3	x7	x10	x17	x31	x32	x34	x35	x36	x41	x46	x51	x53	x54	x58	x60	x82	x87	x89	x90	x98	x99	1	2.074095e-02
6630.000000	88.965000	0	x2	x3	x7	x8	x10	x17	x31	x32	x34	x35	x36	x41	x46	x51	x53	x54	x58	x60	x82	x87	x89	x90	x98	x99	1	2.068255e-02
11568.000000	43.556000	0	x3	x7	x10	x34	x36	x46	x87	x89	x99	1	2.062313e-02
6794.000000	87.342000	0	x2	x3	x7	x8	x10	x14	x17	x31	x32	x34	x35	x36	x41	x46	x51	x53	x54	x58	x82	x87	x89	x90	x98	x99	1	2.057073e-02
9552.000000	56.339000	0	x3	x7	x10	x17	x31	x34	x36	x46	x51	x53	x54	x73	x87	x89	x99	1	2.056013e-02
9766.000000	54.269000	0	x3	x7	x10	x17	x34	x35	x36	x51	x53	x54	x73	x87	x89	x99	1	2.043191e-02
5220.000000	124.763000	0	x2	x3	x8	x9	x17	x29	x32	x35	x36	x41	x46	x53	x54	x58	x59	x60	x62	x70	x71	x73	x80	x82	x87	x89	x90	x98	1	2.032068e-02
9904.000000	53.702000	0	x3	x7	x17	x34	x36	x46	x53	x54	x73	x78	x87	x89	x99	1	1.977763e-02
8658.000000	64.677000	0	x3	x7	x17	x31	x32	x34	x35	x36	x46	x51	x53	x54	x73	x87	x89	x90	x99	1	1.960582e-02
7618.000000	76.316000	0	x2	x3	x7	x10	x17	x31	x32	x34	x36	x41	x46	x51	x53	x54	x58	x82	x87	x89	x90	x98	x99	1	1.916368e-02
5285.000000	120.534000	0	x2	x3	x8	x17	x29	x31	x32	x35	x36	x41	x42	x46	x53	x54	x59	x60	x62	x71	x73	x80	x82	x87	x89	x90	x98	x99	1	1.907804e-02
8846.000000	62.772000	0	x3	x7	x10	x17	x31	x32	x34	x35	x36	x46	x51	x53	x54	x73	x87	x89	x99	1	1.894565e-02
11242.000000	44.153000	0	x3	x7	x34	x35	x36	x51	x53	x89	x99	1	1.894342e-02
12472.000000	39.302000	0	x3	x7	x10	x34	x81	x89	x99	1	1.891564e-02
7562.000000	77.210000	0	x3	x7	x8	x10	x17	x31	x32	x34	x35	x36	x46	x51	x53	x54	x58	x73	x82	x87	x89	x90	x99	1	1.849786e-02
12908.000000	37.675000	0	x7	x34	x46	x89	x99	1	1.841601e-02
6759.000000	88.169000	0	x2	x3	x8	x10	x14	x17	x31	x32	x34	x35	x36	x46	x51	x53	x54	x58	x60	x82	x87	x89	x90	x93	x98	x99	1	1.826924e-02
9466.000000	57.251000	0	x3	x7	x10	x17	x34	x35	x36	x51	x53	x54	x73	x82	x87	x89	x99	1	1.822998e-02
10953.000000	45.629000	0	x3	x7	x34	x35	x36	x53	x87	x89	x99	1	1.804990e-02
6531.000000	92.187000	0	x2	x3	x7	x8	x10	x17	x24	x31	x32	x34	x35	x36	x41	x46	x51	x53	x54	x58	x60	x82	x87	x89	x90	x98	x99	1	1.794206e-02
10705.000000	47.071000	0	x3	x7	x34	x35	x36	x53	x54	x87	x89	x99	1	1.764559e-02
12080.000000	40.399000	0	x3	x7	x34	x35	x36	x89	x99	1	1.759777e-02
6278.000000	94.626000	0	x2	x3	x7	x8	x9	x10	x17	x31	x32	x34	x35	x36	x41	x46	x51	x53	x54	x58	x73	x82	x87	x89	x90	x98	x99	1	1.737914e-02
5354.000000	118.113000	0	x2	x3	x8	x9	x17	x27	x29	x32	x35	x36	x41	x46	x53	x54	x58	x59	x62	x73	x76	x80	x82	x87	x89	x90	x98	x99	1	1.728155e-02
5501.000000	113.162000	0	x2	x3	x7	x8	x17	x29	x31	x32	x35	x36	x41	x42	x46	x53	x54	x58	x59	x71	x73	x82	x87	x89	x90	x93	x98	x99	1	1.723636e-02
12536.000000	38.630000	0	x3	x7	x34	x46	x89	x99	1	1.711851e-02
5985.000000	101.845000	0	x2	x3	x7	x8	x9	x10	x17	x31	x32	x34	x35	x36	x41	x42	x46	x53	x54	x58	x60	x73	x82	x87	x89	x90	x98	x99	1	1.695248e-02
5333.000000	118.635000	0	x2	x3	x8	x17	x29	x31	x32	x35	x36	x42	x46	x53	x54	x58	x59	x60	x62	x71	x73	x80	x82	x87	x89	x90	x98	x99	1	1.688624e-02
8382.000000	68.136000	0	x3	x7	x10	x17	x31	x32	x34	x35	x36	x46	x51	x53	x54	x64	x73	x87	x89	x98	x99	1	1.688036e-02
6438.000000	92.411000	0	x2	x3	x7	x8	x9	x17	x31	x32	x34	x35	x36	x41	x46	x51	x53	x54	x58	x60	x82	x87	x89	x90	x98	x99	1	1.686790e-02
8058.000000	71.168000	0	x3	x7	x10	x17	x31	x32	x34	x35	x36	x46	x51	x53	x54	x58	x60	x82	x87	x89	x90	x99	1	1.679356e-02
12318.000000	39.773000	0	x3	x7	x34	x51	x82	x89	x99	1	1.653920e-02
10340.000000	50.031000	0	x3	x7	x17	x34	x36	x46	x53	x73	x87	x89	x99	1	1.642618e-02
5913.000000	102.470000	0	x2	x3	x7	x8	x17	x29	x32	x34	x35	x36	x41	x42	x46	x51	x53	x54	x58	x60	x76	x82	x87	x89	x90	x93	x98	x99	1	1.537002e-02
5626.000000	109.223000	0	x2	x3	x7	x8	x17	x29	x31	x32	x34	x35	x36	x41	x42	x46	x53	x54	x58	x59	x71	x73	x82	x87	x89	x90	x98	x99	1	1.509270e-02
5185.000000	126.068000	0	x2	x3	x8	x17	x29	x32	x35	x36	x41	x42	x46	x53	x54	x58	x59	x60	x62	x71	x73	x80	x82	x87	x89	x90	x97	x98	1	1.508615e-02
5542.000000	112.435000	0	x2	x3	x8	x9	x14	x17	x29	x32	x35	x36	x41	x42	x46	x51	x53	x54	x58	x59	x60	x73	x82	x87	x89	x90	x98	x99	1	1.502166e-02
12080.000000	40.399000	0	x3	x7	x34	x35	x36	x89	x99	1	1.488084e-02
13212.000000	36.541000	0	x7	x34	x89	x99	1	1.477794e-02
6990.000000	84.909000	0	x2	x3	x8	x10	x14	x17	x31	x32	x34	x35	x36	x46	x51	x53	x54	x58	x60	x82	x87	x89	x90	x98	x99	1	1.472087e-02
7030.000000	84.523000	0	x2	x3	x7	x10	x17	x31	x32	x34	x35	x36	x46	x51	x53	x54	x58	x60	x63	x68	x82	x87	x89	x90	x98	x99	1	1.468577e-02
11119.000000	45.138000	0	x3	x7	x10	x34	x36	x51	x53	x73	x89	x99	1	1.464084e-02
9682.000000	55.775000	0	x3	x7	x17	x34	x36	x46	x51	x53	x54	x73	x78	x87	x89	x99	1	1.429966e-02
6570.000000	90.493000	0	x2	x3	x7	x8	x9	x10	x17	x31	x32	x34	x35	x36	x46	x51	x53	x54	x58	x73	x82	x87	x89	x90	x98	x99	1	1.404022e-02
9378.000000	58.556000	0	x3	x7	x10	x17	x31	x32	x34	x36	x51	x53	x54	x64	x73	x87	x89	x99	1	1.385130e-02
6392.000000	93.824000	0	x2	x3	x7	x8	x9	x10	x17	x31	x32	x34	x35	x36	x46	x51	x53	x54	x58	x70	x73	x82	x87	x89	x90	x98	x99	1	1.337713e-02
8764.000000	64.260000	0	x3	x7	x17	x31	x32	x35	x36	x46	x51	x53	x54	x73	x87	x89	x90	x99	1	1.337541e-02
8006.000000	71.316000	0	x3	x7	x10	x17	x31	x32	x34	x35	x36	x46	x51	x53	x54	x58	x73	x82	x87	x89	x90	x99	1	1.310115e-02
9736.000000	55.689000	0	x3	x7	x10	x17	x31	x34	x36	x51	x53	x54	x64	x73	x87	x90	x99	1	1.292854e-02
8798.000000	63.711000	0	x3	x7	x10	x17	x31	x32	x34	x35	x36	x46	x51	x53	x73	x87	x89	x90	x99	1	1.271524e-02
11201.000000	45.137000	0	x3	x7	x34	x35	x36	x53	x60	x89	x99	1	1.247267e-02
12318.000000	39.773000	0	x3	x7	x34	x51	x82	x89	x99	1	1.240209e-02
10994.000000	45.595000	0	x3	x7	x34	x35	x36	x51	x53	x54	x89	x99	1	1.239577e-02
7226.000000	81.356000	0	x2	x3	x7	x10	x17	x31	x32	x34	x35	x36	x46	x51	x53	x54	x58	x60	x63	x82	x87	x89	x90	x98	x99	1	1.234849e-02
13212.000000	36.541000	0	x7	x34	x89	x99	1	1.223141e-02
8314.000000	68.628000	0	x3	x7	x10	x17	x31	x32	x34	x35	x36	x41	x46	x51	x53	x54	x58	x82	x87	x89	x99	1	1.220450e-02
7950.000000	72.439000	0	x2	x3	x7	x10	x17	x31	x32	x34	x35	x36	x46	x51	x53	x54	x73	x82	x87	x89	x90	x99	1	1.219602e-02
7918.000000	72.639000	0	x2	x3	x7	x10	x17	x31	x32	x34	x36	x41	x46	x51	x53	x54	x58	x87	x89	x90	x98	x99	1	1.219392e-02
9424.000000	58.356000	0	x3	x7	x17	x31	x32	x34	x35	x36	x46	x53	x73	x87	x89	x99	1	1.210075e-02
8290.000000	69.416000	0	x3	x7	x10	x17	x31	x32	x34	x35	x36	x46	x51	x53	x54	x73	x81	x87	x89	x90	x99	1	1.196114e-02
6582.000000	90.103000	0	x2	x3	x7	x8	x9	x10	x17	x31	x32	x34	x35	x36	x41	x46	x51	x53	x54	x58	x82	x87	x89	x90	x98	x99	1	1.162856e-02
7274.000000	80.992000	0	x2	x3	x7	x10	x17	x31	x32	x34	x35	x36	x41	x45	x46	x51	x53	x54	x58	x82	x87	x89	x90	x98	x99	1	1.157676e-02
9150.000000	60.023000	0	x3	x7	x10	x17	x31	x32	x34	x35	x36	x51	x53	x54	x73	x87	x89	x99	1	1.114280e-02
6349.000000	93.946000	0	x2	x3	x7	x8	x9	x10	x17	x31	x32	x34	x35	x36	x46	x51	x53	x54	x58	x60	x73	x82	x87	x89	x90	x98	x99	1	1.097291e-02
