# This file contains the data of final feasible population (if found)
# of objectives = 2, # of constraints = 0, # of real_var = 0, # of bits of bin_var = 100, constr_violation, rank, crowding_distance
13605.000000	35.845000	0	x89	x99	1	1.000000e+14
5129.000000	128.995000	0	x2	x3	x8	x9	x17	x29	x32	x35	x36	x41	x42	x46	x53	x54	x59	x60	x62	x71	x73	x80	x81	x82	x87	x89	x90	x98	1	1.000000e+14
5558.000000	110.141000	0	x2	x3	x7	x8	x9	x17	x29	x31	x32	x35	x36	x41	x46	x51	x53	x54	x58	x59	x60	x73	x82	x87	x89	x90	x98	x99	1	2.998120e-02
11884.000000	41.070000	0	x3	x7	x34	x36	x53	x89	x99	1	2.905699e-02
11680.000000	42.077000	0	x3	x34	x35	x36	x53	x89	x99	1	2.776138e-02
10690.000000	47.155000	0	x3	x7	x34	x36	x53	x54	x73	x87	x89	x99	1	2.752537e-02
5702.000000	107.033000	0	x1	x3	x7	x8	x9	x17	x29	x31	x32	x35	x36	x41	x46	x51	x53	x54	x58	x59	x73	x80	x82	x87	x89	x90	x98	x99	1	2.730338e-02
13212.000000	36.541000	0	x7	x34	x89	x99	1	2.707045e-02
12840.000000	37.496000	0	x3	x7	x34	x89	x99	1	2.671793e-02
6314.000000	94.340000	0	x1	x2	x3	x7	x8	x9	x17	x31	x32	x34	x36	x41	x46	x51	x53	x54	x58	x63	x64	x73	x82	x87	x89	x90	x98	x99	1	2.637455e-02
6494.000000	91.451000	0	x1	x2	x3	x7	x8	x17	x31	x32	x34	x36	x41	x46	x51	x53	x54	x58	x63	x73	x76	x82	x87	x89	x90	x98	x99	1	2.613808e-02
5235.000000	124.047000	0	x2	x3	x8	x9	x17	x29	x31	x32	x35	x36	x41	x42	x46	x53	x54	x59	x60	x62	x73	x80	x81	x82	x87	x89	x90	x98	1	2.530802e-02
5634.000000	108.098000	0	x1	x2	x3	x7	x8	x17	x29	x31	x32	x35	x36	x41	x42	x46	x53	x54	x58	x59	x60	x73	x82	x87	x89	x90	x98	x99	1	2.517734e-02
10904.000000	46.306000	0	x3	x7	x36	x53	x63	x73	x87	x89	x99	1	2.497084e-02
11415.000000	43.409000	0	x3	x7	x36	x53	x63	x73	x89	x99	1	2.491640e-02
8754.000000	64.136000	0	x1	x3	x7	x17	x31	x32	x34	x35	x36	x46	x51	x53	x73	x87	x89	x90	x99	1	2.451271e-02
7570.000000	76.696000	0	x1	x3	x7	x17	x31	x32	x34	x35	x36	x46	x51	x53	x54	x58	x73	x82	x87	x89	x90	x98	x99	1	2.446576e-02
12659.000000	38.320000	0	x3	x7	x36	x89	x99	1	2.401994e-02
7874.000000	73.187000	0	x1	x3	x7	x14	x17	x31	x32	x34	x35	x36	x46	x51	x53	x54	x58	x73	x82	x87	x89	x90	x99	1	2.397313e-02
6970.000000	84.784000	0	x1	x2	x3	x7	x9	x17	x31	x32	x34	x36	x41	x46	x51	x53	x54	x58	x73	x82	x87	x89	x90	x98	x99	1	2.370496e-02
7514.000000	77.819000	0	x1	x2	x3	x7	x17	x31	x32	x34	x35	x36	x46	x51	x53	x54	x73	x82	x87	x89	x90	x98	x99	1	2.333020e-02
7414.000000	79.328000	0	x2	x3	x7	x10	x17	x31	x32	x34	x35	x36	x41	x46	x51	x53	x54	x58	x73	x82	x87	x89	x90	x99	1	2.312920e-02
9234.000000	59.223000	0	x1	x3	x7	x17	x32	x34	x35	x36	x46	x53	x54	x73	x87	x89	x99	1	2.282259e-02
11583.000000	42.934000	0	x3	x7	x36	x46	x66	x87	x89	x99	1	2.278213e-02
9386.000000	57.897000	0	x3	x7	x17	x32	x34	x35	x36	x46	x53	x54	x73	x87	x89	x99	1	2.276344e-02
7714.000000	75.459000	0	x1	x3	x7	x10	x17	x31	x32	x34	x36	x41	x46	x51	x53	x54	x58	x63	x73	x82	x87	x89	x90	x99	1	2.266638e-02
6246.000000	95.837000	0	x2	x3	x7	x8	x9	x17	x31	x32	x34	x35	x36	x41	x46	x51	x53	x54	x58	x63	x73	x82	x87	x89	x90	x98	x99	1	2.259088e-02
7970.000000	72.403000	0	x1	x3	x7	x17	x31	x32	x34	x35	x36	x41	x46	x51	x53	x54	x58	x73	x87	x89	x90	x99	1	2.168541e-02
10468.000000	48.576000	0	x3	x7	x34	x36	x51	x53	x54	x73	x87	x89	x99	1	2.159854e-02
5417.000000	114.755000	0	x2	x3	x8	x9	x16	x17	x29	x31	x32	x35	x36	x41	x42	x46	x53	x54	x58	x59	x60	x73	x82	x87	x89	x90	x98	x99	1	2.154669e-02
5289.000000	122.955000	0	x1	x2	x3	x8	x9	x17	x27	x29	x32	x35	x36	x41	x42	x46	x53	x54	x58	x59	x60	x62	x71	x73	x87	x89	x90	x98	1	2.142920e-02
8870.000000	63.740000	0	x1	x3	x7	x32	x34	x35	x36	x46	x51	x53	x54	x63	x73	x87	x89	x90	x99	1	2.098322e-02
10606.000000	48.159000	0	x3	x7	x36	x51	x53	x54	x73	x87	x89	x99	1	2.072328e-02
12103.000000	40.150000	0	x3	x7	x36	x46	x66	x89	x99	1	2.038700e-02
8645.000000	65.834000	0	x3	x7	x17	x31	x32	x34	x36	x41	x46	x53	x54	x73	x82	x87	x89	x93	x99	1	2.029626e-02
6896.000000	85.997000	0	x1	x2	x3	x7	x8	x17	x32	x34	x36	x41	x46	x51	x53	x54	x58	x63	x73	x82	x87	x89	x90	x98	x99	1	2.023204e-02
5179.000000	126.461000	0	x2	x3	x8	x9	x17	x27	x29	x32	x35	x36	x41	x46	x53	x54	x58	x59	x60	x62	x71	x73	x80	x82	x87	x89	x90	x98	1	1.996289e-02
9068.000000	60.699000	0	x3	x7	x10	x17	x31	x32	x34	x35	x36	x46	x53	x54	x73	x87	x89	x99	1	1.991657e-02
5816.000000	103.060000	0	x2	x3	x7	x8	x9	x17	x29	x31	x32	x34	x35	x36	x41	x46	x51	x53	x54	x58	x60	x73	x82	x87	x89	x90	x98	x99	1	1.987044e-02
5882.000000	102.035000	0	x1	x2	x3	x7	x8	x9	x17	x29	x31	x32	x35	x36	x41	x46	x51	x53	x54	x58	x63	x73	x82	x87	x89	x90	x98	x99	1	1.980132e-02
6770.000000	87.942000	0	x1	x2	x3	x7	x8	x9	x17	x31	x32	x34	x36	x41	x46	x51	x53	x54	x73	x82	x87	x89	x90	x98	x99	1	1.966617e-02
5916.000000	100.470000	0	x1	x2	x3	x7	x8	x9	x17	x29	x31	x32	x34	x35	x36	x41	x46	x51	x53	x54	x58	x73	x82	x87	x89	x90	x98	x99	1	1.959517e-02
12407.000000	39.016000	0	x3	x7	x36	x66	x89	x99	1	1.955394e-02
6083.000000	99.159000	0	x1	x2	x3	x7	x8	x17	x23	x31	x32	x34	x36	x41	x46	x51	x53	x54	x58	x59	x60	x73	x82	x87	x89	x90	x98	x99	1	1.906210e-02
6678.000000	89.008000	0	x1	x2	x3	x7	x8	x9	x17	x31	x32	x34	x36	x46	x51	x53	x54	x58	x63	x73	x82	x87	x89	x90	x98	x99	1	1.874729e-02
12329.000000	39.998000	0	x3	x7	x36	x45	x66	x89	x99	1	1.860283e-02
12536.000000	38.630000	0	x3	x7	x34	x46	x89	x99	1	1.860141e-02
5478.000000	113.740000	0	x1	x2	x3	x8	x9	x17	x29	x32	x35	x36	x41	x42	x46	x51	x53	x54	x58	x59	x60	x73	x82	x87	x89	x90	x98	x99	1	1.855233e-02
7278.000000	80.340000	0	x1	x3	x7	x17	x31	x32	x34	x35	x36	x41	x46	x51	x53	x54	x58	x73	x82	x87	x89	x90	x98	x99	1	1.827965e-02
7130.000000	82.119000	0	x1	x2	x3	x7	x17	x31	x32	x34	x36	x41	x46	x51	x53	x54	x58	x63	x73	x82	x87	x89	x90	x98	x99	1	1.827965e-02
8418.000000	67.449000	0	x1	x3	x7	x14	x17	x31	x32	x34	x35	x36	x46	x51	x53	x54	x73	x87	x89	x90	x99	1	1.823714e-02
11065.000000	45.290000	0	x3	x7	x34	x36	x53	x87	x89	x93	x99	1	1.811192e-02
9792.000000	54.044000	0	x3	x7	x17	x34	x35	x36	x46	x53	x54	x73	x87	x89	x99	1	1.804001e-02
9940.000000	52.799000	0	x1	x3	x7	x17	x34	x36	x46	x53	x54	x73	x87	x89	x99	1	1.788985e-02
6894.000000	87.718000	0	x1	x2	x3	x7	x8	x9	x17	x31	x32	x34	x36	x41	x46	x51	x53	x54	x58	x63	x73	x78	x82	x87	x89	x99	1	1.787290e-02
12043.000000	40.653000	0	x3	x7	x36	x53	x89	x99	1	1.785710e-02
5770.000000	104.506000	0	x2	x3	x7	x8	x9	x17	x31	x32	x34	x35	x36	x41	x46	x51	x53	x54	x58	x59	x60	x73	x82	x87	x89	x90	x98	x99	1	1.757547e-02
5394.000000	116.831000	0	x1	x2	x3	x8	x9	x17	x27	x29	x32	x35	x36	x41	x46	x53	x54	x58	x59	x60	x62	x73	x82	x87	x89	x90	x98	x99	1	1.740414e-02
8506.000000	66.003000	0	x1	x3	x7	x17	x31	x32	x34	x35	x36	x46	x51	x53	x54	x73	x87	x89	x90	x99	1	1.730755e-02
9740.000000	55.584000	0	x3	x7	x17	x34	x35	x36	x46	x53	x73	x82	x87	x89	x99	1	1.710949e-02
11250.000000	45.283000	0	x3	x7	x30	x36	x53	x63	x73	x89	x99	1	1.695566e-02
10390.000000	49.809000	0	x3	x7	x34	x36	x53	x54	x73	x82	x87	x89	x99	1	1.695178e-02
6094.000000	97.163000	0	x1	x2	x3	x7	x8	x9	x17	x31	x32	x34	x35	x36	x41	x46	x51	x53	x54	x58	x63	x73	x82	x87	x89	x90	x98	x99	1	1.690271e-02
6022.000000	99.923000	0	x1	x2	x3	x7	x8	x9	x17	x29	x31	x32	x35	x36	x41	x46	x51	x53	x54	x58	x73	x82	x87	x89	x90	x98	x99	1	1.688838e-02
5145.000000	126.777000	0	x2	x3	x8	x9	x17	x29	x32	x35	x36	x41	x42	x46	x53	x54	x58	x59	x60	x62	x71	x73	x80	x82	x87	x89	x90	x98	1	1.655122e-02
8366.000000	67.862000	0	x1	x3	x7	x17	x31	x32	x34	x35	x36	x46	x51	x53	x54	x63	x73	x87	x89	x90	x99	1	1.639592e-02
6630.000000	90.274000	0	x1	x2	x3	x7	x8	x9	x17	x31	x32	x34	x35	x36	x46	x51	x53	x54	x63	x73	x82	x87	x89	x90	x98	x99	1	1.636919e-02
5336.000000	118.670000	0	x2	x3	x8	x9	x17	x29	x32	x35	x36	x41	x42	x46	x53	x54	x58	x59	x60	x73	x80	x82	x87	x89	x90	x97	x98	x99	1	1.632117e-02
6184.000000	97.120000	0	x1	x2	x3	x7	x8	x9	x17	x31	x32	x34	x36	x41	x46	x51	x53	x54	x58	x63	x73	x80	x82	x87	x89	x90	x98	x99	1	1.608405e-02
13371.000000	36.124000	0	x7	x89	x99	1	1.604201e-02
8982.000000	62.108000	0	x1	x3	x7	x17	x34	x35	x36	x46	x51	x53	x54	x63	x73	x87	x89	x90	x99	1	1.598841e-02
8276.000000	68.943000	0	x1	x3	x7	x17	x32	x34	x35	x36	x46	x51	x53	x54	x63	x73	x82	x87	x89	x90	x99	1	1.546633e-02
9853.000000	53.465000	0	x3	x7	x17	x34	x36	x46	x53	x54	x73	x87	x89	x93	x99	1	1.541330e-02
8934.000000	62.205000	0	x1	x3	x7	x17	x32	x34	x35	x36	x46	x53	x54	x73	x82	x87	x89	x99	1	1.536695e-02
10381.000000	50.778000	0	x3	x34	x36	x51	x53	x54	x73	x82	x87	x89	x99	1	1.509661e-02
10242.000000	50.995000	0	x3	x34	x35	x36	x46	x53	x54	x73	x87	x89	x99	1	1.499108e-02
10979.000000	45.679000	0	x3	x7	x34	x36	x51	x53	x54	x73	x89	x99	1	1.495097e-02
9644.000000	55.605000	0	x1	x3	x7	x17	x34	x36	x46	x53	x54	x73	x87	x89	x90	x99	1	1.492637e-02
12999.000000	37.079000	0	x3	x7	x89	x99	1	1.480321e-02
5486.000000	112.057000	0	x2	x3	x7	x8	x9	x17	x29	x31	x32	x35	x36	x41	x42	x46	x53	x54	x58	x59	x60	x73	x82	x87	x89	x90	x98	x99	1	1.453177e-02
6386.000000	92.462000	0	x1	x2	x3	x7	x8	x9	x17	x31	x32	x34	x36	x41	x46	x51	x53	x54	x58	x63	x73	x82	x87	x89	x90	x98	x99	1	1.432780e-02
7792.000000	74.913000	0	x1	x3	x7	x17	x32	x34	x35	x36	x41	x46	x51	x53	x54	x58	x82	x87	x89	x90	x98	x99	1	1.410181e-02
10168.000000	51.230000	0	x3	x7	x34	x36	x51	x53	x54	x73	x82	x87	x89	x99	1	1.409242e-02
11280.000000	44.246000	0	x3	x7	x36	x53	x66	x87	x89	x99	1	1.378749e-02
8206.000000	68.985000	0	x1	x3	x7	x17	x31	x32	x34	x35	x36	x46	x51	x53	x54	x73	x82	x87	x89	x90	x99	1	1.364973e-02
7314.000000	79.930000	0	x2	x3	x7	x10	x17	x31	x32	x34	x36	x41	x46	x51	x53	x54	x58	x73	x82	x87	x89	x90	x98	x99	1	1.345475e-02
10062.000000	52.429000	0	x3	x7	x32	x34	x36	x51	x53	x54	x73	x87	x89	x99	1	1.340590e-02
5321.000000	119.983000	0	x2	x3	x8	x9	x17	x29	x31	x32	x35	x36	x41	x42	x46	x53	x54	x58	x59	x60	x73	x80	x82	x87	x89	x90	x97	x98	1	1.339085e-02
5357.000000	117.338000	0	x1	x2	x3	x8	x9	x17	x29	x32	x35	x36	x41	x42	x46	x53	x54	x58	x59	x62	x73	x80	x82	x87	x89	x90	x98	x99	1	1.329260e-02
8172.000000	70.343000	0	x1	x3	x7	x17	x31	x32	x36	x41	x46	x51	x53	x54	x63	x73	x82	x87	x89	x90	x99	1	1.295280e-02
7070.000000	83.493000	0	x1	x2	x3	x7	x8	x17	x31	x32	x34	x36	x41	x46	x51	x53	x54	x73	x82	x87	x89	x90	x98	x99	1	1.282869e-02
10086.000000	51.906000	0	x3	x7	x34	x36	x46	x53	x54	x73	x82	x87	x89	x99	1	1.268881e-02
12999.000000	37.079000	0	x3	x7	x89	x99	1	1.226724e-02
9620.000000	57.046000	0	x3	x7	x34	x36	x41	x46	x51	x53	x54	x58	x73	x87	x89	x99	1	1.213258e-02
5308.000000	120.857000	0	x2	x3	x8	x17	x29	x31	x32	x35	x36	x41	x46	x51	x53	x54	x58	x59	x60	x62	x71	x73	x80	x82	x87	x89	x90	x98	1	1.202828e-02
9448.000000	57.334000	0	x1	x3	x7	x17	x34	x35	x36	x46	x53	x54	x73	x76	x87	x89	x99	1	1.189270e-02
6386.000000	92.462000	0	x1	x2	x3	x7	x8	x9	x17	x31	x32	x34	x36	x41	x46	x51	x53	x54	x58	x63	x73	x82	x87	x89	x90	x98	x99	1	1.179766e-02
8118.000000	70.431000	0	x1	x3	x7	x14	x17	x31	x32	x34	x35	x36	x46	x51	x53	x54	x73	x82	x87	x89	x90	x99	1	1.115934e-02
9134.000000	60.068000	0	x1	x3	x7	x17	x31	x34	x35	x36	x46	x53	x54	x73	x87	x89	x90	x99	1	1.097651e-02
7130.000000	82.119000	0	x1	x2	x3	x7	x17	x31	x32	x34	x36	x41	x46	x51	x53	x54	x58	x63	x73	x82	x87	x89	x90	x98	x99	1	1.091461e-02
