# This file contains the data of final feasible population (if found)
# of objectives = 2, # of constraints = 0, # of real_var = 0, # of bits of bin_var = 100, constr_violation, rank, crowding_distance
5141.000000	127.487000	0	x2	x3	x8	x9	x17	x29	x32	x35	x36	x41	x42	x46	x53	x54	x58	x59	x60	x62	x71	x73	x81	x82	x87	x89	x90	x98	1	1.000000e+14
13527.000000	35.845000	0	x45	x54	x99	1	1.000000e+14
8854.000000	62.829000	0	x3	x7	x10	x17	x31	x32	x34	x35	x36	x51	x53	x54	x73	x87	x89	x90	x99	1	3.567823e-02
8722.000000	64.363000	0	x1	x3	x7	x31	x32	x34	x35	x36	x46	x53	x54	x73	x82	x87	x89	x90	x99	1	3.312403e-02
11749.000000	41.507000	0	x2	x3	x36	x45	x53	x54	x99	1	2.979480e-02
8190.000000	69.863000	0	x1	x3	x7	x17	x31	x32	x34	x35	x36	x46	x51	x53	x54	x58	x64	x73	x87	x89	x90	x99	1	2.958483e-02
12705.000000	37.933000	0	x2	x3	x45	x54	x99	1	2.951576e-02
6951.000000	85.836000	0	x1	x2	x3	x7	x8	x17	x23	x31	x32	x34	x36	x46	x51	x53	x54	x73	x82	x87	x89	x90	x93	x98	x99	1	2.879468e-02
8006.000000	71.316000	0	x3	x7	x10	x17	x31	x32	x34	x35	x36	x46	x51	x53	x54	x58	x73	x82	x87	x89	x90	x99	1	2.877473e-02
9684.000000	54.945000	0	x3	x7	x10	x17	x34	x35	x36	x46	x53	x54	x73	x87	x89	x99	1	2.860335e-02
5420.000000	116.645000	0	x2	x3	x8	x9	x17	x32	x35	x36	x41	x46	x53	x54	x58	x59	x60	x62	x73	x76	x80	x81	x82	x87	x89	x90	x98	x99	1	2.851616e-02
13293.000000	36.334000	0	x7	x45	x54	x99	1	2.739032e-02
12495.000000	38.704000	0	x2	x3	x45	x54	x63	x99	1	2.704279e-02
11028.000000	45.175000	0	x2	x3	x36	x45	x53	x54	x63	x87	x99	1	2.669846e-02
8550.000000	65.578000	0	x3	x7	x10	x17	x31	x32	x34	x35	x36	x46	x51	x53	x54	x73	x87	x89	x90	x99	1	2.649437e-02
11317.000000	43.699000	0	x2	x3	x36	x45	x51	x53	x54	x63	x99	1	2.569613e-02
5479.000000	114.312000	0	x2	x3	x8	x9	x16	x17	x31	x32	x35	x36	x41	x42	x46	x53	x54	x58	x59	x60	x73	x80	x82	x87	x89	x90	x98	x99	1	2.466091e-02
9570.000000	56.117000	0	x3	x7	x17	x34	x35	x36	x46	x51	x53	x54	x73	x87	x89	x99	1	2.454666e-02
12365.000000	39.174000	0	x2	x3	x36	x45	x54	x99	1	2.431257e-02
5905.000000	103.016000	0	x1	x2	x3	x7	x8	x9	x17	x29	x31	x32	x34	x36	x46	x51	x53	x54	x58	x59	x73	x82	x87	x89	x90	x93	x98	x99	1	2.339555e-02
9868.000000	54.131000	0	x3	x7	x34	x36	x46	x51	x53	x54	x73	x87	x89	x90	x99	1	2.325158e-02
6804.000000	87.644000	0	x1	x2	x3	x7	x8	x17	x31	x32	x35	x36	x41	x46	x51	x53	x54	x58	x63	x82	x87	x89	x90	x98	x99	1	2.261956e-02
7218.000000	81.294000	0	x1	x2	x3	x7	x8	x17	x31	x32	x34	x36	x41	x46	x51	x53	x54	x58	x73	x82	x87	x89	x90	x99	1	2.214044e-02
8250.000000	68.560000	0	x3	x7	x10	x17	x31	x32	x34	x35	x36	x46	x51	x53	x54	x73	x82	x87	x89	x90	x99	1	2.204175e-02
9274.000000	58.923000	0	x3	x7	x17	x34	x35	x36	x46	x51	x53	x54	x73	x87	x89	x90	x99	1	2.192699e-02
9462.000000	57.018000	0	x3	x7	x10	x17	x34	x35	x36	x46	x51	x53	x54	x73	x87	x89	x99	1	2.164813e-02
9400.000000	58.227000	0	x1	x3	x7	x31	x32	x34	x35	x36	x51	x53	x54	x73	x87	x89	x99	1	2.160286e-02
5730.000000	105.720000	0	x1	x2	x3	x7	x8	x17	x31	x32	x35	x36	x41	x42	x46	x51	x53	x54	x58	x59	x60	x73	x82	x87	x89	x90	x98	x99	1	2.135360e-02
10690.000000	47.155000	0	x3	x7	x34	x36	x53	x54	x73	x87	x89	x99	1	2.128540e-02
10941.000000	46.005000	0	x3	x7	x34	x36	x53	x54	x73	x81	x89	x99	1	2.102531e-02
11509.000000	42.609000	0	x3	x7	x36	x45	x53	x54	x73	x99	1	2.098934e-02
10386.000000	49.252000	0	x3	x7	x34	x36	x46	x53	x54	x73	x87	x89	x99	1	2.098934e-02
5256.000000	120.174000	0	x2	x3	x8	x9	x17	x29	x32	x35	x36	x41	x42	x46	x53	x54	x58	x59	x60	x62	x73	x80	x82	x87	x89	x90	x98	x99	1	2.087522e-02
11539.000000	42.278000	0	x2	x3	x36	x45	x53	x54	x63	x99	1	2.032209e-02
5206.000000	122.834000	0	x2	x3	x8	x9	x17	x29	x32	x35	x36	x41	x42	x46	x53	x54	x58	x59	x60	x62	x71	x73	x82	x87	x89	x90	x98	x99	1	2.019911e-02
6701.000000	89.319000	0	x1	x2	x3	x7	x8	x17	x31	x32	x36	x45	x46	x51	x53	x54	x58	x63	x66	x73	x82	x87	x89	x90	x93	x98	x99	1	2.008117e-02
6505.000000	92.486000	0	x1	x2	x3	x7	x8	x17	x31	x32	x36	x45	x46	x51	x53	x54	x58	x63	x66	x68	x73	x82	x87	x89	x90	x93	x98	x99	1	1.989305e-02
7270.000000	80.355000	0	x1	x2	x3	x7	x17	x31	x32	x34	x36	x41	x46	x51	x53	x54	x58	x73	x82	x87	x89	x90	x98	x99	1	1.987183e-02
7434.000000	78.505000	0	x1	x2	x3	x7	x17	x31	x32	x34	x36	x41	x46	x51	x53	x54	x58	x63	x82	x87	x89	x90	x98	x99	1	1.987183e-02
5672.000000	109.256000	0	x1	x3	x7	x8	x9	x29	x31	x32	x35	x36	x41	x42	x46	x53	x54	x58	x59	x60	x73	x80	x82	x87	x89	x90	x98	x99	1	1.976673e-02
12191.000000	39.838000	0	x2	x3	x45	x46	x54	x63	x99	1	1.966196e-02
8358.000000	67.659000	0	x3	x7	x17	x31	x32	x34	x35	x36	x46	x51	x53	x54	x73	x82	x87	x89	x90	x99	1	1.960444e-02
9024.000000	61.124000	0	x1	x3	x7	x17	x31	x32	x34	x35	x36	x46	x53	x54	x73	x87	x89	x99	1	1.943844e-02
5504.000000	113.043000	0	x1	x2	x3	x7	x8	x17	x29	x32	x35	x36	x41	x42	x46	x53	x54	x58	x59	x60	x62	x73	x82	x87	x89	x90	x98	x99	1	1.941964e-02
6107.000000	98.012000	0	x1	x2	x3	x7	x8	x17	x31	x32	x34	x35	x36	x41	x46	x51	x53	x54	x58	x68	x73	x82	x87	x89	x90	x93	x98	x99	1	1.896160e-02
10164.000000	51.325000	0	x3	x7	x34	x36	x46	x51	x53	x54	x73	x87	x89	x99	1	1.840171e-02
12921.000000	37.289000	0	x3	x7	x45	x54	x99	1	1.839219e-02
6155.000000	96.552000	0	x1	x2	x3	x7	x8	x17	x23	x31	x32	x34	x36	x41	x46	x51	x53	x54	x58	x73	x81	x82	x87	x89	x90	x93	x98	x99	1	1.814481e-02
11929.000000	41.079000	0	x2	x3	x36	x46	x54	x63	x99	1	1.803956e-02
7564.000000	77.294000	0	x1	x2	x3	x7	x31	x32	x34	x36	x41	x46	x51	x53	x54	x58	x73	x82	x87	x89	x90	x98	x99	1	1.797165e-02
5586.000000	109.704000	0	x1	x2	x3	x8	x9	x17	x31	x32	x35	x36	x41	x42	x46	x51	x53	x54	x58	x59	x60	x73	x82	x87	x89	x90	x98	x99	1	1.759297e-02
7981.000000	72.853000	0	x3	x7	x10	x17	x31	x32	x34	x35	x36	x46	x53	x54	x73	x81	x82	x87	x89	x90	x93	x99	1	1.740903e-02
5334.000000	117.954000	0	x2	x3	x8	x17	x29	x32	x35	x36	x41	x42	x46	x51	x53	x54	x58	x59	x60	x62	x73	x80	x82	x87	x89	x90	x98	x99	1	1.723994e-02
5931.000000	101.086000	0	x1	x2	x3	x7	x8	x9	x17	x31	x32	x34	x36	x41	x46	x51	x53	x54	x58	x59	x73	x82	x87	x89	x90	x93	x98	x99	1	1.722711e-02
10086.000000	52.217000	0	x3	x7	x34	x36	x41	x46	x53	x54	x73	x87	x89	x99	1	1.698220e-02
6595.000000	89.772000	0	x1	x2	x3	x7	x8	x17	x31	x32	x34	x36	x41	x46	x51	x53	x54	x58	x73	x82	x87	x89	x90	x93	x98	x99	1	1.695714e-02
10284.000000	51.008000	0	x3	x7	x32	x34	x36	x53	x54	x73	x87	x89	x99	1	1.682663e-02
11980.000000	40.725000	0	x2	x3	x34	x36	x46	x54	x99	1	1.672745e-02
13137.000000	36.939000	0	x40	x45	x54	x99	1	1.661982e-02
7093.000000	84.364000	0	x1	x2	x3	x7	x8	x17	x31	x32	x36	x45	x46	x51	x53	x54	x58	x63	x66	x73	x82	x87	x89	x90	x93	x99	1	1.661817e-02
10582.000000	48.056000	0	x3	x7	x10	x34	x36	x53	x54	x73	x87	x89	x99	1	1.660201e-02
6990.000000	84.399000	0	x1	x2	x3	x7	x8	x17	x31	x32	x34	x36	x41	x46	x51	x53	x54	x58	x63	x82	x87	x89	x90	x98	x99	1	1.649774e-02
5182.000000	125.587000	0	x2	x3	x8	x9	x17	x29	x32	x35	x36	x41	x42	x46	x53	x54	x58	x59	x60	x62	x70	x71	x73	x82	x87	x89	x90	x98	1	1.645136e-02
12887.000000	37.578000	0	x23	x36	x45	x54	x99	1	1.639228e-02
9024.000000	61.124000	0	x1	x3	x7	x17	x31	x32	x34	x35	x36	x46	x53	x54	x73	x87	x89	x99	1	1.629740e-02
9925.000000	53.317000	0	x3	x7	x34	x36	x46	x51	x53	x54	x73	x87	x89	x93	x99	1	1.597584e-02
10033.000000	53.006000	0	x1	x2	x3	x7	x34	x36	x53	x54	x73	x81	x89	x98	x99	1	1.560095e-02
6399.000000	93.796000	0	x1	x2	x3	x7	x8	x17	x23	x31	x32	x34	x36	x41	x46	x51	x53	x54	x73	x81	x82	x87	x89	x90	x93	x98	x99	1	1.541986e-02
6740.000000	87.676000	0	x1	x2	x3	x7	x8	x17	x31	x32	x36	x41	x45	x46	x51	x53	x54	x58	x63	x73	x82	x87	x89	x90	x98	x99	1	1.528001e-02
7674.000000	76.202000	0	x1	x2	x3	x7	x8	x17	x31	x32	x34	x36	x41	x46	x51	x53	x54	x87	x89	x90	x98	x99	1	1.509162e-02
6035.000000	98.716000	0	x1	x2	x3	x7	x8	x17	x31	x32	x34	x36	x41	x46	x51	x53	x54	x58	x59	x68	x73	x82	x87	x89	x90	x93	x98	x99	1	1.484667e-02
11227.000000	44.237000	0	x3	x7	x34	x36	x51	x53	x54	x73	x99	1	1.480035e-02
8472.000000	66.487000	0	x3	x7	x10	x17	x31	x32	x34	x35	x36	x46	x53	x54	x73	x82	x87	x89	x90	x99	1	1.455235e-02
7434.000000	78.505000	0	x1	x2	x3	x7	x17	x31	x32	x34	x36	x41	x46	x51	x53	x54	x58	x63	x82	x87	x89	x90	x98	x99	1	1.435825e-02
6012.000000	99.695000	0	x1	x2	x3	x7	x8	x9	x17	x29	x31	x32	x34	x36	x41	x46	x51	x53	x54	x58	x68	x73	x82	x87	x89	x90	x98	x99	1	1.398476e-02
13527.000000	35.845000	0	x45	x54	x99	1	1.395182e-02
6209.000000	95.801000	0	x1	x2	x3	x7	x8	x9	x17	x31	x32	x36	x41	x45	x46	x51	x53	x54	x58	x63	x73	x82	x87	x89	x90	x93	x98	x99	1	1.387659e-02
5858.000000	104.994000	0	x1	x2	x3	x4	x7	x8	x17	x29	x31	x32	x35	x36	x41	x46	x51	x53	x54	x58	x59	x68	x73	x82	x87	x90	x98	x99	1	1.387187e-02
9176.000000	59.798000	0	x3	x7	x17	x31	x32	x34	x35	x36	x46	x53	x54	x73	x87	x89	x99	1	1.383674e-02
6337.000000	95.081000	0	x1	x2	x3	x7	x8	x17	x31	x32	x36	x41	x46	x51	x53	x54	x58	x59	x73	x82	x87	x89	x90	x93	x98	x99	1	1.375582e-02
6534.000000	90.602000	0	x1	x2	x3	x7	x8	x17	x31	x32	x34	x35	x36	x41	x46	x51	x53	x54	x58	x73	x82	x87	x89	x90	x98	x99	1	1.374810e-02
5252.000000	120.884000	0	x2	x3	x8	x9	x17	x29	x32	x35	x36	x41	x42	x46	x53	x54	x58	x59	x60	x62	x73	x81	x82	x87	x89	x90	x98	x99	1	1.374640e-02
5862.000000	104.620000	0	x2	x3	x7	x8	x9	x11	x17	x31	x32	x34	x36	x41	x46	x51	x53	x54	x58	x59	x73	x80	x82	x87	x89	x90	x98	x99	1	1.359428e-02
7734.000000	74.828000	0	x1	x2	x3	x7	x17	x31	x32	x34	x36	x41	x46	x51	x53	x54	x58	x63	x87	x89	x90	x98	x99	1	1.339812e-02
5249.000000	122.617000	0	x1	x2	x3	x8	x9	x17	x29	x32	x35	x36	x41	x42	x46	x53	x54	x58	x59	x60	x62	x71	x73	x82	x87	x89	x90	x98	1	1.338189e-02
7814.000000	74.142000	0	x1	x2	x3	x7	x17	x31	x32	x34	x35	x36	x46	x51	x53	x54	x73	x87	x89	x90	x98	x99	1	1.330519e-02
7131.000000	82.894000	0	x1	x2	x3	x7	x8	x17	x31	x32	x34	x36	x46	x51	x53	x54	x73	x82	x87	x89	x90	x93	x98	x99	1	1.320756e-02
8428.000000	66.912000	0	x1	x3	x7	x17	x31	x32	x34	x35	x36	x46	x53	x54	x73	x82	x87	x89	x90	x99	1	1.319149e-02
5558.000000	111.616000	0	x1	x2	x3	x8	x9	x17	x29	x31	x32	x35	x36	x41	x46	x51	x53	x54	x58	x59	x72	x73	x82	x87	x89	x90	x98	x99	1	1.308565e-02
9176.000000	59.798000	0	x3	x7	x17	x31	x32	x34	x35	x36	x46	x53	x54	x73	x87	x89	x99	1	1.307775e-02
5712.000000	107.458000	0	x1	x2	x3	x7	x8	x17	x29	x31	x32	x35	x36	x41	x42	x46	x51	x53	x54	x58	x59	x60	x73	x87	x89	x90	x98	x99	1	1.298985e-02
10582.000000	48.056000	0	x3	x7	x10	x34	x36	x53	x54	x73	x87	x89	x99	1	1.296470e-02
10316.000000	49.902000	0	x1	x3	x7	x34	x36	x51	x53	x54	x73	x87	x89	x99	1	1.288452e-02
5145.000000	126.777000	0	x2	x3	x8	x9	x17	x29	x32	x35	x36	x41	x42	x46	x53	x54	x58	x59	x60	x62	x71	x73	x80	x82	x87	x89	x90	x98	1	1.281098e-02
13155.000000	36.800000	0	x3	x45	x54	x99	1	1.260210e-02
7574.000000	76.741000	0	x1	x2	x3	x7	x17	x31	x32	x34	x36	x41	x46	x51	x53	x54	x58	x82	x87	x89	x90	x98	x99	1	1.251652e-02
5982.000000	100.700000	0	x1	x2	x3	x7	x8	x17	x31	x32	x35	x36	x41	x42	x45	x46	x51	x53	x54	x58	x59	x60	x82	x87	x89	x90	x98	x99	1	1.241879e-02
7906.000000	73.414000	0	x1	x3	x7	x9	x17	x31	x32	x34	x35	x36	x46	x51	x53	x54	x73	x82	x87	x89	x90	x99	1	1.219736e-02
5568.000000	111.344000	0	x1	x2	x3	x7	x8	x17	x29	x32	x35	x36	x41	x42	x46	x51	x53	x54	x58	x59	x71	x73	x82	x87	x89	x90	x98	x99	1	1.210135e-02
6509.000000	91.352000	0	x1	x2	x3	x7	x8	x17	x31	x32	x36	x41	x45	x46	x51	x53	x54	x58	x63	x73	x82	x87	x89	x90	x93	x98	x99	1	1.200820e-02
