# This file contains the data of final feasible population (if found)
# of objectives = 2, # of constraints = 0, # of real_var = 0, # of bits of bin_var = 100, constr_violation, rank, crowding_distance
5137.000000	128.721000	0	x2	x3	x8	x9	x17	x29	x32	x35	x36	x41	x42	x46	x53	x54	x58	x59	x62	x71	x73	x80	x81	x82	x87	x89	x90	x98	1	1.000000e+14
13527.000000	35.845000	0	x45	x89	x99	1	1.000000e+14
12911.000000	38.178000	0	x45	x53	x89	x99	1	4.282190e-02
5495.000000	112.570000	0	x2	x3	x8	x9	x17	x29	x31	x32	x35	x36	x41	x42	x46	x53	x54	x58	x59	x70	x73	x78	x82	x87	x89	x90	x98	x99	1	3.678592e-02
9254.000000	59.300000	0	x3	x7	x17	x31	x32	x34	x36	x46	x51	x53	x54	x73	x87	x89	x99	1	3.375507e-02
13221.000000	36.587000	0	x7	x45	x64	x89	x99	1	3.269241e-02
9060.000000	60.904000	0	x2	x3	x7	x10	x17	x31	x32	x34	x36	x46	x53	x54	x73	x87	x89	x99	1	3.137967e-02
6646.000000	89.464000	0	x1	x2	x3	x7	x8	x17	x31	x32	x34	x36	x41	x46	x51	x53	x54	x58	x73	x78	x82	x87	x89	x90	x98	x99	1	2.890008e-02
6730.000000	87.588000	0	x2	x3	x7	x8	x10	x17	x31	x32	x34	x36	x41	x46	x51	x53	x54	x58	x63	x73	x82	x87	x89	x90	x98	x99	1	2.803508e-02
8838.000000	62.977000	0	x2	x3	x7	x10	x17	x31	x32	x34	x36	x46	x51	x53	x54	x73	x87	x89	x99	1	2.772161e-02
5256.000000	120.174000	0	x2	x3	x8	x9	x17	x29	x32	x35	x36	x41	x42	x46	x53	x54	x58	x59	x60	x62	x73	x80	x82	x87	x89	x90	x98	x99	1	2.766508e-02
12659.000000	38.320000	0	x3	x7	x36	x89	x99	1	2.750283e-02
6188.000000	96.905000	0	x1	x2	x3	x7	x8	x17	x29	x31	x32	x34	x36	x41	x46	x51	x53	x54	x58	x63	x73	x78	x82	x87	x89	x90	x98	x99	1	2.585200e-02
7164.000000	83.188000	0	x2	x3	x7	x10	x17	x31	x32	x34	x36	x41	x46	x51	x53	x54	x58	x73	x82	x87	x89	x90	x95	x98	x99	1	2.551583e-02
5356.000000	117.223000	0	x3	x8	x9	x17	x29	x31	x32	x35	x36	x41	x42	x46	x53	x54	x58	x59	x60	x62	x73	x80	x82	x87	x89	x90	x98	x99	1	2.483735e-02
10716.000000	47.134000	0	x3	x7	x34	x36	x51	x53	x73	x87	x89	x99	1	2.448700e-02
6386.000000	92.462000	0	x1	x2	x3	x7	x8	x9	x17	x31	x32	x34	x36	x41	x46	x51	x53	x54	x58	x63	x73	x82	x87	x89	x90	x98	x99	1	2.379799e-02
6826.000000	86.249000	0	x1	x2	x3	x7	x8	x17	x31	x32	x34	x36	x41	x46	x51	x53	x54	x58	x73	x82	x87	x89	x90	x98	x99	1	2.354950e-02
5442.000000	114.576000	0	x2	x3	x8	x17	x31	x32	x35	x36	x41	x42	x46	x51	x53	x54	x58	x59	x60	x62	x73	x80	x82	x87	x89	x90	x98	x99	1	2.352078e-02
10907.000000	46.479000	0	x3	x7	x17	x34	x36	x53	x54	x73	x89	x99	1	2.350645e-02
9376.000000	58.132000	0	x2	x3	x7	x10	x17	x34	x36	x46	x53	x54	x73	x82	x87	x89	x99	1	2.310053e-02
5989.000000	99.875000	0	x1	x2	x3	x7	x8	x9	x17	x29	x31	x32	x34	x35	x36	x41	x46	x51	x53	x54	x58	x82	x87	x89	x90	x93	x98	x99	1	2.304392e-02
8724.000000	64.665000	0	x2	x3	x7	x10	x17	x31	x32	x34	x36	x41	x46	x53	x82	x87	x89	x90	x99	1	2.299234e-02
7714.000000	75.811000	0	x1	x2	x3	x7	x8	x17	x31	x32	x34	x36	x46	x51	x53	x54	x58	x73	x87	x89	x98	x99	1	2.279066e-02
12500.000000	38.737000	0	x3	x7	x34	x36	x89	x99	1	2.278769e-02
10642.000000	48.094000	0	x3	x7	x34	x36	x53	x73	x87	x89	x90	x99	1	2.254254e-02
5586.000000	109.337000	0	x1	x2	x3	x7	x8	x9	x17	x29	x31	x32	x35	x36	x41	x42	x46	x53	x54	x58	x59	x73	x82	x87	x89	x90	x98	x99	1	2.187453e-02
5300.000000	119.394000	0	x2	x3	x8	x9	x17	x29	x31	x32	x35	x36	x41	x42	x46	x53	x54	x59	x60	x62	x73	x80	x82	x87	x89	x90	x98	x99	1	2.184625e-02
7174.000000	81.694000	0	x2	x3	x7	x10	x17	x31	x32	x34	x36	x41	x46	x51	x53	x54	x58	x63	x73	x82	x87	x89	x90	x98	x99	1	2.156856e-02
10316.000000	49.902000	0	x1	x3	x7	x34	x36	x51	x53	x54	x73	x87	x89	x99	1	2.156199e-02
7558.000000	77.174000	0	x2	x3	x7	x10	x17	x31	x32	x34	x36	x41	x46	x51	x53	x54	x73	x82	x87	x89	x90	x98	x99	1	2.151362e-02
10022.000000	52.123000	0	x1	x3	x7	x17	x34	x36	x51	x53	x54	x73	x87	x89	x99	1	2.143551e-02
12065.000000	40.483000	0	x3	x7	x34	x36	x73	x89	x99	1	2.129031e-02
5202.000000	123.448000	0	x2	x3	x8	x9	x17	x29	x32	x35	x36	x41	x42	x46	x53	x54	x58	x59	x62	x71	x73	x80	x82	x87	x89	x90	x98	x99	1	2.084377e-02
11517.000000	42.774000	0	x3	x7	x34	x36	x40	x53	x89	x99	1	2.036771e-02
5174.000000	126.709000	0	x2	x3	x8	x9	x17	x29	x32	x35	x36	x41	x42	x46	x53	x54	x58	x59	x62	x70	x71	x73	x81	x82	x87	x89	x90	x98	1	2.003474e-02
9454.000000	57.223000	0	x2	x3	x7	x10	x17	x34	x36	x46	x51	x53	x54	x73	x87	x89	x99	1	1.981282e-02
5380.000000	115.666000	0	x2	x3	x8	x17	x29	x31	x32	x35	x36	x41	x42	x46	x51	x53	x54	x58	x59	x60	x62	x73	x82	x87	x89	x90	x98	x99	1	1.937533e-02
7806.000000	74.145000	0	x1	x2	x3	x7	x17	x31	x32	x34	x36	x46	x51	x53	x54	x73	x82	x87	x89	x90	x98	x99	1	1.936183e-02
5187.000000	125.553000	0	x2	x3	x8	x9	x17	x29	x32	x35	x36	x41	x42	x46	x53	x54	x58	x59	x60	x62	x72	x73	x80	x82	x87	x89	x90	x98	1	1.922432e-02
6310.000000	95.001000	0	x2	x3	x7	x8	x9	x10	x17	x31	x32	x34	x36	x41	x46	x51	x53	x54	x58	x73	x81	x82	x87	x89	x90	x98	x99	1	1.912031e-02
8084.000000	71.936000	0	x3	x7	x10	x17	x32	x34	x35	x36	x41	x46	x51	x53	x54	x58	x63	x73	x87	x89	x90	x99	1	1.897786e-02
7022.000000	84.751000	0	x1	x2	x3	x7	x8	x9	x17	x31	x32	x34	x36	x41	x46	x51	x53	x54	x63	x73	x82	x87	x89	x90	x99	1	1.885416e-02
12389.000000	39.564000	0	x2	x45	x53	x64	x89	x99	1	1.863509e-02
11428.000000	43.684000	0	x2	x3	x34	x36	x53	x89	x93	x99	1	1.827275e-02
6361.000000	93.292000	0	x1	x2	x3	x7	x8	x9	x17	x30	x31	x32	x34	x36	x41	x46	x51	x53	x54	x58	x73	x82	x87	x89	x90	x98	x99	1	1.819796e-02
7468.000000	78.633000	0	x2	x3	x7	x10	x31	x32	x34	x36	x41	x46	x51	x53	x54	x58	x63	x73	x82	x87	x89	x90	x98	x99	1	1.812825e-02
8668.000000	65.366000	0	x3	x7	x10	x17	x32	x34	x36	x46	x51	x53	x54	x73	x87	x89	x90	x98	x99	1	1.805090e-02
9900.000000	53.956000	0	x3	x7	x34	x36	x46	x51	x53	x54	x73	x80	x87	x89	x99	1	1.775406e-02
11884.000000	41.070000	0	x3	x7	x34	x36	x53	x89	x99	1	1.763688e-02
6266.000000	95.792000	0	x1	x2	x3	x7	x8	x9	x17	x31	x32	x34	x36	x41	x46	x51	x53	x54	x58	x73	x82	x87	x89	x90	x97	x98	x99	1	1.752079e-02
11849.000000	41.368000	0	x3	x7	x45	x53	x73	x89	x99	1	1.747000e-02
6079.000000	98.524000	0	x2	x3	x7	x8	x9	x10	x17	x31	x32	x34	x36	x41	x46	x51	x53	x54	x58	x73	x81	x82	x87	x89	x90	x93	x98	x99	1	1.734976e-02
11668.000000	41.924000	0	x2	x3	x34	x36	x53	x89	x99	1	1.718991e-02
9976.000000	53.194000	0	x3	x7	x34	x36	x51	x53	x54	x73	x76	x82	x87	x89	x99	1	1.713856e-02
5774.000000	105.197000	0	x2	x3	x7	x8	x17	x29	x31	x32	x34	x36	x41	x42	x46	x53	x54	x58	x59	x70	x73	x82	x87	x89	x90	x93	x98	x99	1	1.705442e-02
8538.000000	65.959000	0	x2	x3	x7	x10	x17	x31	x32	x34	x36	x46	x51	x53	x54	x73	x82	x87	x89	x99	1	1.692373e-02
12278.000000	39.741000	0	x3	x7	x34	x36	x51	x89	x99	1	1.691262e-02
5586.000000	109.337000	0	x1	x2	x3	x7	x8	x9	x17	x29	x31	x32	x35	x36	x41	x42	x46	x53	x54	x58	x59	x73	x82	x87	x89	x90	x98	x99	1	1.669083e-02
12152.000000	40.082000	0	x3	x7	x34	x53	x64	x89	x99	1	1.668826e-02
6526.000000	90.698000	0	x1	x2	x3	x7	x8	x9	x17	x31	x32	x34	x36	x41	x46	x51	x53	x54	x58	x73	x82	x87	x89	x90	x98	x99	1	1.664790e-02
7614.000000	76.253000	0	x2	x3	x7	x10	x17	x31	x32	x34	x36	x41	x46	x51	x53	x54	x58	x73	x87	x89	x90	x98	x99	1	1.663452e-02
13293.000000	36.334000	0	x7	x45	x89	x99	1	1.657772e-02
13455.000000	36.098000	0	x45	x64	x89	x99	1	1.657772e-02
10174.000000	50.797000	0	x3	x7	x17	x34	x36	x51	x53	x54	x73	x87	x89	x99	1	1.654926e-02
8462.000000	67.554000	0	x2	x3	x7	x10	x17	x31	x32	x34	x36	x51	x53	x54	x58	x63	x73	x87	x89	x90	x99	1	1.637611e-02
10172.000000	51.382000	0	x3	x7	x34	x36	x51	x53	x54	x73	x87	x89	x90	x99	1	1.619695e-02
10420.000000	49.515000	0	x3	x7	x34	x36	x51	x53	x73	x87	x89	x90	x99	1	1.619695e-02
5661.000000	107.244000	0	x2	x3	x7	x8	x9	x17	x29	x31	x32	x35	x36	x41	x42	x46	x51	x53	x54	x58	x70	x73	x82	x87	x89	x90	x98	x99	1	1.573732e-02
7950.000000	72.219000	0	x2	x3	x7	x10	x17	x31	x32	x34	x36	x41	x46	x51	x53	x54	x73	x82	x87	x89	x90	x99	1	1.571857e-02
5841.000000	103.476000	0	x1	x2	x3	x7	x8	x17	x29	x31	x32	x34	x36	x41	x42	x46	x53	x54	x58	x59	x73	x82	x87	x89	x90	x93	x98	x99	1	1.566082e-02
5913.000000	101.364000	0	x1	x2	x3	x7	x8	x17	x29	x31	x32	x34	x36	x41	x46	x51	x53	x54	x58	x59	x73	x82	x87	x89	x90	x93	x98	x99	1	1.566082e-02
6526.000000	90.698000	0	x1	x2	x3	x7	x8	x9	x17	x31	x32	x34	x36	x41	x46	x51	x53	x54	x58	x73	x82	x87	x89	x90	x98	x99	1	1.498653e-02
8216.000000	69.809000	0	x3	x7	x10	x17	x32	x34	x36	x41	x46	x51	x53	x54	x58	x73	x82	x87	x89	x90	x99	1	1.495423e-02
7270.000000	80.355000	0	x1	x2	x3	x7	x17	x31	x32	x34	x36	x41	x46	x51	x53	x54	x58	x73	x82	x87	x89	x90	x98	x99	1	1.492644e-02
11227.000000	44.237000	0	x3	x7	x34	x36	x51	x53	x73	x89	x99	1	1.492207e-02
11106.000000	45.497000	0	x3	x7	x34	x36	x51	x53	x54	x89	x93	x99	1	1.450629e-02
8250.000000	69.237000	0	x2	x3	x7	x10	x17	x31	x32	x34	x36	x41	x46	x51	x53	x54	x73	x87	x89	x90	x99	1	1.428691e-02
8110.000000	70.465000	0	x3	x7	x10	x17	x31	x32	x34	x36	x41	x46	x51	x53	x54	x63	x73	x82	x87	x89	x90	x99	1	1.423621e-02
9574.000000	56.352000	0	x3	x7	x17	x34	x36	x46	x51	x53	x54	x73	x87	x89	x90	x99	1	1.411927e-02
7930.000000	73.151000	0	x3	x7	x10	x17	x23	x31	x32	x34	x36	x41	x46	x51	x53	x54	x63	x73	x82	x87	x89	x90	x99	1	1.404014e-02
11159.000000	44.977000	0	x3	x7	x34	x36	x51	x53	x63	x89	x93	x99	1	1.399420e-02
5661.000000	107.244000	0	x2	x3	x7	x8	x9	x17	x29	x31	x32	x35	x36	x41	x42	x46	x51	x53	x54	x58	x70	x73	x82	x87	x89	x90	x98	x99	1	1.395775e-02
5728.000000	105.393000	0	x1	x2	x3	x7	x8	x9	x17	x29	x31	x32	x35	x36	x41	x42	x46	x51	x53	x54	x58	x73	x82	x87	x89	x90	x98	x99	1	1.395775e-02
9676.000000	55.150000	0	x2	x3	x7	x10	x17	x34	x36	x46	x53	x54	x73	x87	x89	x99	1	1.338399e-02
5841.000000	103.476000	0	x1	x2	x3	x7	x8	x17	x29	x31	x32	x34	x36	x41	x42	x46	x53	x54	x58	x59	x73	x82	x87	x89	x90	x93	x98	x99	1	1.325789e-02
8958.000000	62.106000	0	x3	x7	x17	x31	x32	x34	x36	x46	x51	x53	x54	x73	x87	x89	x90	x99	1	1.320696e-02
8516.000000	66.827000	0	x3	x7	x10	x17	x32	x34	x36	x41	x46	x51	x53	x54	x58	x73	x87	x89	x90	x99	1	1.311592e-02
10468.000000	48.576000	0	x3	x7	x34	x36	x51	x53	x54	x73	x87	x89	x99	1	1.296435e-02
7270.000000	80.355000	0	x1	x2	x3	x7	x17	x31	x32	x34	x36	x41	x46	x51	x53	x54	x58	x73	x82	x87	x89	x90	x98	x99	1	1.292963e-02
7850.000000	73.720000	0	x2	x3	x7	x10	x17	x31	x32	x34	x36	x46	x51	x53	x54	x73	x82	x87	x89	x90	x98	x99	1	1.274097e-02
6077.000000	98.899000	0	x1	x2	x3	x7	x8	x9	x17	x23	x31	x32	x34	x36	x41	x46	x53	x54	x58	x73	x81	x82	x87	x89	x90	x93	x98	x99	1	1.263667e-02
8970.000000	61.985000	0	x2	x3	x7	x10	x17	x32	x34	x36	x46	x53	x54	x73	x82	x87	x89	x99	1	1.254966e-02
5913.000000	101.364000	0	x1	x2	x3	x7	x8	x17	x29	x31	x32	x34	x36	x41	x46	x51	x53	x54	x58	x59	x73	x82	x87	x89	x90	x93	x98	x99	1	1.254527e-02
8360.000000	68.142000	0	x2	x3	x7	x10	x17	x32	x34	x36	x46	x51	x53	x54	x73	x87	x89	x90	x98	x99	1	1.251324e-02
8328.000000	68.395000	0	x1	x2	x3	x7	x17	x31	x32	x34	x36	x46	x53	x54	x73	x87	x89	x90	x98	x99	1	1.245038e-02
5202.000000	123.448000	0	x2	x3	x8	x9	x17	x29	x32	x35	x36	x41	x42	x46	x53	x54	x58	x59	x62	x71	x73	x80	x82	x87	x89	x90	x98	x99	1	1.222624e-02
9566.000000	56.555000	0	x2	x3	x7	x17	x34	x36	x51	x53	x54	x73	x82	x87	x89	x99	1	1.184042e-02
11662.000000	42.491000	0	x3	x7	x34	x36	x51	x53	x89	x99	1	1.169370e-02
6950.000000	85.649000	0	x1	x2	x3	x7	x17	x23	x31	x32	x34	x36	x41	x46	x51	x53	x54	x58	x63	x73	x82	x87	x89	x90	x98	x99	1	1.061986e-02
