# This file contains the data of final feasible population (if found)
# of objectives = 2, # of constraints = 0, # of real_var = 0, # of bits of bin_var = 100, constr_violation, rank, crowding_distance
5141.000000	127.487000	0	x2	x3	x8	x9	x17	x29	x32	x35	x36	x41	x42	x46	x53	x54	x58	x59	x60	x62	x71	x73	x81	x82	x87	x89	x90	x98	1	1.000000e+14
13371.000000	36.124000	0	x7	x54	x99	1	1.000000e+14
8582.000000	66.411000	0	x3	x7	x10	x17	x31	x32	x35	x36	x41	x46	x51	x53	x54	x66	x80	x87	x89	x99	1	3.409578e-02
8160.000000	70.563000	0	x3	x7	x10	x17	x31	x32	x35	x36	x41	x46	x53	x54	x66	x73	x82	x87	x89	x90	x99	1	3.082709e-02
11743.000000	42.284000	0	x3	x7	x36	x45	x51	x53	x54	x99	1	3.074970e-02
13119.000000	36.820000	0	x7	x54	x66	x99	1	2.782665e-02
11884.000000	41.070000	0	x3	x7	x34	x36	x53	x54	x99	1	2.715194e-02
10906.000000	47.010000	0	x3	x7	x10	x35	x53	x54	x66	x87	x89	x99	1	2.711154e-02
7058.000000	84.396000	0	x1	x2	x3	x7	x8	x17	x31	x32	x35	x36	x46	x51	x53	x54	x58	x63	x66	x73	x82	x87	x89	x90	x99	1	2.704286e-02
5856.000000	103.679000	0	x1	x3	x7	x8	x9	x17	x31	x32	x35	x36	x41	x42	x46	x51	x53	x54	x58	x59	x66	x73	x82	x87	x89	x90	x98	x99	1	2.699482e-02
5896.000000	101.240000	0	x1	x2	x3	x7	x8	x9	x17	x29	x31	x32	x35	x36	x41	x46	x51	x53	x54	x58	x66	x73	x82	x87	x89	x90	x98	x99	1	2.688916e-02
5206.000000	122.834000	0	x2	x3	x8	x9	x17	x29	x32	x35	x36	x41	x42	x46	x53	x54	x58	x59	x60	x62	x71	x73	x82	x87	x89	x90	x98	x99	1	2.646466e-02
12185.000000	40.020000	0	x3	x7	x36	x51	x54	x66	x99	1	2.532198e-02
5662.000000	107.455000	0	x2	x3	x7	x8	x17	x29	x31	x32	x35	x36	x41	x46	x51	x53	x54	x58	x59	x60	x68	x73	x82	x87	x89	x90	x98	x99	1	2.520273e-02
5185.000000	125.077000	0	x2	x3	x8	x17	x29	x32	x35	x36	x41	x42	x46	x53	x54	x58	x59	x60	x62	x71	x73	x80	x81	x82	x87	x89	x90	x98	1	2.508639e-02
10606.000000	48.159000	0	x3	x7	x36	x51	x53	x54	x73	x87	x89	x99	1	2.499765e-02
7986.000000	71.748000	0	x3	x7	x10	x17	x31	x32	x35	x36	x46	x51	x53	x54	x58	x66	x73	x82	x87	x89	x90	x99	1	2.483210e-02
5978.000000	100.120000	0	x1	x2	x3	x7	x8	x9	x17	x29	x31	x32	x35	x36	x41	x46	x53	x54	x58	x63	x66	x73	x82	x87	x89	x90	x98	x99	1	2.399549e-02
8994.000000	62.251000	0	x3	x7	x17	x31	x32	x35	x36	x46	x51	x53	x54	x58	x66	x87	x89	x99	1	2.391151e-02
9238.000000	59.495000	0	x3	x7	x17	x31	x32	x35	x36	x46	x51	x53	x54	x66	x87	x89	x99	1	2.309387e-02
11032.000000	45.688000	0	x3	x7	x36	x53	x54	x66	x87	x89	x99	1	2.295843e-02
5420.000000	114.137000	0	x2	x3	x8	x9	x17	x29	x31	x32	x35	x36	x41	x42	x46	x51	x53	x54	x58	x59	x60	x73	x82	x87	x89	x90	x98	x99	1	2.239394e-02
11580.000000	43.314000	0	x3	x7	x10	x34	x36	x53	x54	x68	x99	1	2.191210e-02
7260.000000	81.783000	0	x3	x7	x10	x17	x31	x32	x35	x36	x41	x42	x46	x51	x53	x54	x58	x63	x66	x73	x82	x87	x89	x90	x99	1	2.177475e-02
6806.000000	87.019000	0	x1	x2	x3	x7	x8	x17	x31	x32	x36	x41	x46	x51	x53	x54	x58	x66	x73	x82	x87	x89	x90	x98	x99	1	2.129628e-02
10156.000000	51.577000	0	x3	x7	x35	x36	x51	x53	x54	x66	x87	x89	x90	x99	1	2.126391e-02
10452.000000	48.771000	0	x3	x7	x35	x36	x51	x53	x54	x66	x87	x89	x99	1	2.123863e-02
9686.000000	56.243000	0	x3	x7	x10	x17	x35	x36	x51	x53	x54	x59	x66	x87	x89	x99	1	2.108234e-02
10050.000000	51.893000	0	x3	x7	x10	x17	x35	x36	x51	x53	x54	x66	x87	x89	x99	1	2.079964e-02
5292.000000	120.627000	0	x2	x3	x8	x9	x17	x29	x31	x32	x35	x36	x41	x42	x46	x53	x54	x58	x59	x60	x62	x71	x73	x82	x87	x89	x98	x99	1	2.060502e-02
9146.000000	60.256000	0	x3	x7	x10	x17	x35	x36	x46	x51	x53	x54	x66	x73	x87	x89	x90	x99	1	2.049643e-02
10400.000000	49.753000	0	x3	x7	x35	x36	x45	x51	x53	x54	x66	x87	x89	x99	1	2.024462e-02
8838.000000	63.169000	0	x3	x7	x10	x17	x31	x32	x35	x36	x41	x46	x51	x53	x54	x66	x87	x89	x99	1	2.022501e-02
9048.000000	61.131000	0	x3	x7	x10	x17	x31	x32	x35	x36	x46	x53	x54	x66	x73	x87	x89	x99	1	2.015249e-02
6438.000000	92.760000	0	x1	x2	x3	x6	x7	x8	x17	x31	x32	x36	x41	x46	x51	x53	x54	x58	x63	x66	x73	x82	x87	x89	x90	x98	x99	1	1.980869e-02
5376.000000	115.714000	0	x2	x3	x8	x17	x29	x31	x32	x35	x36	x41	x42	x46	x53	x54	x58	x59	x60	x71	x73	x81	x82	x87	x89	x90	x98	x99	1	1.956743e-02
11154.000000	45.568000	0	x3	x7	x10	x35	x53	x66	x87	x89	x99	1	1.941816e-02
9854.000000	53.800000	0	x3	x7	x17	x35	x36	x51	x53	x54	x66	x73	x87	x89	x99	1	1.923204e-02
5518.000000	111.863000	0	x1	x2	x3	x8	x17	x29	x31	x32	x35	x36	x41	x46	x53	x54	x58	x59	x60	x71	x73	x81	x82	x87	x89	x90	x98	x99	1	1.916238e-02
8242.000000	68.957000	0	x3	x7	x10	x17	x31	x32	x35	x36	x41	x46	x51	x53	x54	x66	x82	x87	x89	x90	x99	1	1.900323e-02
12359.000000	39.534000	0	x3	x7	x36	x45	x51	x54	x99	1	1.887809e-02
8800.000000	63.793000	0	x3	x7	x10	x17	x31	x32	x36	x41	x46	x53	x54	x66	x80	x87	x89	x90	x99	1	1.867917e-02
8338.000000	68.091000	0	x3	x7	x17	x31	x32	x35	x36	x46	x51	x53	x54	x66	x73	x82	x87	x89	x90	x99	1	1.858354e-02
5504.000000	113.043000	0	x1	x2	x3	x7	x8	x17	x29	x32	x35	x36	x41	x42	x46	x53	x54	x58	x59	x60	x62	x73	x82	x87	x89	x90	x98	x99	1	1.839869e-02
7162.000000	82.206000	0	x3	x7	x10	x17	x31	x32	x35	x36	x41	x46	x51	x53	x54	x58	x63	x66	x73	x82	x87	x89	x90	x98	x99	1	1.830351e-02
6508.000000	91.352000	0	x1	x2	x3	x7	x8	x17	x29	x31	x32	x34	x36	x41	x46	x51	x53	x54	x58	x73	x82	x87	x89	x90	x98	x99	1	1.820090e-02
6762.000000	88.510000	0	x1	x2	x3	x7	x8	x17	x31	x32	x36	x41	x46	x51	x53	x54	x57	x58	x63	x66	x82	x87	x89	x90	x98	x99	1	1.815927e-02
11281.000000	44.904000	0	x3	x7	x35	x36	x54	x66	x87	x89	x99	1	1.805043e-02
6914.000000	86.306000	0	x1	x2	x3	x7	x8	x17	x31	x32	x36	x41	x46	x51	x53	x54	x58	x66	x68	x82	x87	x89	x90	x98	x99	1	1.792186e-02
9542.000000	56.746000	0	x3	x7	x17	x31	x32	x35	x36	x51	x53	x54	x66	x87	x89	x99	1	1.782244e-02
5818.000000	105.981000	0	x2	x3	x8	x17	x29	x31	x32	x35	x36	x41	x46	x51	x53	x54	x58	x59	x60	x68	x73	x82	x87	x89	x90	x98	x99	1	1.754424e-02
5312.000000	117.886000	0	x2	x3	x8	x9	x17	x29	x31	x32	x35	x36	x41	x42	x46	x53	x54	x58	x59	x60	x62	x73	x82	x87	x89	x90	x98	x99	1	1.754019e-02
7654.000000	76.690000	0	x3	x7	x17	x31	x32	x35	x36	x41	x46	x51	x53	x54	x66	x73	x82	x87	x89	x90	x98	x99	1	1.751453e-02
8698.000000	65.028000	0	x3	x7	x10	x17	x31	x32	x35	x36	x41	x46	x51	x53	x54	x63	x66	x87	x89	x99	1	1.749382e-02
9352.000000	58.323000	0	x3	x7	x10	x17	x31	x32	x35	x36	x46	x53	x54	x66	x87	x89	x99	1	1.747434e-02
6610.000000	90.073000	0	x1	x2	x3	x7	x8	x17	x31	x32	x36	x41	x46	x51	x53	x54	x58	x66	x68	x73	x82	x87	x89	x90	x98	x99	1	1.741569e-02
5252.000000	120.985000	0	x2	x3	x8	x9	x17	x29	x32	x35	x36	x41	x42	x46	x53	x54	x58	x59	x60	x62	x73	x82	x87	x89	x90	x97	x98	x99	1	1.730298e-02
10716.000000	47.134000	0	x3	x7	x34	x36	x51	x53	x54	x73	x87	x99	1	1.715263e-02
5658.000000	108.810000	0	x1	x2	x3	x7	x8	x17	x29	x31	x32	x36	x41	x46	x51	x53	x54	x58	x59	x60	x62	x73	x82	x87	x89	x90	x98	x99	1	1.692530e-02
6060.000000	98.676000	0	x1	x2	x3	x7	x8	x9	x17	x29	x31	x32	x35	x36	x41	x46	x51	x53	x54	x58	x63	x66	x82	x87	x89	x90	x98	x99	1	1.670132e-02
7338.000000	80.181000	0	x3	x7	x10	x17	x31	x32	x36	x41	x46	x51	x53	x54	x58	x66	x73	x80	x82	x87	x89	x90	x98	x99	1	1.654365e-02
6374.000000	93.484000	0	x1	x2	x3	x7	x8	x17	x31	x32	x35	x36	x41	x46	x51	x53	x54	x58	x63	x66	x73	x82	x87	x89	x90	x98	x99	1	1.640788e-02
6318.000000	94.426000	0	x1	x2	x3	x7	x8	x17	x31	x32	x35	x36	x41	x46	x51	x53	x54	x58	x66	x68	x73	x82	x87	x89	x90	x98	x99	1	1.631575e-02
7686.000000	75.516000	0	x2	x3	x7	x10	x17	x31	x32	x36	x41	x46	x51	x53	x54	x58	x66	x73	x82	x87	x89	x90	x99	1	1.614546e-02
7846.000000	73.607000	0	x3	x7	x10	x17	x31	x32	x35	x36	x46	x51	x53	x54	x58	x63	x66	x73	x82	x87	x89	x90	x99	1	1.603664e-02
5558.000000	110.141000	0	x2	x3	x7	x8	x9	x17	x29	x31	x32	x35	x36	x41	x46	x51	x53	x54	x58	x59	x60	x73	x82	x87	x89	x90	x98	x99	1	1.594673e-02
5177.000000	127.096000	0	x2	x3	x8	x9	x17	x29	x32	x35	x36	x42	x46	x53	x54	x58	x59	x60	x62	x71	x73	x80	x81	x82	x87	x89	x90	x98	1	1.586229e-02
7466.000000	78.617000	0	x3	x7	x10	x14	x17	x31	x32	x35	x36	x41	x46	x51	x53	x54	x58	x63	x66	x73	x82	x87	x89	x90	x99	1	1.525210e-02
6114.000000	98.578000	0	x1	x2	x3	x7	x8	x17	x31	x32	x35	x36	x41	x46	x51	x53	x54	x58	x63	x66	x73	x82	x87	x89	x90	x97	x98	x99	1	1.518913e-02
7846.000000	73.607000	0	x3	x7	x10	x17	x31	x32	x35	x36	x46	x51	x53	x54	x58	x63	x66	x73	x82	x87	x89	x90	x99	1	1.503450e-02
9962.000000	53.224000	0	x3	x7	x10	x14	x17	x35	x36	x51	x53	x54	x66	x87	x89	x99	1	1.494328e-02
5850.000000	105.662000	0	x2	x3	x7	x8	x9	x17	x29	x31	x32	x36	x41	x46	x51	x53	x54	x58	x59	x60	x73	x82	x87	x89	x90	x98	x99	1	1.490672e-02
8656.000000	65.391000	0	x3	x7	x10	x17	x31	x32	x35	x36	x46	x53	x54	x66	x73	x87	x89	x98	x99	1	1.461610e-02
12999.000000	37.079000	0	x3	x7	x54	x99	1	1.459585e-02
5356.000000	117.002000	0	x2	x3	x7	x8	x9	x17	x29	x32	x35	x36	x41	x42	x46	x53	x54	x58	x59	x60	x62	x73	x82	x87	x89	x90	x98	x99	1	1.445034e-02
11487.000000	43.446000	0	x3	x7	x36	x46	x53	x54	x66	x99	1	1.427788e-02
12747.000000	37.775000	0	x3	x7	x54	x66	x99	1	1.421692e-02
9786.000000	55.207000	0	x3	x7	x10	x17	x35	x36	x51	x53	x54	x66	x72	x87	x89	x99	1	1.399520e-02
7466.000000	78.617000	0	x3	x7	x10	x14	x17	x31	x32	x35	x36	x41	x46	x51	x53	x54	x58	x63	x66	x73	x82	x87	x89	x90	x99	1	1.390556e-02
10272.000000	50.472000	0	x3	x7	x10	x17	x35	x36	x53	x54	x66	x87	x89	x99	1	1.382373e-02
11383.000000	43.736000	0	x3	x7	x35	x36	x51	x53	x54	x99	1	1.379345e-02
7554.000000	77.251000	0	x3	x7	x10	x17	x31	x32	x35	x36	x41	x46	x51	x53	x54	x58	x63	x66	x73	x82	x87	x89	x90	x99	1	1.355101e-02
5586.000000	109.704000	0	x1	x2	x3	x8	x9	x17	x31	x32	x35	x36	x41	x42	x46	x51	x53	x54	x58	x59	x60	x73	x82	x87	x89	x90	x98	x99	1	1.335946e-02
7338.000000	80.181000	0	x3	x7	x10	x17	x31	x32	x36	x41	x46	x51	x53	x54	x58	x66	x73	x80	x82	x87	x89	x90	x98	x99	1	1.329802e-02
12859.000000	37.725000	0	x7	x54	x66	x81	x99	1	1.323080e-02
6282.000000	95.444000	0	x1	x2	x3	x7	x8	x9	x17	x29	x31	x32	x35	x36	x41	x46	x53	x54	x58	x63	x66	x82	x87	x89	x90	x98	x99	1	1.319639e-02
6584.000000	91.055000	0	x1	x2	x3	x7	x8	x17	x31	x32	x36	x41	x45	x46	x51	x53	x54	x58	x66	x68	x73	x82	x87	x89	x90	x98	x99	1	1.319639e-02
6666.000000	88.783000	0	x1	x2	x3	x7	x8	x17	x31	x32	x36	x41	x46	x51	x53	x54	x58	x63	x66	x73	x82	x87	x89	x90	x98	x99	1	1.289207e-02
11305.000000	43.946000	0	x3	x7	x35	x36	x45	x51	x53	x54	x99	1	1.258893e-02
12447.000000	39.479000	0	x3	x7	x40	x54	x66	x99	1	1.245009e-02
7686.000000	75.516000	0	x2	x3	x7	x10	x17	x31	x32	x36	x41	x46	x51	x53	x54	x58	x66	x73	x82	x87	x89	x90	x99	1	1.239144e-02
12043.000000	40.653000	0	x3	x7	x36	x53	x54	x99	1	1.209118e-02
12921.000000	37.289000	0	x3	x7	x45	x54	x99	1	1.204082e-02
12043.000000	40.653000	0	x3	x7	x36	x53	x54	x99	1	1.194189e-02
9782.000000	55.558000	0	x3	x7	x10	x11	x17	x35	x36	x51	x53	x54	x64	x66	x87	x89	x99	1	1.174503e-02
9502.000000	57.457000	0	x3	x7	x10	x17	x35	x36	x51	x53	x54	x58	x66	x73	x87	x89	x99	1	1.149224e-02
6183.000000	97.266000	0	x1	x2	x3	x7	x8	x17	x29	x30	x31	x32	x36	x41	x46	x51	x53	x54	x58	x63	x66	x73	x82	x87	x89	x90	x98	x99	1	1.137213e-02
10272.000000	50.472000	0	x3	x7	x10	x17	x35	x36	x53	x54	x66	x87	x89	x99	1	1.098224e-02
12581.000000	38.530000	0	x3	x7	x36	x45	x54	x99	1	1.090596e-02
7938.000000	72.636000	0	x3	x7	x10	x17	x31	x32	x35	x36	x41	x46	x51	x53	x54	x66	x73	x82	x87	x89	x90	x99	1	1.090327e-02
