# This file contains the data of final feasible population (if found)
# of objectives = 2, # of constraints = 0, # of real_var = 0, # of bits of bin_var = 100, constr_violation, rank, crowding_distance
13527.000000	35.845000	0	x45	x89	x99	1	1.000000e+14
5174.000000	126.898000	0	x2	x3	x8	x9	x17	x27	x29	x32	x35	x36	x41	x42	x46	x53	x54	x58	x59	x62	x70	x71	x73	x82	x87	x89	x90	x98	1	1.000000e+14
10468.000000	48.576000	0	x3	x7	x34	x36	x51	x53	x54	x73	x87	x89	x99	1	3.711707e-02
9418.000000	57.705000	0	x1	x2	x3	x7	x17	x34	x36	x51	x53	x54	x73	x87	x89	x90	x99	1	3.289776e-02
10278.000000	50.153000	0	x3	x7	x10	x34	x36	x46	x53	x54	x73	x87	x89	x99	1	2.979466e-02
6826.000000	86.249000	0	x1	x2	x3	x7	x8	x17	x31	x32	x34	x36	x41	x46	x51	x53	x54	x58	x73	x82	x87	x89	x90	x98	x99	1	2.973957e-02
5323.000000	118.213000	0	x2	x3	x8	x9	x17	x29	x32	x35	x36	x41	x42	x46	x51	x53	x54	x58	x59	x62	x70	x73	x82	x87	x89	x90	x98	x99	1	2.946681e-02
7170.000000	82.280000	0	x1	x2	x3	x7	x17	x31	x32	x34	x36	x41	x46	x51	x53	x54	x58	x63	x73	x81	x87	x89	x90	x98	x99	1	2.920347e-02
5549.000000	111.955000	0	x2	x3	x7	x8	x17	x29	x31	x32	x35	x36	x42	x46	x51	x53	x54	x58	x59	x62	x70	x73	x82	x87	x89	x90	x98	x99	1	2.734062e-02
6686.000000	88.013000	0	x1	x2	x3	x7	x8	x17	x31	x32	x34	x36	x41	x46	x51	x53	x54	x58	x63	x73	x82	x87	x89	x90	x98	x99	1	2.692553e-02
8498.000000	66.208000	0	x1	x2	x3	x7	x17	x31	x32	x34	x36	x46	x51	x53	x54	x73	x87	x89	x90	x99	1	2.691377e-02
7070.000000	83.493000	0	x1	x2	x3	x7	x8	x17	x31	x32	x34	x36	x41	x46	x51	x53	x54	x73	x82	x87	x89	x90	x98	x99	1	2.600640e-02
11297.000000	44.142000	0	x1	x3	x7	x34	x36	x53	x54	x73	x99	1	2.570466e-02
5832.000000	105.256000	0	x1	x2	x3	x7	x8	x9	x17	x29	x31	x32	x35	x36	x40	x41	x46	x51	x53	x54	x58	x82	x87	x89	x90	x97	x98	x99	1	2.449373e-02
12089.000000	40.266000	0	x2	x3	x45	x53	x89	x99	1	2.442420e-02
5415.000000	116.255000	0	x2	x3	x8	x9	x17	x29	x31	x32	x35	x36	x42	x46	x51	x53	x54	x58	x59	x62	x70	x73	x82	x87	x89	x90	x98	x99	1	2.432585e-02
11417.000000	43.197000	0	x3	x23	x34	x36	x53	x54	x73	x99	1	2.410621e-02
5467.000000	113.913000	0	x2	x3	x7	x8	x17	x29	x32	x35	x36	x41	x42	x46	x51	x53	x54	x58	x59	x62	x70	x73	x82	x87	x89	x90	x98	x99	1	2.356682e-02
7270.000000	80.355000	0	x1	x2	x3	x7	x17	x31	x32	x34	x36	x41	x46	x51	x53	x54	x58	x73	x82	x87	x89	x90	x98	x99	1	2.349732e-02
6062.000000	99.013000	0	x1	x2	x3	x7	x8	x17	x31	x32	x34	x35	x36	x46	x51	x53	x54	x58	x59	x63	x73	x81	x82	x87	x89	x90	x98	x99	1	2.335509e-02
9329.000000	59.412000	0	x1	x2	x3	x34	x36	x46	x51	x53	x54	x73	x82	x87	x89	x93	x99	1	2.302015e-02
11636.000000	42.512000	0	x3	x7	x34	x36	x53	x54	x89	x99	1	2.277984e-02
8712.000000	65.257000	0	x2	x3	x7	x31	x32	x34	x36	x41	x46	x51	x53	x54	x58	x87	x89	x90	x99	1	2.234104e-02
13227.000000	36.337000	0	x23	x45	x89	x99	1	2.228804e-02
6170.000000	96.458000	0	x1	x2	x3	x7	x8	x17	x31	x32	x34	x35	x36	x41	x46	x51	x53	x54	x58	x59	x73	x82	x87	x89	x90	x98	x99	1	2.194116e-02
5285.000000	120.204000	0	x2	x3	x8	x9	x17	x27	x29	x32	x35	x36	x41	x42	x46	x53	x54	x58	x59	x62	x70	x73	x82	x87	x89	x90	x98	x99	1	2.186107e-02
11980.000000	40.725000	0	x2	x3	x34	x36	x46	x89	x99	1	2.180638e-02
7734.000000	74.828000	0	x1	x2	x3	x7	x17	x31	x32	x34	x36	x41	x46	x51	x53	x54	x58	x63	x87	x89	x90	x98	x99	1	2.176916e-02
7666.000000	76.273000	0	x2	x3	x7	x17	x31	x32	x34	x36	x41	x46	x51	x53	x54	x73	x82	x87	x89	x90	x98	x99	1	2.167918e-02
6566.000000	90.087000	0	x1	x2	x3	x7	x8	x17	x31	x32	x34	x36	x41	x46	x51	x53	x54	x58	x73	x81	x82	x87	x89	x90	x98	x99	1	2.135622e-02
9612.000000	56.506000	0	x3	x7	x34	x36	x51	x53	x54	x73	x81	x82	x87	x89	x90	x99	1	2.117412e-02
10658.000000	47.536000	0	x3	x23	x34	x36	x53	x54	x73	x87	x89	x99	1	2.109179e-02
11145.000000	44.913000	0	x3	x7	x34	x36	x46	x53	x54	x73	x99	1	2.098465e-02
5618.000000	108.950000	0	x1	x2	x3	x7	x8	x17	x29	x31	x32	x35	x36	x41	x46	x51	x53	x54	x58	x59	x62	x73	x82	x87	x89	x90	x98	x99	1	2.097980e-02
9114.000000	60.454000	0	x1	x2	x3	x7	x17	x34	x36	x46	x51	x53	x54	x73	x87	x89	x90	x99	1	2.079144e-02
13371.000000	36.124000	0	x7	x89	x99	1	2.065934e-02
5609.000000	110.482000	0	x2	x3	x7	x8	x17	x29	x31	x32	x35	x36	x41	x46	x51	x53	x54	x58	x62	x70	x71	x73	x82	x87	x89	x90	x98	x99	1	2.063163e-02
6368.000000	93.116000	0	x1	x2	x3	x7	x8	x17	x29	x31	x32	x34	x36	x41	x46	x51	x53	x54	x58	x63	x73	x82	x87	x89	x90	x98	x99	1	2.037204e-02
6293.000000	95.588000	0	x1	x2	x3	x7	x8	x16	x17	x31	x32	x34	x35	x36	x41	x46	x51	x53	x54	x73	x81	x82	x87	x89	x90	x98	x99	1	2.025025e-02
5910.000000	101.034000	0	x1	x2	x3	x7	x8	x17	x31	x32	x34	x35	x36	x41	x46	x51	x53	x54	x58	x59	x73	x81	x82	x87	x89	x90	x98	x99	1	2.019646e-02
9019.000000	61.334000	0	x2	x3	x7	x17	x31	x32	x34	x36	x46	x51	x53	x54	x87	x89	x93	x99	1	1.952215e-02
5684.000000	107.479000	0	x1	x2	x3	x7	x8	x9	x17	x29	x31	x32	x35	x36	x41	x46	x53	x54	x58	x59	x68	x73	x82	x87	x89	x90	x98	x99	1	1.950674e-02
8408.000000	68.260000	0	x3	x7	x31	x32	x34	x36	x41	x46	x51	x53	x54	x58	x73	x82	x87	x89	x90	x99	1	1.948989e-02
7331.000000	79.756000	0	x1	x2	x3	x7	x17	x31	x32	x34	x36	x46	x51	x53	x54	x58	x73	x82	x87	x89	x90	x93	x98	x99	1	1.918732e-02
9248.000000	60.044000	0	x3	x7	x31	x32	x34	x36	x41	x46	x51	x53	x54	x73	x87	x89	x99	1	1.859157e-02
6668.000000	89.430000	0	x1	x2	x3	x7	x8	x17	x29	x31	x32	x34	x36	x41	x46	x51	x53	x54	x58	x63	x73	x87	x89	x90	x98	x99	1	1.857202e-02
6978.000000	84.923000	0	x2	x3	x7	x8	x17	x31	x32	x34	x36	x41	x46	x51	x53	x54	x58	x73	x82	x87	x89	x90	x98	x99	1	1.806689e-02
6518.000000	91.684000	0	x1	x2	x3	x7	x8	x17	x31	x32	x34	x35	x36	x41	x46	x51	x53	x54	x73	x81	x82	x87	x89	x90	x98	x99	1	1.806689e-02
6314.000000	94.340000	0	x1	x2	x3	x7	x8	x9	x17	x31	x32	x34	x36	x41	x46	x51	x53	x54	x58	x63	x64	x73	x82	x87	x89	x90	x98	x99	1	1.806392e-02
5239.000000	121.965000	0	x2	x3	x8	x9	x17	x29	x32	x35	x36	x41	x42	x46	x53	x54	x58	x59	x62	x70	x71	x73	x82	x87	x89	x90	x98	x99	1	1.794577e-02
5223.000000	124.372000	0	x2	x3	x8	x9	x17	x27	x29	x32	x35	x36	x41	x42	x46	x53	x54	x59	x62	x70	x71	x73	x82	x87	x89	x90	x98	x99	1	1.777161e-02
12284.000000	39.591000	0	x2	x3	x34	x36	x89	x99	1	1.761906e-02
7470.000000	79.041000	0	x1	x2	x3	x7	x17	x31	x32	x34	x36	x41	x46	x51	x53	x54	x58	x63	x72	x87	x89	x90	x98	x99	1	1.748768e-02
12500.000000	38.737000	0	x3	x7	x34	x36	x89	x99	1	1.734450e-02
6108.000000	97.567000	0	x1	x2	x3	x7	x8	x17	x29	x31	x32	x34	x36	x41	x46	x51	x53	x54	x58	x63	x73	x81	x82	x87	x89	x90	x98	x99	1	1.733641e-02
10897.000000	46.355000	0	x3	x7	x34	x36	x46	x53	x54	x73	x89	x99	1	1.733170e-02
7974.000000	72.320000	0	x3	x7	x17	x31	x32	x34	x36	x41	x46	x51	x53	x54	x58	x63	x73	x82	x87	x89	x90	x99	1	1.704899e-02
12500.000000	38.737000	0	x3	x7	x34	x36	x89	x99	1	1.696062e-02
11590.000000	42.946000	0	x2	x3	x34	x36	x45	x53	x89	x99	1	1.687061e-02
6426.000000	91.851000	0	x1	x2	x3	x7	x8	x17	x31	x32	x34	x36	x41	x46	x51	x53	x54	x58	x63	x73	x81	x82	x87	x89	x90	x98	x99	1	1.684236e-02
5212.000000	124.907000	0	x2	x3	x8	x9	x17	x29	x32	x35	x36	x41	x42	x46	x51	x53	x54	x58	x59	x62	x70	x71	x73	x82	x87	x89	x90	x98	1	1.680412e-02
10868.000000	47.128000	0	x3	x7	x45	x51	x53	x54	x73	x87	x89	x99	1	1.678380e-02
12927.000000	37.332000	0	x3	x7	x64	x89	x99	1	1.668605e-02
12705.000000	37.933000	0	x2	x3	x45	x89	x99	1	1.668605e-02
8462.000000	67.433000	0	x3	x7	x10	x17	x31	x32	x34	x36	x41	x46	x51	x53	x54	x58	x63	x73	x87	x89	x99	1	1.665545e-02
12872.000000	37.782000	0	x7	x34	x36	x89	x99	1	1.658891e-02
11818.000000	41.283000	0	x3	x23	x34	x36	x53	x54	x99	1	1.644593e-02
6930.000000	85.257000	0	x1	x2	x3	x7	x8	x17	x31	x32	x34	x36	x41	x46	x51	x53	x54	x63	x73	x82	x87	x89	x90	x98	x99	1	1.638000e-02
7562.000000	76.901000	0	x1	x2	x3	x7	x17	x31	x32	x34	x36	x46	x51	x53	x54	x58	x73	x82	x87	x89	x90	x98	x99	1	1.638000e-02
8904.000000	62.346000	0	x1	x2	x3	x7	x17	x31	x34	x36	x46	x51	x53	x54	x73	x87	x89	x90	x99	1	1.613163e-02
5897.000000	103.030000	0	x1	x2	x3	x7	x8	x17	x29	x31	x32	x34	x36	x41	x46	x51	x53	x54	x58	x59	x73	x81	x82	x87	x89	x90	x98	x99	1	1.611447e-02
5455.000000	115.222000	0	x2	x3	x7	x8	x17	x29	x32	x35	x36	x41	x42	x46	x51	x53	x54	x58	x59	x62	x73	x82	x87	x89	x90	x93	x98	x99	1	1.597330e-02
9785.000000	55.246000	0	x1	x3	x7	x34	x36	x46	x53	x54	x73	x87	x89	x91	x93	x99	1	1.551811e-02
12284.000000	39.591000	0	x2	x3	x34	x36	x89	x99	1	1.537909e-02
11037.000000	45.814000	0	x3	x7	x10	x34	x36	x46	x53	x54	x73	x99	1	1.511110e-02
8715.000000	64.505000	0	x2	x3	x7	x17	x31	x32	x34	x36	x46	x51	x53	x54	x73	x87	x89	x93	x99	1	1.478418e-02
9886.000000	53.992000	0	x2	x3	x7	x34	x36	x46	x53	x54	x73	x76	x87	x89	x99	1	1.457093e-02
9660.000000	55.438000	0	x3	x7	x17	x31	x34	x36	x46	x51	x53	x54	x73	x87	x89	x99	1	1.429716e-02
8206.000000	69.662000	0	x1	x2	x3	x7	x17	x31	x32	x34	x36	x41	x46	x51	x53	x54	x73	x87	x89	x90	x99	1	1.402238e-02
11818.000000	41.283000	0	x3	x23	x34	x36	x53	x54	x99	1	1.395844e-02
5811.000000	106.553000	0	x2	x3	x5	x7	x8	x17	x29	x31	x32	x36	x41	x42	x46	x51	x53	x54	x58	x62	x70	x73	x82	x87	x89	x90	x98	x99	1	1.358792e-02
8263.000000	68.813000	0	x1	x2	x3	x7	x17	x31	x32	x34	x36	x46	x51	x53	x54	x73	x82	x87	x89	x93	x99	1	1.334164e-02
8168.000000	70.331000	0	x1	x2	x3	x7	x31	x32	x34	x36	x41	x46	x51	x53	x54	x58	x87	x89	x90	x98	x99	1	1.322560e-02
10056.000000	52.226000	0	x3	x7	x10	x34	x36	x46	x51	x53	x54	x73	x87	x89	x99	1	1.319988e-02
9882.000000	55.032000	0	x2	x3	x7	x17	x36	x45	x53	x54	x73	x87	x89	x97	x99	1	1.293183e-02
8850.000000	64.069000	0	x1	x2	x3	x7	x14	x17	x31	x34	x36	x46	x51	x53	x54	x73	x87	x89	x90	x99	1	1.269389e-02
5766.000000	107.011000	0	x1	x2	x3	x7	x8	x9	x17	x29	x31	x32	x35	x36	x41	x46	x51	x53	x58	x59	x63	x73	x82	x87	x89	x90	x98	x99	1	1.268701e-02
13077.000000	36.978000	0	x2	x45	x89	x99	1	1.249874e-02
8954.000000	62.265000	0	x3	x7	x17	x31	x32	x34	x36	x41	x46	x51	x53	x54	x73	x87	x89	x99	1	1.244096e-02
5273.000000	121.649000	0	x2	x3	x8	x9	x17	x27	x29	x32	x35	x36	x41	x46	x53	x54	x58	x59	x62	x70	x71	x73	x82	x87	x89	x90	x98	x99	1	1.242369e-02
7514.000000	77.599000	0	x1	x2	x3	x7	x17	x31	x32	x34	x36	x41	x46	x51	x53	x54	x73	x82	x87	x89	x90	x98	x99	1	1.201737e-02
9968.000000	53.316000	0	x2	x3	x7	x34	x36	x51	x53	x54	x73	x76	x87	x89	x99	1	1.198907e-02
5897.000000	103.030000	0	x1	x2	x3	x7	x8	x17	x29	x31	x32	x34	x36	x41	x46	x51	x53	x54	x58	x59	x73	x81	x82	x87	x89	x90	x98	x99	1	1.173881e-02
5910.000000	101.034000	0	x1	x2	x3	x7	x8	x17	x31	x32	x34	x35	x36	x41	x46	x51	x53	x54	x58	x59	x73	x81	x82	x87	x89	x90	x98	x99	1	1.173881e-02
8110.000000	71.024000	0	x3	x7	x17	x31	x32	x34	x35	x36	x41	x51	x53	x54	x73	x81	x82	x87	x89	x90	x99	1	1.158690e-02
10137.000000	52.141000	0	x3	x7	x34	x36	x51	x53	x54	x67	x73	x87	x89	x93	x99	1	1.141241e-02
11090.000000	45.707000	0	x3	x7	x45	x53	x54	x73	x87	x89	x99	1	1.141241e-02
10014.000000	53.204000	0	x3	x7	x10	x34	x36	x46	x53	x54	x72	x73	x87	x89	x99	1	1.125309e-02
8068.000000	72.074000	0	x1	x2	x3	x31	x32	x34	x36	x41	x46	x51	x53	x54	x58	x80	x87	x89	x90	x98	x99	1	1.094790e-02
13077.000000	36.978000	0	x2	x45	x89	x99	1	1.092273e-02
