# This file contains the data of final feasible population (if found)
# of objectives = 2, # of constraints = 0, # of real_var = 0, # of bits of bin_var = 100, constr_violation, rank, crowding_distance
5141.000000	127.676000	0	x2	x3	x8	x9	x17	x27	x29	x32	x35	x36	x41	x42	x46	x53	x54	x58	x59	x60	x62	x71	x73	x82	x87	x89	x90	x98	1	1.000000e+14
13706.000000	35.845000	0	x34	x54	1	1.000000e+14
8280.000000	68.881000	0	x1	x2	x3	x7	x17	x31	x32	x34	x36	x46	x53	x54	x63	x73	x82	x87	x89	x90	x99	1	4.607861e-02
8498.000000	66.208000	0	x1	x2	x3	x7	x17	x31	x32	x34	x36	x46	x51	x53	x54	x73	x87	x89	x90	x99	1	3.545370e-02
5618.000000	108.950000	0	x1	x2	x3	x7	x8	x17	x29	x31	x32	x35	x36	x41	x46	x51	x53	x54	x58	x59	x62	x73	x82	x87	x89	x90	x98	x99	1	3.136270e-02
5206.000000	122.834000	0	x2	x3	x8	x9	x17	x29	x32	x35	x36	x41	x42	x46	x53	x54	x58	x59	x60	x62	x71	x73	x82	x87	x89	x90	x98	x99	1	3.026997e-02
5190.000000	125.153000	0	x2	x3	x8	x9	x17	x29	x32	x35	x36	x41	x42	x46	x53	x54	x59	x60	x62	x71	x73	x82	x87	x89	x90	x97	x98	x99	1	3.015816e-02
9556.000000	56.161000	0	x3	x7	x10	x17	x31	x34	x35	x36	x51	x53	x54	x73	x87	x89	x99	1	2.928117e-02
6526.000000	90.698000	0	x1	x2	x3	x7	x8	x9	x17	x31	x32	x34	x36	x41	x46	x51	x53	x54	x58	x73	x82	x87	x89	x90	x98	x99	1	2.749005e-02
5365.000000	116.948000	0	x2	x3	x8	x16	x17	x29	x32	x35	x36	x41	x42	x46	x51	x53	x54	x58	x59	x60	x62	x73	x82	x87	x89	x90	x98	x99	1	2.700153e-02
10938.000000	45.713000	0	x3	x7	x34	x36	x53	x54	x73	x87	x99	1	2.660520e-02
12405.000000	39.242000	0	x3	x7	x34	x54	x73	x99	1	2.660520e-02
11661.000000	42.612000	0	x3	x7	x34	x46	x54	x63	x73	x82	x99	1	2.575632e-02
7130.000000	82.119000	0	x1	x2	x3	x7	x17	x31	x32	x34	x36	x41	x46	x51	x53	x54	x58	x63	x73	x82	x87	x89	x90	x98	x99	1	2.561598e-02
5289.000000	120.655000	0	x2	x3	x8	x17	x27	x29	x31	x32	x35	x36	x41	x42	x46	x53	x54	x58	x59	x62	x71	x73	x82	x87	x89	x90	x98	x99	1	2.533251e-02
11449.000000	42.816000	0	x3	x7	x34	x36	x53	x54	x73	x99	1	2.469716e-02
5290.000000	119.082000	0	x2	x3	x8	x9	x17	x29	x32	x35	x36	x41	x42	x46	x51	x53	x54	x58	x59	x60	x62	x73	x82	x87	x89	x90	x98	x99	1	2.462048e-02
9764.000000	54.937000	0	x3	x7	x10	x34	x36	x51	x53	x54	x73	x82	x87	x89	x90	x99	1	2.455571e-02
9984.000000	52.374000	0	x3	x7	x10	x17	x34	x36	x46	x53	x54	x73	x87	x89	x99	1	2.446179e-02
8658.000000	64.677000	0	x3	x7	x17	x31	x32	x34	x35	x36	x46	x51	x53	x54	x73	x87	x89	x90	x99	1	2.438411e-02
5852.000000	102.194000	0	x1	x2	x3	x7	x8	x17	x29	x31	x32	x34	x35	x36	x41	x46	x51	x53	x54	x58	x59	x73	x82	x87	x89	x90	x98	x99	1	2.434094e-02
8106.000000	70.468000	0	x1	x2	x3	x7	x17	x31	x32	x34	x36	x46	x51	x53	x54	x73	x87	x89	x90	x98	x99	1	2.424676e-02
11821.000000	42.074000	0	x3	x7	x36	x51	x53	x54	x99	1	2.396582e-02
6678.000000	89.372000	0	x2	x3	x7	x8	x9	x17	x31	x32	x34	x36	x41	x46	x51	x53	x54	x58	x73	x82	x87	x89	x90	x98	x99	1	2.395958e-02
12196.000000	39.871000	0	x3	x7	x34	x36	x46	x54	x99	1	2.392103e-02
5770.000000	104.262000	0	x1	x2	x3	x7	x8	x9	x17	x29	x31	x32	x35	x36	x41	x46	x51	x53	x54	x58	x60	x73	x82	x87	x89	x90	x98	x99	1	2.356705e-02
11957.000000	41.384000	0	x3	x7	x10	x34	x36	x54	x73	x99	1	2.290667e-02
5408.000000	115.388000	0	x2	x3	x8	x9	x17	x31	x32	x35	x36	x41	x42	x46	x51	x53	x54	x58	x59	x60	x62	x73	x82	x87	x89	x90	x98	x99	1	2.222140e-02
7048.000000	84.176000	0	x1	x2	x3	x7	x8	x17	x31	x32	x34	x36	x41	x46	x53	x54	x58	x73	x82	x87	x89	x90	x98	x99	1	2.215860e-02
12927.000000	37.332000	0	x3	x7	x54	x64	x99	1	2.194884e-02
5916.000000	100.470000	0	x1	x2	x3	x7	x8	x9	x17	x29	x31	x32	x34	x35	x36	x41	x46	x51	x53	x54	x58	x73	x82	x87	x89	x90	x98	x99	1	2.161659e-02
13371.000000	36.124000	0	x7	x54	x99	1	2.133537e-02
12536.000000	38.630000	0	x3	x7	x34	x46	x54	x99	1	2.116602e-02
7662.000000	75.400000	0	x1	x2	x3	x7	x17	x31	x32	x34	x36	x41	x46	x51	x53	x54	x58	x73	x82	x87	x89	x90	x99	1	2.110158e-02
13455.000000	36.098000	0	x45	x54	x64	x99	1	2.107543e-02
9958.000000	54.529000	0	x3	x5	x7	x10	x34	x36	x41	x51	x53	x54	x73	x87	x89	x99	1	2.104909e-02
7462.000000	78.538000	0	x1	x2	x3	x7	x8	x17	x31	x32	x34	x36	x41	x46	x51	x53	x54	x73	x82	x87	x89	x90	x99	1	2.082288e-02
7814.000000	73.710000	0	x1	x2	x3	x7	x17	x31	x32	x34	x36	x46	x51	x53	x54	x58	x63	x73	x82	x87	x89	x90	x99	1	2.070540e-02
10360.000000	49.477000	0	x3	x7	x10	x34	x36	x51	x53	x54	x73	x87	x89	x99	1	2.063142e-02
11145.000000	44.913000	0	x3	x7	x34	x36	x46	x53	x54	x73	x99	1	2.060515e-02
5454.000000	113.821000	0	x2	x3	x8	x9	x17	x27	x29	x31	x32	x35	x36	x41	x46	x51	x53	x54	x58	x59	x60	x73	x82	x87	x89	x90	x98	x99	1	2.039285e-02
6462.000000	92.105000	0	x1	x2	x3	x7	x8	x17	x31	x32	x34	x36	x41	x46	x51	x53	x54	x58	x59	x73	x82	x87	x89	x90	x98	x99	1	2.001722e-02
6064.000000	98.813000	0	x1	x2	x3	x4	x7	x8	x17	x29	x31	x32	x34	x35	x36	x41	x46	x51	x53	x54	x58	x73	x82	x87	x89	x90	x98	x99	1	1.990339e-02
9132.000000	60.756000	0	x2	x3	x7	x10	x31	x32	x34	x36	x46	x51	x53	x54	x73	x87	x89	x99	1	1.982155e-02
8794.000000	63.402000	0	x1	x2	x3	x7	x17	x31	x32	x34	x36	x46	x51	x53	x54	x73	x87	x89	x99	1	1.976401e-02
6358.000000	93.946000	0	x1	x2	x3	x7	x8	x17	x31	x32	x34	x35	x36	x41	x45	x46	x51	x53	x54	x58	x63	x73	x82	x87	x89	x90	x98	x99	1	1.955835e-02
5546.000000	111.062000	0	x1	x2	x3	x7	x8	x17	x29	x31	x32	x35	x36	x41	x42	x46	x53	x54	x58	x59	x62	x73	x82	x87	x89	x90	x98	x99	1	1.922531e-02
10092.000000	51.473000	0	x3	x7	x17	x34	x36	x46	x53	x54	x73	x87	x89	x99	1	1.918676e-02
5700.000000	106.953000	0	x1	x2	x3	x6	x7	x8	x17	x29	x31	x32	x35	x36	x41	x46	x53	x54	x58	x59	x60	x73	x82	x87	x89	x90	x98	x99	1	1.873831e-02
10234.000000	50.578000	0	x1	x3	x7	x34	x36	x46	x53	x54	x73	x87	x89	x99	1	1.853658e-02
12691.000000	38.421000	0	x3	x7	x54	x93	x99	1	1.808164e-02
6870.000000	85.954000	0	x1	x3	x7	x8	x17	x31	x32	x34	x36	x41	x46	x51	x53	x54	x58	x73	x80	x82	x87	x89	x90	x98	x99	1	1.807501e-02
7270.000000	80.355000	0	x1	x2	x3	x7	x17	x31	x32	x34	x36	x41	x46	x51	x53	x54	x58	x73	x82	x87	x89	x90	x98	x99	1	1.807501e-02
9016.000000	61.723000	0	x3	x7	x10	x17	x31	x34	x35	x36	x51	x53	x54	x58	x73	x87	x89	x90	x99	1	1.804526e-02
11297.000000	44.142000	0	x1	x3	x7	x34	x36	x53	x54	x73	x99	1	1.795388e-02
6280.000000	95.329000	0	x1	x2	x3	x6	x7	x8	x17	x29	x31	x32	x34	x36	x41	x46	x51	x53	x54	x58	x73	x82	x87	x89	x90	x98	x99	1	1.786693e-02
6795.000000	87.767000	0	x1	x3	x7	x8	x10	x17	x31	x32	x34	x36	x41	x46	x51	x53	x54	x58	x73	x80	x82	x87	x89	x90	x98	x99	1	1.777740e-02
7218.000000	81.294000	0	x1	x2	x3	x7	x8	x17	x31	x32	x34	x36	x41	x46	x51	x53	x54	x58	x73	x82	x87	x89	x90	x99	1	1.777740e-02
5988.000000	99.682000	0	x1	x2	x3	x6	x7	x8	x17	x29	x31	x32	x34	x35	x36	x41	x46	x51	x53	x54	x58	x73	x82	x87	x89	x90	x98	x99	1	1.766182e-02
7976.000000	73.011000	0	x1	x2	x3	x7	x8	x17	x31	x32	x34	x36	x46	x53	x54	x73	x82	x87	x89	x90	x99	1	1.764420e-02
8058.000000	70.954000	0	x1	x2	x3	x7	x17	x31	x32	x34	x36	x46	x51	x53	x54	x63	x73	x82	x87	x89	x90	x99	1	1.705391e-02
5546.000000	111.062000	0	x1	x2	x3	x7	x8	x17	x29	x31	x32	x35	x36	x41	x42	x46	x53	x54	x58	x59	x62	x73	x82	x87	x89	x90	x98	x99	1	1.687008e-02
9176.000000	59.798000	0	x3	x7	x17	x31	x32	x34	x35	x36	x46	x53	x54	x73	x87	x89	x99	1	1.675788e-02
9476.000000	57.227000	0	x3	x7	x17	x31	x32	x34	x36	x46	x53	x54	x73	x87	x89	x99	1	1.646279e-02
11090.000000	45.707000	0	x3	x7	x45	x53	x54	x73	x87	x89	x99	1	1.643989e-02
10750.000000	46.948000	0	x3	x7	x36	x45	x53	x54	x73	x87	x89	x99	1	1.634346e-02
13155.000000	36.800000	0	x3	x45	x54	x99	1	1.629013e-02
13155.000000	36.800000	0	x3	x45	x54	x99	1	1.620661e-02
6452.000000	93.581000	0	x1	x2	x3	x7	x8	x9	x17	x29	x31	x32	x34	x35	x36	x46	x51	x53	x54	x73	x82	x87	x89	x90	x98	x99	1	1.609507e-02
11341.000000	43.717000	0	x3	x7	x10	x34	x36	x53	x54	x73	x99	1	1.609311e-02
5828.000000	103.997000	0	x1	x2	x3	x7	x8	x9	x17	x27	x31	x32	x35	x36	x41	x46	x51	x53	x54	x58	x60	x73	x82	x87	x89	x90	x98	x99	1	1.604674e-02
7988.000000	72.335000	0	x1	x2	x3	x7	x17	x31	x32	x34	x36	x41	x46	x53	x54	x63	x73	x82	x87	x89	x90	x99	1	1.598685e-02
10644.000000	47.934000	0	x3	x7	x17	x34	x36	x53	x54	x73	x87	x99	1	1.584018e-02
5700.000000	106.953000	0	x1	x2	x3	x6	x7	x8	x17	x29	x31	x32	x35	x36	x41	x46	x53	x54	x58	x59	x60	x73	x82	x87	x89	x90	x98	x99	1	1.566016e-02
6686.000000	88.013000	0	x1	x2	x3	x7	x8	x17	x31	x32	x34	x36	x41	x46	x51	x53	x54	x58	x63	x73	x82	x87	x89	x90	x98	x99	1	1.556900e-02
9316.000000	59.651000	0	x3	x7	x10	x17	x31	x32	x34	x36	x41	x46	x53	x54	x73	x87	x99	1	1.541857e-02
7370.000000	79.604000	0	x1	x2	x3	x7	x8	x17	x31	x32	x34	x36	x46	x51	x53	x54	x58	x63	x73	x82	x87	x89	x90	x99	1	1.502952e-02
7562.000000	76.901000	0	x1	x2	x3	x7	x17	x31	x32	x34	x36	x46	x51	x53	x54	x58	x73	x82	x87	x89	x90	x98	x99	1	1.475082e-02
9418.000000	57.705000	0	x1	x2	x3	x7	x17	x34	x36	x51	x53	x54	x73	x87	x89	x90	x99	1	1.445608e-02
6094.000000	97.163000	0	x1	x2	x3	x7	x8	x9	x17	x31	x32	x34	x35	x36	x41	x46	x51	x53	x54	x58	x63	x73	x82	x87	x89	x90	x98	x99	1	1.441297e-02
6826.000000	86.249000	0	x1	x2	x3	x7	x8	x17	x31	x32	x34	x36	x41	x46	x51	x53	x54	x58	x73	x82	x87	x89	x90	x98	x99	1	1.424968e-02
7562.000000	76.901000	0	x1	x2	x3	x7	x17	x31	x32	x34	x36	x46	x51	x53	x54	x58	x73	x82	x87	x89	x90	x98	x99	1	1.401033e-02
12795.000000	38.086000	0	x3	x35	x54	x99	1	1.396414e-02
12065.000000	40.483000	0	x3	x7	x34	x36	x54	x73	x99	1	1.389465e-02
9840.000000	54.696000	0	x3	x7	x10	x17	x22	x34	x36	x46	x53	x54	x73	x87	x89	x99	1	1.354663e-02
10490.000000	48.695000	0	x3	x7	x36	x45	x53	x54	x73	x81	x87	x89	x99	1	1.341556e-02
10200.000000	51.166000	0	x1	x3	x7	x17	x34	x36	x46	x53	x54	x73	x87	x89	1	1.316263e-02
10582.000000	48.056000	0	x3	x7	x10	x34	x36	x53	x54	x73	x87	x89	x99	1	1.313356e-02
10750.000000	46.948000	0	x3	x7	x36	x45	x53	x54	x73	x87	x89	x99	1	1.291228e-02
8946.000000	62.076000	0	x2	x3	x7	x17	x31	x32	x34	x36	x46	x51	x53	x54	x73	x87	x89	x99	1	1.273614e-02
6187.000000	96.675000	0	x1	x2	x3	x7	x8	x9	x17	x31	x32	x34	x36	x41	x46	x51	x53	x54	x58	x60	x63	x73	x82	x87	x89	x90	x98	x99	1	1.235024e-02
10456.000000	49.169000	0	x3	x7	x17	x36	x45	x53	x54	x73	x87	x89	x99	1	1.184685e-02
12861.000000	37.679000	0	x3	x54	x64	x78	x99	1	1.181115e-02
6978.000000	84.559000	0	x1	x2	x3	x7	x8	x17	x31	x32	x34	x36	x46	x51	x53	x54	x58	x63	x73	x82	x87	x89	x90	x98	x99	1	1.168187e-02
5454.000000	113.821000	0	x2	x3	x8	x9	x17	x27	x29	x31	x32	x35	x36	x41	x46	x51	x53	x54	x58	x59	x60	x73	x82	x87	x89	x90	x98	x99	1	1.121732e-02
8880.000000	62.604000	0	x3	x7	x17	x31	x32	x34	x35	x36	x46	x53	x54	x73	x87	x89	x90	x99	1	1.121048e-02
7434.000000	79.353000	0	x1	x2	x3	x6	x7	x17	x31	x32	x34	x36	x41	x46	x51	x53	x54	x58	x73	x82	x87	x89	x90	x99	1	1.117483e-02
7810.000000	75.034000	0	x1	x2	x3	x7	x17	x31	x32	x34	x36	x46	x51	x53	x58	x73	x82	x87	x89	x90	x98	x99	1	1.098376e-02
12101.000000	40.376000	0	x3	x7	x34	x46	x54	x73	x99	1	1.097961e-02
7754.000000	75.084000	0	x1	x2	x3	x7	x8	x17	x31	x32	x34	x36	x46	x51	x53	x54	x73	x82	x87	x89	x90	x99	1	1.063260e-02
