# This file contains the data of final feasible population (if found)
# of objectives = 2, # of constraints = 0, # of real_var = 0, # of bits of bin_var = 100, constr_violation, rank, crowding_distance
13527.000000	35.845000	0	x45	x89	x99	1	1.000000e+14
5213.000000	125.369000	0	x2	x3	x8	x9	x17	x27	x29	x32	x35	x36	x41	x46	x51	x53	x54	x58	x59	x60	x62	x71	x73	x82	x87	x89	x90	x98	1	1.000000e+14
6155.000000	96.138000	0	x1	x2	x3	x7	x8	x9	x17	x31	x32	x34	x36	x41	x46	x51	x53	x54	x58	x63	x73	x82	x87	x89	x90	x93	x98	x99	1	3.571040e-02
7422.000000	78.665000	0	x1	x2	x3	x7	x17	x31	x32	x34	x36	x46	x51	x53	x54	x58	x63	x73	x82	x87	x89	x90	x98	x99	1	3.006656e-02
10081.000000	51.614000	0	x3	x7	x10	x17	x34	x35	x36	x51	x53	x54	x87	x89	x99	1	2.988315e-02
7270.000000	80.355000	0	x1	x2	x3	x7	x17	x31	x32	x34	x36	x41	x46	x51	x53	x54	x58	x73	x82	x87	x89	x90	x98	x99	1	2.955393e-02
5286.000000	120.568000	0	x2	x3	x8	x9	x17	x27	x29	x32	x35	x36	x41	x46	x53	x54	x58	x59	x60	x62	x73	x81	x82	x87	x89	x90	x98	x99	1	2.908368e-02
5716.000000	106.206000	0	x1	x2	x3	x7	x8	x9	x17	x29	x31	x32	x35	x36	x41	x46	x51	x53	x54	x58	x71	x73	x82	x87	x89	x90	x98	x99	1	2.763156e-02
5580.000000	112.179000	0	x2	x3	x8	x9	x17	x29	x31	x32	x35	x36	x41	x46	x51	x53	x54	x58	x60	x72	x73	x81	x82	x87	x89	x90	x98	x99	1	2.726294e-02
5946.000000	101.493000	0	x1	x2	x3	x7	x8	x9	x17	x31	x32	x34	x35	x36	x41	x46	x51	x53	x54	x58	x60	x73	x82	x87	x89	x90	x93	x98	1	2.660121e-02
8358.000000	67.659000	0	x3	x7	x17	x31	x32	x34	x35	x36	x46	x51	x53	x54	x73	x82	x87	x89	x90	x99	1	2.630441e-02
5977.000000	99.640000	0	x1	x2	x3	x7	x8	x9	x17	x29	x31	x32	x34	x36	x41	x46	x51	x53	x54	x58	x73	x82	x87	x89	x90	x93	x98	x99	1	2.589310e-02
5440.000000	115.629000	0	x2	x3	x8	x9	x17	x27	x29	x32	x34	x35	x36	x41	x46	x53	x54	x58	x59	x60	x62	x73	x82	x87	x89	x90	x98	x99	1	2.583924e-02
6978.000000	84.708000	0	x1	x2	x3	x7	x17	x31	x32	x34	x35	x36	x41	x46	x51	x53	x54	x58	x73	x82	x87	x89	x90	x98	x99	1	2.555460e-02
8189.000000	69.972000	0	x1	x2	x3	x7	x17	x31	x32	x34	x36	x46	x53	x54	x73	x82	x87	x89	x90	x93	x99	1	2.504676e-02
8006.000000	71.316000	0	x3	x7	x10	x17	x31	x32	x34	x35	x36	x46	x51	x53	x54	x58	x73	x82	x87	x89	x90	x99	1	2.492888e-02
8998.000000	61.592000	0	x3	x7	x17	x31	x32	x34	x35	x36	x51	x53	x54	x73	x81	x87	x89	x99	1	2.463586e-02
7126.000000	82.792000	0	x1	x2	x3	x7	x8	x17	x31	x32	x34	x35	x36	x46	x51	x53	x54	x58	x73	x87	x89	x90	x98	x99	1	2.360102e-02
8206.000000	68.985000	0	x1	x3	x7	x17	x31	x32	x34	x35	x36	x46	x51	x53	x54	x73	x82	x87	x89	x90	x99	1	2.308190e-02
12196.000000	39.871000	0	x3	x7	x34	x36	x46	x89	x99	1	2.301379e-02
11155.000000	45.037000	0	x3	x7	x17	x34	x36	x53	x54	x73	x99	1	2.296831e-02
10994.000000	45.595000	0	x3	x7	x34	x35	x36	x51	x53	x54	x89	x99	1	2.287715e-02
13293.000000	36.334000	0	x7	x45	x89	x99	1	2.283118e-02
8914.000000	63.050000	0	x3	x7	x10	x32	x34	x36	x46	x51	x53	x54	x63	x73	x82	x87	x89	x90	x99	1	2.237748e-02
10239.000000	51.296000	0	x3	x7	x10	x32	x34	x36	x53	x54	x73	x89	x98	x99	1	2.211279e-02
13212.000000	36.541000	0	x7	x34	x89	x99	1	2.184192e-02
11242.000000	44.153000	0	x3	x7	x34	x35	x36	x51	x53	x54	x99	1	2.174208e-02
7674.000000	76.202000	0	x1	x2	x3	x7	x8	x17	x31	x32	x34	x36	x41	x46	x51	x53	x54	x87	x89	x90	x98	x99	1	2.169491e-02
12999.000000	37.079000	0	x3	x7	x89	x99	1	2.167825e-02
9944.000000	53.470000	0	x3	x7	x10	x17	x34	x35	x36	x51	x53	x54	x66	x87	x89	x99	1	2.164065e-02
7906.000000	72.644000	0	x1	x2	x3	x7	x17	x31	x32	x34	x36	x41	x46	x51	x53	x54	x73	x82	x87	x89	x90	x99	1	2.141116e-02
5240.000000	122.518000	0	x2	x3	x8	x9	x17	x27	x29	x32	x35	x36	x41	x46	x53	x54	x58	x59	x60	x62	x71	x73	x82	x87	x89	x90	x98	x99	1	2.134484e-02
11449.000000	42.816000	0	x3	x7	x34	x36	x53	x54	x73	x99	1	2.128739e-02
9732.000000	55.262000	0	x3	x14	x17	x31	x34	x35	x36	x51	x53	x54	x73	x87	x89	x99	1	2.128739e-02
6455.000000	91.689000	0	x1	x2	x3	x7	x8	x17	x31	x32	x34	x36	x41	x46	x51	x53	x54	x58	x63	x73	x82	x87	x89	x90	x93	x98	x99	1	2.106967e-02
8794.000000	63.402000	0	x1	x2	x3	x7	x17	x31	x32	x34	x36	x46	x51	x53	x54	x73	x87	x89	x99	1	2.101442e-02
5803.000000	105.143000	0	x1	x2	x3	x7	x8	x9	x17	x31	x32	x35	x36	x41	x46	x51	x53	x54	x58	x71	x73	x82	x87	x89	x90	x93	x98	x99	1	2.047915e-02
11414.000000	43.933000	0	x3	x7	x34	x36	x51	x53	x54	x89	x99	1	1.991615e-02
12500.000000	38.737000	0	x3	x7	x34	x36	x89	x99	1	1.978072e-02
9222.000000	60.007000	0	x3	x7	x10	x17	x34	x35	x36	x51	x53	x54	x58	x73	x82	x87	x89	x99	1	1.977812e-02
9876.000000	54.480000	0	x3	x7	x10	x32	x34	x35	x36	x53	x54	x73	x87	x89	x99	1	1.972247e-02
6092.000000	98.429000	0	x1	x2	x3	x7	x8	x9	x10	x17	x31	x32	x35	x36	x41	x46	x51	x53	x54	x58	x63	x73	x82	x87	x89	x90	x98	x99	1	1.971150e-02
5843.000000	102.960000	0	x1	x2	x3	x7	x8	x9	x17	x29	x31	x32	x35	x36	x41	x46	x51	x53	x54	x58	x60	x82	x87	x89	x90	x93	x98	x99	1	1.967549e-02
5493.000000	113.673000	0	x1	x2	x3	x7	x8	x9	x17	x29	x31	x32	x35	x36	x41	x46	x53	x54	x58	x59	x60	x62	x73	x82	x87	x89	x90	x98	1	1.947084e-02
7754.000000	75.084000	0	x1	x2	x3	x7	x8	x17	x31	x32	x34	x36	x46	x51	x53	x54	x73	x82	x87	x89	x90	x99	1	1.942696e-02
6577.000000	91.594000	0	x1	x2	x3	x7	x8	x9	x17	x29	x31	x32	x34	x36	x41	x46	x51	x53	x54	x58	x82	x87	x89	x93	x98	x99	1	1.912616e-02
9321.000000	59.021000	0	x3	x7	x17	x31	x32	x34	x35	x36	x51	x53	x54	x73	x89	x98	x99	1	1.882716e-02
8500.000000	67.441000	0	x1	x2	x3	x7	x31	x32	x34	x36	x41	x46	x51	x53	x54	x73	x87	x89	x90	x99	1	1.877689e-02
10609.000000	49.044000	0	x3	x7	x34	x35	x36	x41	x46	x53	x54	x89	x99	1	1.841645e-02
7222.000000	81.803000	0	x1	x2	x3	x7	x8	x17	x31	x32	x34	x36	x46	x51	x53	x54	x63	x73	x82	x87	x89	x90	x98	x99	1	1.827164e-02
7514.000000	77.599000	0	x1	x2	x3	x7	x17	x31	x32	x34	x36	x41	x46	x51	x53	x54	x73	x82	x87	x89	x90	x98	x99	1	1.827164e-02
6930.000000	85.257000	0	x1	x2	x3	x7	x8	x17	x31	x32	x34	x36	x41	x46	x51	x53	x54	x63	x73	x82	x87	x89	x90	x98	x99	1	1.774784e-02
8727.000000	64.799000	0	x3	x7	x10	x17	x31	x34	x35	x36	x46	x51	x53	x54	x58	x82	x87	x89	x90	x99	1	1.759544e-02
10739.000000	47.496000	0	x3	x7	x32	x34	x36	x53	x54	x73	x89	x99	1	1.672746e-02
6686.000000	88.013000	0	x1	x2	x3	x7	x8	x17	x31	x32	x34	x36	x41	x46	x51	x53	x54	x58	x63	x73	x82	x87	x89	x90	x98	x99	1	1.666922e-02
10897.000000	46.355000	0	x3	x7	x34	x36	x46	x53	x54	x73	x89	x99	1	1.654704e-02
10687.000000	48.247000	0	x3	x7	x31	x34	x36	x46	x53	x54	x73	x89	x99	1	1.646386e-02
12392.000000	39.638000	0	x3	x7	x10	x34	x36	x89	x99	1	1.619857e-02
6595.000000	89.772000	0	x1	x2	x3	x7	x8	x17	x31	x32	x34	x36	x41	x46	x51	x53	x54	x58	x73	x82	x87	x89	x90	x93	x98	x99	1	1.604568e-02
10842.000000	46.921000	0	x1	x3	x7	x34	x35	x36	x51	x53	x54	x89	x99	1	1.587464e-02
9360.000000	58.122000	0	x3	x7	x10	x17	x32	x34	x35	x36	x51	x53	x54	x73	x87	x89	x99	1	1.572584e-02
5628.000000	108.206000	0	x1	x2	x3	x7	x8	x9	x17	x29	x31	x32	x35	x36	x41	x46	x53	x54	x58	x59	x60	x73	x82	x87	x89	x90	x98	x99	1	1.571965e-02
5346.000000	117.772000	0	x2	x3	x8	x9	x17	x29	x31	x32	x35	x36	x41	x46	x53	x54	x58	x59	x60	x62	x73	x81	x82	x87	x89	x90	x98	x99	1	1.561592e-02
5346.000000	117.772000	0	x2	x3	x8	x9	x17	x29	x31	x32	x35	x36	x41	x46	x53	x54	x58	x59	x60	x62	x73	x81	x82	x87	x89	x90	x98	x99	1	1.557723e-02
6826.000000	86.249000	0	x1	x2	x3	x7	x8	x17	x31	x32	x34	x36	x41	x46	x51	x53	x54	x58	x73	x82	x87	x89	x90	x98	x99	1	1.553993e-02
12065.000000	40.483000	0	x3	x7	x34	x36	x73	x89	x99	1	1.553495e-02
12921.000000	37.289000	0	x3	x7	x45	x89	x99	1	1.533328e-02
6672.000000	89.744000	0	x1	x2	x3	x7	x8	x17	x29	x31	x32	x34	x36	x41	x51	x53	x54	x58	x63	x73	x82	x87	x89	x90	x98	x99	1	1.529688e-02
8552.000000	66.386000	0	x1	x3	x7	x31	x32	x34	x35	x36	x46	x51	x53	x54	x58	x73	x82	x87	x89	x99	1	1.526167e-02
9538.000000	57.323000	0	x3	x7	x10	x17	x32	x34	x35	x36	x51	x53	x54	x66	x87	x89	x99	1	1.516733e-02
6295.000000	94.221000	0	x1	x2	x3	x7	x8	x9	x17	x31	x32	x34	x36	x41	x46	x51	x53	x54	x58	x73	x82	x87	x89	x90	x93	x98	x99	1	1.509681e-02
10495.000000	49.477000	0	x3	x7	x10	x17	x34	x36	x46	x53	x54	x73	x89	x99	1	1.497953e-02
9624.000000	56.557000	0	x3	x7	x34	x35	x36	x51	x53	x54	x58	x73	x82	x87	x89	x99	1	1.491819e-02
10424.000000	49.734000	0	x3	x7	x10	x32	x34	x35	x36	x51	x53	x54	x89	x99	1	1.472032e-02
5842.000000	103.896000	0	x1	x2	x3	x7	x8	x9	x17	x29	x31	x32	x35	x36	x41	x46	x51	x53	x54	x58	x73	x78	x82	x87	x89	x90	x98	x99	1	1.459784e-02
6295.000000	94.221000	0	x1	x2	x3	x7	x8	x9	x17	x31	x32	x34	x36	x41	x46	x51	x53	x54	x58	x73	x82	x87	x89	x90	x93	x98	x99	1	1.459106e-02
6747.000000	87.567000	0	x1	x2	x3	x7	x8	x17	x31	x32	x34	x36	x46	x51	x53	x54	x58	x63	x73	x82	x87	x89	x90	x93	x98	x99	1	1.452663e-02
7806.000000	74.145000	0	x1	x2	x3	x7	x17	x31	x32	x34	x36	x46	x51	x53	x54	x73	x82	x87	x89	x90	x98	x99	1	1.439718e-02
12837.000000	38.080000	0	x7	x45	x73	x89	x99	1	1.423402e-02
11884.000000	41.070000	0	x3	x7	x34	x36	x53	x54	x99	1	1.416370e-02
5456.000000	114.330000	0	x2	x3	x8	x17	x23	x27	x29	x31	x32	x35	x36	x41	x46	x53	x54	x58	x59	x60	x62	x73	x82	x87	x89	x90	x98	x99	1	1.411184e-02
9138.000000	61.051000	0	x3	x7	x10	x17	x31	x32	x34	x35	x36	x51	x53	x54	x73	x81	x87	x99	1	1.400622e-02
9654.000000	55.901000	0	x3	x7	x10	x32	x34	x35	x36	x51	x53	x54	x73	x87	x89	x99	1	1.372777e-02
5283.000000	122.301000	0	x1	x2	x3	x8	x9	x17	x27	x29	x32	x35	x36	x41	x46	x53	x54	x58	x59	x60	x62	x71	x73	x82	x87	x89	x90	x98	1	1.365735e-02
12687.000000	38.716000	0	x3	x7	x57	x89	x99	1	1.364210e-02
8644.000000	66.259000	0	x1	x2	x3	x7	x17	x31	x32	x34	x36	x46	x53	x54	x73	x82	x89	x90	x93	x99	1	1.362424e-02
7967.000000	72.045000	0	x1	x2	x3	x7	x17	x31	x32	x34	x36	x46	x51	x53	x54	x73	x82	x87	x89	x90	x93	x99	1	1.343096e-02
6368.000000	93.116000	0	x1	x2	x3	x7	x8	x17	x29	x31	x32	x34	x36	x41	x46	x51	x53	x54	x58	x63	x73	x82	x87	x89	x90	x98	x99	1	1.320207e-02
8658.000000	65.088000	0	x3	x7	x17	x31	x32	x34	x36	x46	x51	x53	x54	x73	x82	x87	x89	x90	x99	1	1.314582e-02
11636.000000	42.512000	0	x3	x7	x34	x36	x53	x54	x89	x99	1	1.294396e-02
5612.000000	110.073000	0	x1	x2	x3	x8	x9	x17	x29	x31	x32	x35	x36	x41	x46	x51	x53	x54	x58	x71	x73	x81	x82	x87	x89	x90	x98	x99	1	1.272444e-02
12777.000000	38.287000	0	x7	x34	x73	x89	x99	1	1.257305e-02
11636.000000	42.512000	0	x3	x7	x34	x36	x53	x54	x89	x99	1	1.251610e-02
5612.000000	110.073000	0	x1	x2	x3	x8	x9	x17	x29	x31	x32	x35	x36	x41	x46	x51	x53	x54	x58	x71	x73	x81	x82	x87	x89	x90	x98	x99	1	1.235184e-02
5628.000000	108.206000	0	x1	x2	x3	x7	x8	x9	x17	x29	x31	x32	x35	x36	x41	x46	x53	x54	x58	x59	x60	x73	x82	x87	x89	x90	x98	x99	1	1.213242e-02
6824.000000	86.898000	0	x1	x2	x3	x7	x17	x31	x32	x34	x36	x41	x46	x51	x53	x54	x58	x63	x71	x73	x82	x87	x89	x90	x98	x99	1	1.211218e-02
12410.000000	39.275000	0	x2	x3	x7	x34	x89	x99	1	1.152724e-02
7130.000000	82.119000	0	x1	x2	x3	x7	x17	x31	x32	x34	x36	x41	x46	x51	x53	x54	x58	x63	x73	x82	x87	x89	x90	x98	x99	1	1.129705e-02
12080.000000	40.399000	0	x3	x7	x34	x35	x36	x89	x99	1	1.129636e-02
10403.000000	51.122000	0	x3	x7	x34	x35	x36	x50	x51	x53	x54	x87	x89	x99	1	1.083469e-02
