# This file contains the data of final feasible population (if found)
# of objectives = 2, # of constraints = 0, # of real_var = 0, # of bits of bin_var = 100, constr_violation, rank, crowding_distance
5247.000000	122.539000	0	x2	x3	x8	x9	x17	x29	x31	x32	x35	x36	x41	x42	x46	x53	x54	x58	x59	x60	x62	x73	x81	x82	x87	x89	x90	x98	1	1.000000e+14
13527.000000	35.845000	0	x45	x89	x99	1	1.000000e+14
7270.000000	80.355000	0	x1	x2	x3	x7	x17	x31	x32	x34	x36	x41	x46	x51	x53	x54	x58	x73	x82	x87	x89	x90	x98	x99	1	3.244534e-02
9792.000000	54.438000	0	x3	x7	x17	x34	x36	x41	x46	x53	x54	x73	x87	x89	x99	1	2.938153e-02
12921.000000	37.289000	0	x3	x7	x45	x89	x99	1	2.797165e-02
12540.000000	39.159000	0	x2	x3	x30	x45	x89	x99	1	2.768876e-02
5296.000000	120.104000	0	x2	x3	x8	x9	x17	x29	x31	x32	x35	x36	x41	x42	x46	x53	x54	x59	x60	x62	x73	x81	x82	x87	x89	x90	x98	x99	1	2.738555e-02
5558.000000	110.141000	0	x2	x3	x7	x8	x9	x17	x29	x31	x32	x35	x36	x41	x46	x51	x53	x54	x58	x59	x60	x73	x82	x87	x89	x90	x98	x99	1	2.693704e-02
8172.000000	70.146000	0	x2	x3	x7	x10	x17	x31	x32	x34	x36	x41	x46	x53	x54	x73	x82	x87	x89	x90	x99	1	2.612808e-02
10938.000000	45.713000	0	x3	x7	x34	x36	x53	x73	x87	x89	x99	1	2.587716e-02
9228.000000	59.639000	0	x3	x7	x10	x17	x31	x32	x34	x36	x46	x53	x54	x63	x73	x87	x89	x99	1	2.555505e-02
7422.000000	78.665000	0	x1	x2	x3	x7	x17	x31	x32	x34	x36	x46	x51	x53	x54	x58	x63	x73	x82	x87	x89	x90	x98	x99	1	2.536164e-02
6094.000000	97.163000	0	x1	x2	x3	x7	x8	x9	x17	x31	x32	x34	x35	x36	x41	x46	x51	x53	x54	x58	x63	x73	x82	x87	x89	x90	x98	x99	1	2.530237e-02
10768.000000	46.864000	0	x3	x7	x35	x36	x45	x53	x54	x87	x89	x99	1	2.427229e-02
5628.000000	108.206000	0	x1	x2	x3	x7	x8	x9	x17	x29	x31	x32	x35	x36	x41	x46	x53	x54	x58	x59	x60	x73	x82	x87	x89	x90	x98	x99	1	2.392876e-02
6978.000000	84.559000	0	x1	x2	x3	x7	x8	x17	x31	x32	x34	x36	x46	x51	x53	x54	x58	x63	x73	x82	x87	x89	x90	x98	x99	1	2.379393e-02
6860.000000	87.229000	0	x1	x2	x3	x7	x8	x17	x32	x34	x36	x41	x45	x46	x51	x53	x54	x58	x63	x73	x82	x87	x89	x90	x98	x99	1	2.373598e-02
9374.000000	58.389000	0	x2	x3	x7	x10	x34	x36	x46	x53	x54	x73	x82	x87	x89	x90	x99	1	2.367550e-02
7086.000000	83.960000	0	x2	x3	x7	x17	x31	x32	x34	x36	x41	x46	x51	x53	x54	x58	x63	x68	x73	x82	x87	x89	x90	x98	x99	1	2.325123e-02
11449.000000	42.816000	0	x3	x7	x34	x36	x53	x73	x89	x99	1	2.308308e-02
10536.000000	49.286000	0	x3	x7	x17	x23	x34	x36	x53	x54	x87	x89	x99	1	2.291592e-02
5724.000000	105.708000	0	x1	x2	x3	x7	x8	x9	x17	x31	x32	x35	x36	x41	x46	x51	x53	x54	x58	x59	x60	x73	x82	x87	x89	x90	x98	x99	1	2.277979e-02
9984.000000	52.374000	0	x3	x7	x10	x17	x34	x36	x46	x53	x54	x73	x87	x89	x99	1	2.265273e-02
6870.000000	85.824000	0	x2	x3	x7	x8	x10	x17	x31	x32	x34	x36	x41	x46	x51	x53	x54	x58	x73	x82	x87	x89	x90	x98	x99	1	2.252459e-02
5882.000000	102.035000	0	x1	x2	x3	x7	x8	x9	x17	x29	x31	x32	x35	x36	x41	x46	x51	x53	x54	x58	x63	x73	x82	x87	x89	x90	x98	x99	1	2.198445e-02
5337.000000	118.733000	0	x2	x3	x8	x9	x17	x29	x31	x32	x35	x36	x41	x42	x46	x53	x54	x59	x60	x62	x70	x73	x82	x87	x89	x90	x98	x99	1	2.198326e-02
5450.000000	113.890000	0	x2	x3	x7	x8	x9	x17	x29	x31	x32	x35	x36	x41	x46	x53	x54	x58	x59	x60	x62	x73	x82	x87	x89	x90	x98	x99	1	2.178408e-02
5770.000000	104.262000	0	x1	x2	x3	x7	x8	x9	x17	x29	x31	x32	x35	x36	x41	x46	x51	x53	x54	x58	x60	x73	x82	x87	x89	x90	x98	x99	1	2.082766e-02
11884.000000	41.070000	0	x3	x7	x34	x36	x53	x89	x99	1	2.065572e-02
7886.000000	74.601000	0	x1	x2	x3	x7	x17	x34	x36	x41	x46	x51	x53	x54	x58	x73	x82	x87	x89	x90	x98	x99	1	2.063545e-02
5956.000000	100.714000	0	x1	x2	x3	x8	x9	x17	x31	x32	x34	x35	x36	x41	x42	x46	x51	x53	x54	x58	x63	x73	x82	x87	x89	x90	x98	x99	1	2.063488e-02
10582.000000	48.056000	0	x3	x7	x10	x34	x36	x53	x54	x73	x87	x89	x99	1	2.061004e-02
10358.000000	49.684000	0	x3	x7	x36	x46	x53	x54	x66	x73	x87	x89	x99	1	2.058006e-02
6194.000000	95.900000	0	x1	x2	x3	x7	x8	x9	x17	x31	x32	x34	x36	x41	x46	x51	x53	x54	x58	x63	x73	x76	x82	x87	x89	x90	x98	x99	1	2.048795e-02
6030.000000	98.570000	0	x1	x2	x3	x7	x8	x17	x31	x32	x34	x35	x36	x41	x46	x51	x53	x54	x58	x59	x63	x73	x82	x87	x89	x90	x98	x99	1	2.026588e-02
5694.000000	107.416000	0	x2	x3	x6	x7	x8	x9	x17	x29	x31	x32	x35	x36	x41	x46	x51	x53	x54	x58	x60	x73	x82	x87	x89	x90	x98	x99	1	2.020410e-02
9009.000000	61.803000	0	x1	x2	x3	x7	x17	x34	x36	x46	x51	x53	x54	x73	x82	x87	x89	x90	1	1.963946e-02
5816.000000	103.060000	0	x2	x3	x7	x8	x9	x17	x29	x31	x32	x34	x35	x36	x41	x46	x51	x53	x54	x58	x60	x73	x82	x87	x89	x90	x98	x99	1	1.960731e-02
12196.000000	39.871000	0	x3	x7	x34	x36	x46	x89	x99	1	1.945070e-02
12365.000000	39.174000	0	x2	x3	x36	x45	x89	x99	1	1.917789e-02
8464.000000	66.692000	0	x2	x3	x7	x10	x17	x31	x32	x34	x36	x46	x53	x54	x73	x82	x87	x89	x90	x99	1	1.903222e-02
8198.000000	69.190000	0	x1	x2	x3	x7	x17	x31	x32	x34	x36	x46	x51	x53	x54	x73	x82	x87	x89	x90	x99	1	1.892567e-02
5342.000000	116.774000	0	x2	x3	x8	x17	x29	x31	x32	x35	x36	x41	x42	x46	x53	x54	x58	x59	x60	x62	x73	x81	x82	x87	x89	x90	x98	x99	1	1.885863e-02
6478.000000	92.295000	0	x1	x2	x3	x7	x8	x9	x17	x31	x32	x34	x35	x36	x41	x46	x51	x53	x54	x73	x82	x87	x89	x90	x98	x99	1	1.862782e-02
7174.000000	81.694000	0	x2	x3	x7	x10	x17	x31	x32	x34	x36	x41	x46	x51	x53	x54	x58	x63	x73	x82	x87	x89	x90	x98	x99	1	1.862782e-02
7130.000000	82.119000	0	x1	x2	x3	x7	x17	x31	x32	x34	x36	x41	x46	x51	x53	x54	x58	x63	x73	x82	x87	x89	x90	x98	x99	1	1.838296e-02
7706.000000	74.975000	0	x2	x3	x7	x10	x17	x31	x32	x34	x36	x41	x46	x51	x53	x54	x58	x73	x82	x87	x89	x90	x99	1	1.813473e-02
10720.000000	47.639000	0	x3	x7	x10	x36	x53	x54	x73	x87	x89	x99	1	1.810664e-02
11201.000000	44.258000	0	x3	x7	x34	x36	x53	x54	x73	x89	x99	1	1.750552e-02
8542.000000	65.783000	0	x2	x3	x7	x10	x17	x31	x32	x34	x36	x46	x51	x53	x54	x73	x87	x89	x90	x99	1	1.744070e-02
6250.000000	95.244000	0	x1	x2	x3	x8	x9	x17	x31	x32	x34	x35	x36	x41	x46	x51	x53	x54	x58	x63	x73	x82	x87	x89	x90	x98	x99	1	1.730640e-02
8324.000000	68.456000	0	x2	x3	x7	x10	x17	x31	x32	x34	x36	x46	x53	x54	x63	x73	x82	x87	x89	x90	x99	1	1.728121e-02
11789.000000	41.575000	0	x3	x7	x34	x53	x73	x89	x99	1	1.720729e-02
7910.000000	73.533000	0	x1	x2	x3	x7	x17	x31	x32	x34	x36	x41	x46	x51	x53	x58	x73	x82	x87	x89	x90	x99	1	1.717963e-02
12705.000000	37.933000	0	x2	x3	x45	x89	x99	1	1.703462e-02
13293.000000	36.334000	0	x7	x45	x89	x99	1	1.695070e-02
10162.000000	51.821000	0	x3	x7	x17	x34	x36	x41	x46	x53	x54	x87	x89	x99	1	1.691958e-02
8814.000000	63.436000	0	x1	x2	x3	x7	x17	x34	x36	x46	x51	x53	x54	x73	x82	x87	x89	x90	x99	1	1.685928e-02
7566.000000	76.739000	0	x2	x3	x7	x10	x17	x31	x32	x34	x36	x41	x46	x51	x53	x54	x58	x63	x73	x82	x87	x89	x90	x99	1	1.684135e-02
6022.000000	99.923000	0	x1	x2	x3	x7	x8	x9	x17	x29	x31	x32	x35	x36	x41	x46	x51	x53	x54	x58	x73	x82	x87	x89	x90	x98	x99	1	1.683393e-02
13293.000000	36.334000	0	x7	x45	x89	x99	1	1.675769e-02
12705.000000	37.933000	0	x2	x3	x45	x89	x99	1	1.675769e-02
5486.000000	112.057000	0	x2	x3	x7	x8	x9	x17	x29	x31	x32	x35	x36	x41	x42	x46	x53	x54	x58	x59	x60	x73	x82	x87	x89	x90	x98	x99	1	1.659373e-02
7492.000000	78.282000	0	x1	x2	x3	x7	x17	x31	x32	x34	x36	x41	x46	x53	x54	x58	x73	x82	x87	x89	x90	x98	x99	1	1.648200e-02
9170.000000	60.684000	0	x3	x10	x17	x31	x34	x36	x40	x46	x51	x53	x54	x73	x87	x89	x90	x99	1	1.642907e-02
7962.000000	72.418000	0	x1	x2	x3	x7	x17	x31	x32	x34	x36	x41	x46	x51	x53	x54	x58	x73	x87	x89	x90	x99	1	1.631109e-02
9570.000000	56.511000	0	x3	x7	x17	x34	x36	x41	x46	x51	x53	x54	x73	x87	x89	x99	1	1.628214e-02
8632.000000	65.427000	0	x3	x7	x10	x17	x31	x32	x34	x36	x46	x53	x54	x63	x73	x82	x87	x89	x90	x99	1	1.618409e-02
9080.000000	60.938000	0	x2	x3	x7	x10	x17	x34	x36	x46	x53	x54	x73	x82	x87	x89	x90	x99	1	1.617596e-02
8920.000000	62.668000	0	x2	x3	x7	x10	x17	x31	x32	x34	x36	x46	x53	x54	x63	x73	x87	x89	x99	1	1.608539e-02
5422.000000	115.164000	0	x2	x3	x8	x17	x29	x31	x32	x35	x36	x41	x42	x46	x53	x54	x58	x59	x60	x62	x73	x78	x82	x87	x89	x90	x98	x99	1	1.589661e-02
5529.000000	111.840000	0	x1	x2	x3	x7	x8	x9	x17	x29	x31	x32	x35	x36	x41	x42	x46	x53	x54	x58	x59	x60	x73	x82	x87	x89	x90	x98	1	1.539819e-02
11101.000000	45.411000	0	x3	x7	x34	x36	x46	x63	x73	x87	x89	x99	1	1.530005e-02
6622.000000	89.826000	0	x1	x2	x3	x7	x8	x10	x17	x31	x32	x34	x36	x41	x46	x51	x53	x54	x58	x63	x73	x82	x87	x89	x90	x98	x99	1	1.507647e-02
9488.000000	57.055000	0	x2	x3	x7	x17	x34	x36	x46	x53	x54	x73	x87	x89	x90	x99	1	1.501714e-02
6526.000000	90.698000	0	x1	x2	x3	x7	x8	x9	x17	x31	x32	x34	x36	x41	x46	x51	x53	x54	x58	x73	x82	x87	x89	x90	x98	x99	1	1.500766e-02
13077.000000	36.978000	0	x2	x45	x89	x99	1	1.483714e-02
9984.000000	52.374000	0	x3	x7	x10	x17	x34	x36	x46	x53	x54	x73	x87	x89	x99	1	1.478358e-02
9462.000000	57.984000	0	x3	x7	x32	x34	x36	x46	x51	x53	x54	x73	x87	x89	x90	x99	1	1.457779e-02
6658.000000	89.466000	0	x2	x3	x7	x8	x10	x17	x31	x32	x34	x36	x41	x46	x51	x53	x54	x58	x63	x64	x73	x82	x87	x89	x90	x98	x99	1	1.432105e-02
11346.000000	43.750000	0	x2	x3	x7	x10	x34	x36	x53	x89	x99	1	1.427919e-02
9652.000000	55.949000	0	x3	x7	x17	x34	x36	x41	x46	x53	x54	x63	x73	x87	x89	x99	1	1.425041e-02
12278.000000	39.741000	0	x3	x7	x34	x36	x51	x89	x99	1	1.422520e-02
5409.000000	116.217000	0	x2	x3	x8	x9	x17	x23	x29	x31	x32	x35	x36	x41	x42	x46	x53	x54	x59	x62	x70	x73	x82	x87	x89	x90	x98	x99	1	1.411645e-02
6338.000000	94.407000	0	x1	x2	x3	x7	x8	x9	x17	x31	x32	x34	x35	x36	x41	x46	x51	x53	x54	x63	x73	x82	x87	x89	x90	x98	x99	1	1.411617e-02
6386.000000	92.462000	0	x1	x2	x3	x7	x8	x9	x17	x31	x32	x34	x36	x41	x46	x51	x53	x54	x58	x63	x73	x82	x87	x89	x90	x98	x99	1	1.411617e-02
12043.000000	40.653000	0	x3	x7	x36	x53	x89	x99	1	1.411157e-02
8006.000000	71.710000	0	x3	x7	x10	x17	x31	x32	x34	x36	x41	x46	x51	x53	x54	x58	x73	x82	x87	x89	x90	x99	1	1.410748e-02
8730.000000	64.594000	0	x2	x3	x7	x10	x17	x31	x34	x36	x46	x53	x54	x63	x73	x82	x87	x89	x90	x99	1	1.377714e-02
10256.000000	50.887000	0	x3	x7	x17	x34	x36	x53	x54	x63	x73	x87	x89	x99	1	1.364346e-02
7564.000000	77.294000	0	x1	x2	x3	x7	x31	x32	x34	x36	x41	x46	x51	x53	x54	x58	x73	x82	x87	x89	x90	x98	x99	1	1.336772e-02
8406.000000	67.659000	0	x3	x7	x10	x17	x31	x32	x34	x36	x41	x46	x51	x53	x54	x63	x73	x82	x87	x89	x99	1	1.318858e-02
13077.000000	36.978000	0	x2	x45	x89	x99	1	1.313450e-02
10278.000000	50.153000	0	x3	x7	x10	x34	x36	x46	x53	x54	x73	x87	x89	x99	1	1.309762e-02
11621.000000	42.627000	0	x3	x7	x34	x36	x46	x63	x73	x89	x99	1	1.224358e-02
8006.000000	71.710000	0	x3	x7	x10	x17	x31	x32	x34	x36	x41	x46	x51	x53	x54	x58	x73	x82	x87	x89	x90	x99	1	1.167724e-02
12043.000000	40.653000	0	x3	x7	x36	x53	x89	x99	1	1.164414e-02
11078.000000	45.623000	0	x3	x7	x23	x34	x36	x53	x87	x89	x99	1	1.158475e-02
9676.000000	55.150000	0	x2	x3	x7	x10	x17	x34	x36	x46	x53	x54	x73	x87	x89	x99	1	1.128528e-02
9762.000000	55.144000	0	x3	x7	x36	x46	x53	x54	x66	x73	x82	x87	x89	x90	x99	1	1.111123e-02
