# This file contains the data of final feasible population (if found)
# of objectives = 2, # of constraints = 0, # of real_var = 0, # of bits of bin_var = 100, constr_violation, rank, crowding_distance
5129.000000	128.995000	0	x2	x3	x8	x9	x17	x29	x32	x35	x36	x41	x42	x46	x53	x54	x59	x60	x62	x71	x73	x80	x81	x82	x87	x89	x90	x98	1	1.000000e+14
13527.000000	35.845000	0	x45	x54	x99	1	1.000000e+14
5774.000000	104.614000	0	x2	x3	x7	x8	x9	x17	x29	x31	x32	x34	x35	x36	x41	x42	x46	x51	x53	x54	x58	x73	x82	x87	x89	x90	x98	x99	1	3.079692e-02
7722.000000	75.352000	0	x2	x3	x7	x17	x31	x32	x34	x36	x41	x46	x51	x53	x54	x58	x73	x87	x89	x90	x98	x99	1	2.956772e-02
8416.000000	68.273000	0	x1	x2	x3	x7	x9	x17	x31	x32	x34	x36	x46	x53	x54	x73	x82	x87	x89	x99	1	2.876557e-02
8870.000000	63.210000	0	x1	x2	x3	x7	x17	x34	x36	x46	x51	x53	x54	x58	x73	x87	x89	x90	x99	1	2.774733e-02
11668.000000	41.924000	0	x2	x3	x34	x36	x53	x54	x99	1	2.763187e-02
12999.000000	37.079000	0	x3	x7	x54	x99	1	2.751396e-02
12089.000000	40.266000	0	x2	x3	x45	x53	x54	x99	1	2.731370e-02
13239.000000	36.742000	0	x7	x14	x54	x99	1	2.727427e-02
7990.000000	72.278000	0	x1	x2	x3	x7	x17	x31	x32	x34	x36	x46	x51	x53	x54	x58	x72	x73	x87	x89	x90	x99	1	2.717403e-02
6059.000000	98.325000	0	x1	x2	x3	x7	x8	x9	x17	x29	x31	x32	x34	x36	x41	x46	x53	x54	x58	x63	x73	x82	x87	x89	x90	x93	x98	x99	1	2.675820e-02
8714.000000	64.672000	0	x2	x3	x7	x17	x31	x32	x34	x36	x41	x46	x51	x53	x54	x58	x87	x89	x99	1	2.597895e-02
9259.000000	59.333000	0	x2	x3	x7	x17	x31	x32	x34	x36	x46	x51	x53	x54	x87	x89	x99	1	2.588054e-02
5186.000000	125.666000	0	x2	x3	x8	x9	x17	x29	x32	x35	x36	x41	x42	x46	x53	x54	x59	x62	x71	x73	x80	x81	x82	x87	x89	x90	x98	x99	1	2.511620e-02
9133.000000	61.078000	0	x2	x3	x7	x17	x31	x34	x36	x46	x51	x53	x54	x70	x73	x87	x89	x99	1	2.505886e-02
10473.000000	48.609000	0	x2	x3	x7	x34	x36	x51	x53	x54	x87	x89	x99	1	2.493571e-02
6296.000000	95.299000	0	x1	x2	x3	x7	x8	x9	x17	x29	x31	x32	x34	x36	x41	x46	x51	x53	x54	x58	x63	x64	x73	x87	x89	x90	x98	x99	1	2.472853e-02
7570.000000	76.678000	0	x1	x2	x3	x7	x17	x31	x32	x34	x36	x41	x46	x51	x53	x54	x58	x73	x87	x89	x90	x98	x99	1	2.415413e-02
7349.000000	80.193000	0	x1	x2	x3	x7	x17	x30	x31	x32	x34	x36	x41	x46	x51	x53	x54	x73	x82	x87	x89	x90	x98	x99	1	2.411532e-02
11145.000000	44.913000	0	x3	x7	x34	x36	x46	x53	x54	x73	x99	1	2.409144e-02
8119.000000	70.719000	0	x2	x3	x7	x17	x31	x32	x34	x36	x46	x51	x53	x54	x73	x82	x87	x89	x90	x93	x99	1	2.392597e-02
10179.000000	50.830000	0	x2	x3	x7	x17	x34	x36	x51	x53	x54	x87	x89	x99	1	2.362562e-02
6001.000000	100.739000	0	x1	x2	x3	x7	x8	x9	x17	x31	x32	x34	x35	x36	x41	x46	x51	x53	x54	x58	x71	x82	x87	x89	x90	x93	x98	x99	1	2.353217e-02
5447.000000	114.393000	0	x2	x3	x8	x9	x16	x17	x29	x31	x32	x35	x36	x41	x42	x46	x51	x53	x54	x58	x59	x73	x82	x87	x89	x90	x98	x99	1	2.351730e-02
7218.000000	81.294000	0	x1	x2	x3	x7	x8	x17	x31	x32	x34	x36	x41	x46	x51	x53	x54	x58	x73	x82	x87	x89	x90	x99	1	2.337698e-02
6810.000000	87.331000	0	x1	x2	x3	x7	x8	x17	x31	x32	x34	x36	x41	x46	x51	x53	x54	x73	x81	x82	x87	x89	x90	x98	x99	1	2.327888e-02
5583.000000	111.668000	0	x2	x3	x6	x8	x9	x16	x17	x29	x31	x32	x35	x36	x41	x42	x46	x51	x53	x54	x58	x73	x82	x87	x89	x90	x98	x99	1	2.289126e-02
5492.000000	112.559000	0	x2	x3	x8	x9	x17	x23	x29	x31	x32	x35	x36	x41	x42	x46	x51	x53	x54	x58	x59	x73	x82	x87	x89	x90	x98	x99	1	2.272411e-02
11879.000000	41.037000	0	x2	x3	x45	x53	x54	x63	x99	1	2.226025e-02
9959.000000	53.250000	0	x2	x3	x7	x31	x34	x36	x46	x51	x53	x54	x87	x89	x99	1	2.196794e-02
13371.000000	36.124000	0	x7	x54	x99	1	2.196175e-02
6386.000000	92.462000	0	x1	x2	x3	x7	x8	x9	x17	x31	x32	x34	x36	x41	x46	x51	x53	x54	x58	x63	x73	x82	x87	x89	x90	x98	x99	1	2.182968e-02
9857.000000	54.363000	0	x2	x3	x7	x31	x32	x34	x36	x51	x53	x54	x87	x89	x99	1	2.143802e-02
7070.000000	83.493000	0	x1	x2	x3	x7	x8	x17	x31	x32	x34	x36	x41	x46	x51	x53	x54	x73	x82	x87	x89	x90	x98	x99	1	2.143105e-02
5182.000000	127.677000	0	x2	x3	x8	x9	x17	x29	x32	x35	x36	x41	x42	x46	x53	x59	x60	x62	x71	x73	x80	x81	x82	x87	x89	x90	x98	x99	1	2.126269e-02
12659.000000	38.320000	0	x3	x7	x36	x54	x99	1	2.087168e-02
11470.000000	42.695000	0	x2	x3	x34	x36	x53	x54	x63	x99	1	2.084492e-02
5872.000000	103.209000	0	x2	x3	x7	x8	x9	x11	x17	x29	x31	x32	x34	x35	x36	x41	x46	x51	x53	x54	x58	x73	x82	x87	x89	x90	x98	x99	1	2.049048e-02
10798.000000	46.676000	0	x3	x7	x34	x36	x53	x54	x63	x73	x87	x99	1	2.039760e-02
6686.000000	88.013000	0	x1	x2	x3	x7	x8	x17	x31	x32	x34	x36	x41	x46	x51	x53	x54	x58	x63	x73	x82	x87	x89	x90	x98	x99	1	2.027151e-02
6595.000000	89.772000	0	x1	x2	x3	x7	x8	x17	x31	x32	x34	x36	x41	x46	x51	x53	x54	x58	x73	x82	x87	x89	x90	x93	x98	x99	1	1.944087e-02
9786.000000	55.325000	0	x2	x3	x7	x17	x34	x36	x41	x51	x53	x54	x67	x87	x89	x99	1	1.942070e-02
9693.000000	56.162000	0	x1	x2	x3	x7	x34	x36	x46	x53	x54	x73	x89	x90	x98	x99	1	1.941780e-02
8544.000000	66.856000	0	x3	x7	x10	x14	x17	x31	x32	x34	x36	x41	x46	x53	x54	x63	x73	x87	x89	x90	x99	1	1.933075e-02
7874.000000	73.064000	0	x1	x2	x3	x7	x17	x31	x32	x34	x36	x41	x46	x51	x53	x54	x58	x87	x89	x90	x98	x99	1	1.918767e-02
5586.000000	109.337000	0	x1	x2	x3	x7	x8	x9	x17	x29	x31	x32	x35	x36	x41	x42	x46	x53	x54	x58	x59	x73	x82	x87	x89	x90	x98	x99	1	1.912413e-02
8946.000000	62.076000	0	x2	x3	x7	x17	x31	x32	x34	x36	x46	x51	x53	x54	x73	x87	x89	x99	1	1.891193e-02
5682.000000	106.839000	0	x1	x2	x3	x7	x8	x9	x17	x31	x32	x35	x36	x41	x42	x46	x51	x53	x54	x58	x59	x73	x82	x87	x89	x90	x98	x99	1	1.888598e-02
12443.000000	39.174000	0	x2	x3	x36	x54	x99	1	1.850176e-02
10363.000000	50.055000	0	x3	x7	x34	x36	x53	x54	x63	x68	x73	x87	x93	x99	1	1.848505e-02
5382.000000	116.040000	0	x2	x3	x8	x9	x17	x29	x31	x32	x35	x36	x41	x42	x46	x53	x54	x58	x59	x60	x73	x82	x87	x89	x90	x97	x98	x99	1	1.831972e-02
8632.000000	65.410000	0	x3	x7	x10	x17	x31	x32	x34	x36	x41	x46	x53	x54	x63	x73	x87	x89	x90	x99	1	1.774061e-02
10639.000000	47.843000	0	x2	x3	x7	x34	x36	x46	x53	x87	x89	x99	1	1.770624e-02
5682.000000	106.839000	0	x1	x2	x3	x7	x8	x9	x17	x31	x32	x35	x36	x41	x42	x46	x51	x53	x54	x58	x59	x73	x82	x87	x89	x90	x98	x99	1	1.765875e-02
10027.000000	52.156000	0	x1	x2	x3	x7	x17	x34	x36	x51	x53	x54	x87	x89	x99	1	1.757749e-02
6143.000000	97.329000	0	x1	x2	x3	x4	x7	x8	x9	x17	x31	x32	x34	x36	x41	x46	x51	x53	x54	x58	x73	x82	x87	x89	x90	x93	x98	x99	1	1.745478e-02
12549.000000	38.858000	0	x2	x3	x7	x54	x99	1	1.744421e-02
11827.000000	41.507000	0	x2	x3	x36	x53	x54	x99	1	1.732365e-02
8212.000000	70.283000	0	x1	x2	x3	x7	x17	x31	x34	x36	x46	x51	x53	x54	x73	x82	x87	x89	x90	x98	x99	1	1.727344e-02
6978.000000	84.923000	0	x2	x3	x7	x8	x17	x31	x32	x34	x36	x41	x46	x51	x53	x54	x58	x73	x82	x87	x89	x90	x98	x99	1	1.701907e-02
8250.000000	68.954000	0	x3	x7	x10	x17	x31	x32	x34	x36	x41	x46	x51	x53	x54	x73	x82	x87	x89	x90	x99	1	1.701696e-02
5328.000000	118.854000	0	x2	x3	x8	x9	x17	x29	x31	x32	x35	x36	x41	x42	x46	x53	x54	x58	x59	x71	x73	x81	x82	x87	x89	x90	x98	x99	1	1.689081e-02
9069.000000	61.894000	0	x1	x2	x3	x7	x17	x27	x31	x32	x34	x36	x46	x53	x54	x87	x89	x99	1	1.649055e-02
12233.000000	39.875000	0	x3	x7	x45	x53	x54	x64	x99	1	1.644341e-02
5298.000000	121.236000	0	x2	x3	x8	x9	x17	x29	x32	x35	x36	x41	x42	x46	x53	x54	x60	x62	x71	x73	x80	x81	x82	x87	x89	x90	x98	x99	1	1.636348e-02
5238.000000	123.619000	0	x2	x3	x8	x9	x17	x29	x32	x35	x36	x41	x42	x53	x54	x59	x60	x62	x71	x73	x80	x81	x82	x87	x89	x90	x98	x99	1	1.636348e-02
12311.000000	39.665000	0	x3	x7	x53	x54	x64	x99	1	1.626573e-02
7500.000000	78.924000	0	x1	x2	x3	x7	x17	x31	x32	x34	x36	x46	x51	x53	x54	x71	x73	x82	x87	x89	x90	x98	x99	1	1.622348e-02
10938.000000	46.668000	0	x3	x7	x29	x34	x36	x53	x54	x63	x73	x99	1	1.620175e-02
10097.000000	51.506000	0	x2	x3	x7	x17	x34	x36	x46	x53	x54	x87	x89	x99	1	1.616733e-02
7684.000000	76.465000	0	x1	x2	x3	x7	x8	x17	x31	x32	x34	x36	x41	x46	x53	x54	x73	x82	x87	x89	x90	x99	1	1.616733e-02
5328.000000	118.854000	0	x2	x3	x8	x9	x17	x29	x31	x32	x35	x36	x41	x42	x46	x53	x54	x58	x59	x71	x73	x81	x82	x87	x89	x90	x98	x99	1	1.600088e-02
11309.000000	43.779000	0	x3	x7	x34	x36	x53	x54	x63	x73	x99	1	1.585119e-02
7443.000000	79.297000	0	x1	x2	x3	x7	x8	x17	x31	x32	x34	x36	x41	x46	x51	x53	x54	x87	x89	x90	x93	x98	x99	1	1.580183e-02
10687.000000	47.684000	0	x2	x3	x34	x36	x51	x53	x54	x87	x89	x99	1	1.573063e-02
12847.000000	38.275000	0	x1	x3	x7	x54	x99	1	1.548828e-02
12849.000000	37.542000	0	x3	x7	x45	x54	x64	x99	1	1.546953e-02
9400.000000	59.218000	0	x2	x3	x7	x17	x34	x36	x53	x54	x73	x87	x89	x90	x98	x99	1	1.541579e-02
11446.000000	43.345000	0	x2	x3	x34	x36	x51	x53	x54	x99	1	1.540419e-02
9411.000000	57.910000	0	x1	x2	x3	x7	x17	x31	x32	x34	x36	x51	x53	x54	x87	x89	x99	1	1.533251e-02
6684.000000	89.710000	0	x1	x2	x3	x7	x8	x17	x31	x32	x34	x36	x41	x46	x53	x54	x58	x59	x73	x82	x87	x89	x90	x98	x99	1	1.485972e-02
6155.000000	96.138000	0	x1	x2	x3	x7	x8	x9	x17	x31	x32	x34	x36	x41	x46	x51	x53	x54	x58	x63	x73	x82	x87	x89	x90	x93	x98	x99	1	1.478777e-02
5298.000000	121.236000	0	x2	x3	x8	x9	x17	x29	x32	x35	x36	x41	x42	x46	x53	x54	x60	x62	x71	x73	x80	x81	x82	x87	x89	x90	x98	x99	1	1.457197e-02
9481.000000	57.260000	0	x2	x3	x7	x17	x31	x32	x34	x36	x46	x53	x54	x87	x89	x99	1	1.432781e-02
10394.000000	49.771000	0	x2	x3	x7	x34	x36	x41	x53	x54	x87	x89	x99	1	1.431085e-02
5238.000000	123.619000	0	x2	x3	x8	x9	x17	x29	x32	x35	x36	x41	x42	x53	x54	x59	x60	x62	x71	x73	x80	x81	x82	x87	x89	x90	x98	x99	1	1.408363e-02
11078.000000	45.705000	0	x3	x7	x29	x34	x36	x53	x54	x73	x99	1	1.392117e-02
5928.000000	101.256000	0	x2	x3	x7	x8	x9	x17	x29	x31	x32	x34	x35	x36	x41	x46	x51	x53	x54	x58	x63	x73	x82	x87	x89	x90	x98	x99	1	1.382443e-02
5876.000000	101.928000	0	x1	x2	x3	x7	x8	x17	x31	x32	x34	x35	x36	x41	x42	x46	x51	x53	x54	x58	x59	x73	x82	x87	x89	x90	x98	x99	1	1.381722e-02
6490.000000	91.180000	0	x1	x2	x3	x7	x8	x17	x31	x32	x34	x36	x41	x46	x51	x53	x54	x58	x63	x68	x73	x82	x87	x89	x90	x98	x99	1	1.380919e-02
10998.000000	45.876000	0	x2	x3	x7	x34	x36	x46	x54	x87	x89	x99	1	1.350440e-02
7874.000000	73.064000	0	x1	x2	x3	x7	x17	x31	x32	x34	x36	x41	x46	x51	x53	x54	x58	x87	x89	x90	x98	x99	1	1.326878e-02
8550.000000	66.158000	0	x1	x2	x3	x7	x17	x31	x32	x34	x36	x46	x51	x53	x54	x58	x73	x87	x89	x99	1	1.300102e-02
5402.000000	115.942000	0	x2	x3	x8	x9	x17	x29	x31	x32	x35	x36	x41	x42	x46	x53	x54	x58	x62	x73	x80	x81	x82	x87	x89	x90	x98	x99	1	1.271055e-02
5586.000000	109.337000	0	x1	x2	x3	x7	x8	x9	x17	x29	x31	x32	x35	x36	x41	x42	x46	x53	x54	x58	x59	x73	x82	x87	x89	x90	x98	x99	1	1.269069e-02
7130.000000	82.119000	0	x1	x2	x3	x7	x17	x31	x32	x34	x36	x41	x46	x51	x53	x54	x58	x63	x73	x82	x87	x89	x90	x98	x99	1	1.233740e-02
9617.000000	57.068000	0	x1	x2	x3	x7	x17	x34	x36	x53	x54	x63	x68	x73	x87	x93	x99	1	1.184462e-02
6350.000000	93.694000	0	x1	x2	x3	x7	x8	x9	x17	x31	x32	x34	x36	x41	x45	x46	x51	x53	x54	x58	x63	x73	x82	x87	x89	x90	x98	x99	1	1.183019e-02
7126.000000	82.572000	0	x1	x2	x3	x7	x8	x17	x31	x32	x34	x36	x41	x46	x51	x53	x54	x58	x73	x87	x89	x90	x98	x99	1	1.094748e-02
