# This file contains the data of final feasible population (if found)
# of objectives = 2, # of constraints = 0, # of real_var = 0, # of bits of bin_var = 100, constr_violation, rank, crowding_distance
5194.000000	126.169000	0	x2	x3	x8	x9	x17	x29	x32	x35	x36	x41	x42	x46	x53	x58	x59	x60	x62	x71	x73	x81	x82	x87	x89	x90	x98	x99	1	1.000000e+14
13527.000000	35.845000	0	x45	x89	x99	1	1.000000e+14
7998.000000	71.713000	0	x3	x7	x10	x17	x31	x32	x35	x36	x41	x46	x51	x53	x54	x58	x66	x82	x87	x89	x90	x99	1	3.116839e-02
5232.000000	125.345000	0	x2	x3	x8	x9	x17	x29	x32	x35	x36	x41	x46	x53	x58	x59	x60	x62	x71	x73	x80	x81	x82	x87	x89	x90	x98	x99	1	3.099201e-02
8242.000000	68.957000	0	x3	x7	x10	x17	x31	x32	x35	x36	x41	x46	x51	x53	x54	x66	x82	x87	x89	x90	x99	1	3.015893e-02
10791.000000	47.072000	0	x1	x2	x3	x7	x34	x36	x53	x87	x89	x99	1	2.984894e-02
5246.000000	121.134000	0	x2	x3	x8	x17	x29	x32	x35	x36	x41	x42	x46	x53	x54	x58	x59	x60	x62	x71	x73	x81	x82	x87	x89	x90	x98	x99	1	2.865419e-02
7327.000000	81.977000	0	x1	x2	x3	x7	x16	x17	x31	x32	x34	x36	x41	x46	x51	x53	x54	x63	x66	x82	x87	x89	x90	x98	x99	1	2.753158e-02
9840.000000	53.785000	0	x3	x7	x10	x17	x31	x35	x36	x51	x53	x54	x66	x87	x89	x99	1	2.738834e-02
12023.000000	41.009000	0	x3	x7	x10	x53	x66	x89	x99	1	2.727053e-02
7690.000000	75.965000	0	x2	x3	x7	x10	x17	x31	x32	x35	x36	x41	x46	x51	x53	x54	x60	x66	x82	x87	x89	x90	x99	1	2.708270e-02
10242.000000	50.663000	0	x3	x7	x31	x35	x36	x51	x53	x54	x66	x87	x89	x99	1	2.699156e-02
9452.000000	58.098000	0	x3	x7	x10	x14	x17	x31	x35	x36	x51	x53	x54	x66	x82	x87	x89	x99	1	2.692810e-02
10943.000000	45.746000	0	x2	x3	x7	x34	x36	x53	x87	x89	x99	1	2.667089e-02
5524.000000	111.958000	0	x2	x3	x7	x8	x17	x29	x31	x32	x35	x36	x41	x42	x46	x53	x54	x58	x59	x60	x71	x81	x82	x87	x89	x90	x98	x99	1	2.474140e-02
9596.000000	56.541000	0	x3	x7	x10	x17	x31	x35	x36	x51	x53	x54	x58	x66	x87	x89	x99	1	2.454026e-02
6438.000000	92.722000	0	x2	x3	x7	x8	x10	x17	x29	x31	x32	x34	x35	x36	x41	x46	x51	x53	x54	x58	x66	x82	x87	x89	x90	x98	x99	1	2.414268e-02
7074.000000	84.497000	0	x2	x3	x7	x8	x17	x31	x32	x35	x36	x41	x46	x51	x53	x54	x63	x66	x82	x87	x89	x90	x98	x99	1	2.411006e-02
12407.000000	39.016000	0	x3	x7	x36	x66	x89	x99	1	2.334497e-02
5415.000000	116.485000	0	x2	x3	x7	x8	x17	x29	x31	x32	x35	x36	x41	x42	x46	x53	x54	x58	x59	x60	x71	x73	x81	x82	x87	x89	x90	x98	1	2.331143e-02
10306.000000	49.998000	0	x3	x7	x10	x35	x36	x53	x54	x66	x81	x87	x89	x99	1	2.307391e-02
6564.000000	90.757000	0	x2	x3	x7	x8	x10	x17	x29	x31	x32	x34	x35	x36	x41	x46	x51	x53	x54	x58	x82	x87	x89	x90	x98	x99	1	2.297308e-02
11325.000000	43.912000	0	x3	x7	x10	x35	x36	x53	x66	x89	x99	1	2.286297e-02
11185.000000	44.453000	0	x3	x7	x35	x36	x53	x54	x66	x89	x99	1	2.286297e-02
7850.000000	73.715000	0	x2	x3	x7	x10	x17	x31	x32	x35	x36	x41	x46	x51	x53	x54	x66	x87	x89	x90	x98	x99	1	2.277676e-02
9748.000000	55.132000	0	x3	x7	x10	x35	x36	x51	x53	x54	x66	x82	x87	x89	x90	x99	1	2.261584e-02
12276.000000	40.029000	0	x3	x7	x27	x34	x46	x89	x99	1	2.260557e-02
8838.000000	63.169000	0	x3	x7	x10	x17	x31	x32	x35	x36	x41	x46	x51	x53	x54	x66	x87	x89	x99	1	2.242920e-02
5466.000000	115.098000	0	x2	x3	x8	x9	x17	x29	x32	x35	x36	x41	x42	x46	x53	x54	x58	x59	x60	x66	x73	x81	x82	x87	x89	x90	x98	x99	1	2.228190e-02
5998.000000	100.143000	0	x2	x3	x7	x8	x10	x17	x29	x31	x32	x35	x36	x41	x42	x46	x51	x53	x54	x58	x60	x66	x82	x87	x89	x90	x98	x99	1	2.208421e-02
7846.000000	74.180000	0	x1	x3	x7	x10	x17	x31	x32	x35	x36	x41	x46	x51	x53	x54	x58	x66	x82	x87	x89	x90	x99	1	2.205555e-02
12536.000000	38.630000	0	x3	x7	x34	x46	x89	x99	1	2.172580e-02
11077.000000	45.354000	0	x3	x7	x10	x35	x36	x53	x54	x66	x89	x99	1	2.167815e-02
6970.000000	85.141000	0	x2	x3	x7	x8	x17	x31	x32	x35	x36	x41	x46	x51	x53	x54	x58	x66	x82	x87	x89	x90	x98	x99	1	2.127305e-02
6322.000000	94.393000	0	x1	x2	x3	x7	x8	x17	x31	x32	x34	x35	x36	x41	x46	x51	x53	x54	x58	x80	x81	x82	x87	x89	x90	x98	x99	1	2.096295e-02
5501.000000	113.392000	0	x2	x3	x8	x17	x31	x32	x35	x36	x41	x46	x51	x53	x54	x58	x59	x60	x62	x73	x81	x82	x87	x89	x90	x93	x98	x99	1	2.086201e-02
7498.000000	78.374000	0	x2	x3	x7	x10	x17	x31	x32	x35	x36	x41	x45	x46	x51	x53	x54	x66	x82	x87	x89	x90	x98	x99	1	2.076811e-02
8350.000000	68.056000	0	x3	x7	x17	x31	x32	x35	x36	x41	x46	x51	x53	x54	x66	x82	x87	x89	x90	x99	1	2.064555e-02
9344.000000	58.674000	0	x3	x7	x17	x31	x35	x36	x51	x53	x54	x66	x73	x82	x87	x89	x99	1	2.064555e-02
5762.000000	105.622000	0	x2	x3	x7	x8	x17	x29	x31	x32	x35	x36	x41	x46	x53	x54	x58	x59	x60	x66	x73	x76	x82	x87	x89	x90	x98	x99	1	2.038922e-02
5849.000000	104.674000	0	x2	x3	x7	x8	x10	x17	x29	x31	x32	x35	x36	x41	x46	x53	x54	x58	x59	x60	x66	x73	x76	x82	x87	x89	x90	x98	1	2.035214e-02
11791.000000	41.349000	0	x3	x7	x36	x53	x66	x89	x99	1	2.014587e-02
7154.000000	82.780000	0	x2	x3	x7	x8	x10	x17	x31	x32	x35	x36	x46	x51	x53	x54	x58	x66	x82	x87	x89	x90	x98	x99	1	1.988509e-02
9244.000000	59.573000	0	x3	x7	x10	x17	x31	x35	x36	x51	x53	x54	x66	x82	x87	x89	x90	x99	1	1.981480e-02
11433.000000	43.011000	0	x3	x7	x35	x36	x53	x66	x89	x99	1	1.979840e-02
11527.000000	42.525000	0	x3	x7	x35	x36	x45	x53	x89	x99	1	1.921321e-02
5321.000000	118.772000	0	x2	x3	x8	x17	x29	x32	x35	x36	x41	x42	x46	x53	x54	x58	x59	x60	x62	x73	x81	x82	x87	x89	x90	x93	x98	x99	1	1.879851e-02
8102.000000	70.816000	0	x3	x7	x10	x17	x31	x32	x35	x36	x41	x46	x51	x53	x54	x63	x66	x82	x87	x89	x90	x99	1	1.869107e-02
5355.000000	118.106000	0	x2	x3	x8	x17	x31	x32	x35	x36	x41	x42	x46	x53	x54	x58	x59	x60	x62	x71	x73	x81	x82	x87	x89	x90	x98	x99	1	1.830021e-02
9968.000000	52.569000	0	x3	x7	x10	x17	x35	x36	x46	x53	x54	x66	x87	x89	x99	1	1.823121e-02
11683.000000	42.250000	0	x3	x7	x10	x36	x53	x66	x89	x99	1	1.800734e-02
7381.000000	80.267000	0	x2	x3	x7	x17	x31	x32	x34	x36	x41	x46	x51	x53	x54	x58	x66	x70	x82	x87	x89	x90	x98	x99	1	1.799328e-02
6698.000000	88.870000	0	x1	x2	x3	x7	x8	x17	x31	x32	x34	x36	x41	x46	x51	x53	x54	x58	x60	x78	x82	x87	x89	x90	x98	x99	1	1.786161e-02
6862.000000	86.042000	0	x2	x3	x7	x8	x10	x17	x31	x32	x35	x36	x41	x46	x51	x53	x54	x58	x66	x82	x87	x89	x90	x98	x99	1	1.772827e-02
5659.000000	108.918000	0	x2	x3	x7	x8	x17	x29	x31	x32	x35	x36	x41	x46	x51	x53	x54	x58	x59	x60	x80	x81	x82	x87	x89	x90	x98	x99	1	1.760370e-02
5286.000000	120.754000	0	x2	x3	x8	x9	x17	x29	x32	x35	x36	x41	x42	x46	x53	x54	x58	x59	x60	x71	x73	x81	x82	x87	x89	x90	x98	x99	1	1.757533e-02
9052.000000	61.663000	0	x2	x3	x7	x17	x31	x35	x36	x51	x53	x54	x66	x82	x87	x89	x90	x99	1	1.750368e-02
7430.000000	79.843000	0	x3	x7	x8	x17	x31	x32	x35	x36	x41	x46	x51	x53	x54	x58	x63	x66	x87	x89	x90	x98	x99	1	1.749922e-02
6273.000000	95.751000	0	x2	x3	x7	x8	x10	x17	x29	x30	x31	x32	x34	x35	x36	x41	x46	x51	x53	x54	x58	x66	x82	x87	x89	x90	x98	x99	1	1.706596e-02
9644.000000	55.746000	0	x3	x7	x10	x17	x32	x35	x36	x51	x53	x54	x66	x87	x89	x99	1	1.692006e-02
13293.000000	36.334000	0	x7	x45	x89	x99	1	1.674748e-02
13083.000000	37.053000	0	x3	x45	x64	x89	x99	1	1.658062e-02
13293.000000	36.334000	0	x7	x45	x89	x99	1	1.658062e-02
12908.000000	37.675000	0	x7	x34	x46	x89	x99	1	1.652546e-02
6222.000000	96.392000	0	x2	x3	x7	x8	x17	x31	x32	x34	x35	x36	x41	x46	x51	x53	x54	x58	x60	x80	x81	x82	x87	x89	x90	x98	x99	1	1.646890e-02
9968.000000	52.569000	0	x3	x7	x10	x17	x35	x36	x46	x53	x54	x66	x87	x89	x99	1	1.644066e-02
10452.000000	48.771000	0	x3	x7	x35	x36	x51	x53	x54	x66	x87	x89	x99	1	1.635751e-02
5720.000000	106.959000	0	x2	x3	x7	x8	x17	x29	x31	x32	x35	x36	x41	x42	x46	x53	x54	x58	x59	x66	x73	x76	x82	x87	x89	x90	x98	x99	1	1.632735e-02
6398.000000	93.319000	0	x1	x2	x3	x7	x8	x9	x17	x31	x32	x34	x36	x41	x46	x51	x53	x54	x58	x60	x78	x82	x87	x89	x90	x98	x99	1	1.621031e-02
12705.000000	37.933000	0	x2	x3	x45	x89	x99	1	1.575868e-02
8681.000000	65.673000	0	x3	x7	x17	x31	x32	x35	x36	x46	x53	x54	x60	x66	x87	x89	x90	x93	x99	1	1.565379e-02
10452.000000	48.771000	0	x3	x7	x35	x36	x51	x53	x54	x66	x87	x89	x99	1	1.555257e-02
10639.000000	47.843000	0	x2	x3	x7	x34	x36	x46	x53	x87	x89	x99	1	1.548842e-02
5610.000000	110.104000	0	x2	x3	x7	x8	x17	x29	x32	x35	x36	x41	x42	x46	x53	x54	x58	x59	x60	x66	x73	x81	x82	x87	x89	x90	x98	x99	1	1.542326e-02
8538.000000	66.151000	0	x3	x7	x10	x17	x31	x32	x35	x36	x41	x46	x51	x53	x54	x66	x82	x87	x89	x99	1	1.497191e-02
6062.000000	98.625000	0	x2	x3	x7	x8	x10	x17	x29	x31	x32	x35	x36	x41	x46	x53	x54	x58	x63	x66	x73	x81	x82	x87	x89	x90	x98	x99	1	1.467546e-02
6818.000000	86.696000	0	x1	x2	x3	x7	x8	x17	x31	x32	x35	x36	x41	x46	x51	x53	x54	x58	x66	x82	x87	x89	x90	x98	x99	1	1.455495e-02
5906.000000	102.729000	0	x2	x3	x7	x8	x10	x17	x31	x32	x35	x36	x41	x46	x51	x53	x54	x58	x59	x60	x62	x66	x82	x87	x89	x90	x98	x99	1	1.429715e-02
10639.000000	47.843000	0	x2	x3	x7	x34	x36	x46	x53	x87	x89	x99	1	1.425743e-02
9166.000000	61.143000	0	x2	x3	x7	x10	x17	x31	x35	x36	x53	x54	x66	x82	x87	x89	x90	x99	1	1.425189e-02
5858.000000	102.986000	0	x2	x3	x7	x8	x17	x31	x32	x34	x35	x36	x41	x46	x51	x53	x54	x58	x59	x60	x80	x81	x82	x87	x89	x90	x98	x99	1	1.418693e-02
12695.000000	38.213000	0	x3	x7	x46	x89	x99	1	1.399874e-02
6649.000000	90.109000	0	x1	x2	x3	x7	x8	x17	x31	x32	x34	x36	x41	x45	x46	x51	x53	x54	x58	x60	x78	x82	x87	x89	x90	x98	x99	1	1.395078e-02
12921.000000	37.289000	0	x3	x7	x45	x89	x99	1	1.394358e-02
8938.000000	62.486000	0	x2	x3	x7	x17	x31	x32	x35	x36	x46	x51	x53	x54	x66	x87	x89	x99	1	1.339229e-02
9204.000000	60.736000	0	x2	x3	x7	x17	x31	x35	x36	x46	x51	x53	x54	x63	x66	x87	x89	x99	1	1.337112e-02
7606.000000	76.471000	0	x2	x3	x7	x10	x17	x31	x32	x35	x36	x41	x46	x51	x53	x54	x58	x66	x87	x89	x90	x98	x99	1	1.323313e-02
8450.000000	67.482000	0	x3	x7	x10	x14	x17	x31	x32	x35	x36	x41	x46	x51	x53	x54	x66	x82	x87	x89	x99	1	1.305995e-02
8750.000000	64.500000	0	x3	x7	x10	x14	x17	x31	x32	x35	x36	x41	x46	x51	x53	x54	x66	x87	x89	x99	1	1.264813e-02
8504.000000	67.366000	0	x3	x7	x31	x32	x35	x36	x41	x46	x51	x53	x54	x63	x66	x82	x87	x89	x90	x99	1	1.264813e-02
6205.000000	97.989000	0	x2	x3	x7	x8	x17	x31	x32	x34	x35	x36	x41	x42	x46	x51	x53	x54	x58	x81	x82	x87	x89	x90	x93	x98	x99	1	1.163471e-02
7550.000000	77.392000	0	x2	x3	x7	x10	x17	x31	x32	x35	x36	x41	x46	x51	x53	x54	x66	x82	x87	x89	x90	x98	x99	1	1.162266e-02
12131.000000	40.108000	0	x3	x7	x53	x66	x89	x99	1	1.146786e-02
11776.000000	41.971000	0	x3	x7	x10	x34	x36	x53	x89	x99	1	1.146786e-02
8998.000000	62.484000	0	x3	x7	x17	x31	x32	x35	x36	x51	x53	x54	x58	x66	x82	x87	x89	x99	1	1.139609e-02
8612.000000	65.832000	0	x3	x7	x17	x31	x32	x35	x36	x46	x53	x54	x60	x66	x82	x87	x89	x90	x99	1	1.122637e-02
8102.000000	70.816000	0	x3	x7	x10	x17	x31	x32	x35	x36	x41	x46	x51	x53	x54	x63	x66	x82	x87	x89	x90	x99	1	1.120571e-02
6808.000000	88.086000	0	x1	x2	x3	x7	x8	x10	x17	x31	x32	x35	x36	x41	x42	x46	x51	x53	x54	x58	x66	x82	x87	x89	x90	x99	1	1.117189e-02
13083.000000	37.053000	0	x3	x45	x64	x89	x99	1	1.102680e-02
6788.000000	88.389000	0	x2	x3	x7	x8	x10	x17	x29	x31	x32	x35	x36	x41	x46	x51	x53	x54	x66	x82	x87	x89	x90	x98	x99	1	1.094020e-02
