# This file contains the data of final feasible population (if found)
# of objectives = 2, # of constraints = 0, # of real_var = 0, # of bits of bin_var = 100, constr_violation, rank, crowding_distance
13527.000000	35.845000	0	x45	x89	x99	1	1.000000e+14
5163.000000	129.061000	0	x2	x3	x8	x9	x17	x27	x29	x32	x35	x36	x41	x46	x53	x54	x59	x60	x62	x71	x73	x80	x81	x82	x87	x89	x90	x98	1	1.000000e+14
10340.000000	50.031000	0	x3	x7	x17	x34	x36	x46	x53	x73	x87	x89	x99	1	3.057403e-02
5916.000000	100.470000	0	x1	x2	x3	x7	x8	x9	x17	x29	x31	x32	x34	x35	x36	x41	x46	x51	x53	x54	x58	x73	x82	x87	x89	x90	x98	x99	1	2.954473e-02
10512.000000	48.864000	0	x2	x3	x17	x36	x45	x51	x53	x63	x87	x89	x99	1	2.948851e-02
5240.000000	122.518000	0	x2	x3	x8	x9	x17	x27	x29	x32	x35	x36	x41	x46	x53	x54	x58	x59	x60	x62	x71	x73	x82	x87	x89	x90	x98	x99	1	2.916196e-02
8712.000000	64.540000	0	x1	x2	x3	x7	x17	x32	x34	x36	x51	x53	x54	x73	x82	x87	x89	x90	x99	1	2.871829e-02
11234.000000	44.375000	0	x3	x7	x14	x35	x36	x53	x54	x89	x99	1	2.752572e-02
7866.000000	73.221000	0	x3	x7	x10	x17	x31	x32	x34	x36	x41	x46	x51	x53	x54	x58	x63	x73	x82	x87	x89	x90	x99	1	2.733396e-02
5753.000000	105.665000	0	x1	x2	x3	x7	x8	x9	x17	x29	x31	x32	x35	x36	x41	x46	x53	x54	x58	x73	x81	x82	x87	x89	x90	x93	x98	x99	1	2.722731e-02
6526.000000	90.698000	0	x1	x2	x3	x7	x8	x9	x17	x31	x32	x34	x36	x41	x46	x51	x53	x54	x58	x73	x82	x87	x89	x90	x98	x99	1	2.703816e-02
6094.000000	97.163000	0	x1	x2	x3	x7	x8	x9	x17	x31	x32	x34	x35	x36	x41	x46	x51	x53	x54	x58	x63	x73	x82	x87	x89	x90	x98	x99	1	2.644254e-02
5610.000000	110.201000	0	x1	x2	x3	x7	x8	x17	x29	x31	x32	x35	x36	x41	x46	x53	x54	x58	x59	x71	x72	x73	x82	x87	x89	x90	x98	x99	1	2.619153e-02
5350.000000	120.225000	0	x2	x3	x8	x9	x27	x29	x32	x35	x36	x41	x42	x46	x53	x54	x58	x59	x60	x62	x68	x73	x82	x87	x89	x90	x98	x99	1	2.568702e-02
11028.000000	45.222000	0	x2	x3	x36	x45	x53	x63	x87	x89	x99	1	2.554163e-02
9570.000000	56.511000	0	x3	x7	x17	x34	x36	x41	x46	x51	x53	x54	x73	x87	x89	x99	1	2.545379e-02
6386.000000	92.462000	0	x1	x2	x3	x7	x8	x9	x17	x31	x32	x34	x36	x41	x46	x51	x53	x54	x58	x63	x73	x82	x87	x89	x90	x98	x99	1	2.544937e-02
12155.000000	40.114000	0	x3	x45	x53	x80	x89	x99	1	2.425577e-02
10806.000000	46.643000	0	x2	x3	x36	x45	x51	x53	x63	x87	x89	x99	1	2.412152e-02
6216.000000	95.705000	0	x1	x2	x3	x7	x8	x17	x29	x31	x32	x34	x35	x36	x41	x46	x51	x53	x54	x58	x73	x82	x87	x89	x90	x98	x99	1	2.336740e-02
7130.000000	82.119000	0	x1	x2	x3	x7	x17	x31	x32	x34	x36	x41	x46	x51	x53	x54	x58	x63	x73	x82	x87	x89	x90	x98	x99	1	2.336740e-02
7508.000000	78.701000	0	x1	x2	x3	x7	x17	x31	x32	x34	x36	x41	x46	x51	x53	x54	x71	x73	x87	x89	x90	x98	x99	1	2.321589e-02
8428.000000	66.912000	0	x1	x3	x7	x17	x31	x32	x34	x35	x36	x46	x53	x54	x73	x82	x87	x89	x90	x99	1	2.294521e-02
7070.000000	83.713000	0	x1	x2	x3	x7	x8	x17	x31	x32	x34	x35	x36	x46	x51	x53	x54	x73	x82	x87	x89	x90	x98	x99	1	2.273587e-02
9444.000000	57.931000	0	x1	x3	x7	x11	x17	x34	x35	x36	x46	x53	x54	x73	x87	x89	x99	1	2.270227e-02
11539.000000	42.325000	0	x2	x3	x36	x45	x53	x63	x89	x99	1	2.256017e-02
12365.000000	39.174000	0	x2	x3	x36	x45	x89	x99	1	2.235665e-02
12611.000000	38.670000	0	x23	x45	x53	x89	x99	1	2.222099e-02
8833.000000	63.378000	0	x1	x3	x7	x17	x32	x34	x35	x36	x46	x53	x54	x73	x82	x87	x89	x90	1	2.216433e-02
10122.000000	51.883000	0	x3	x7	x34	x36	x46	x53	x54	x73	x80	x87	x89	x99	1	2.201243e-02
9982.000000	52.761000	0	x3	x7	x17	x34	x36	x51	x53	x54	x73	x76	x87	x89	x99	1	2.197178e-02
5518.000000	111.863000	0	x1	x2	x3	x8	x17	x29	x31	x32	x35	x36	x41	x46	x53	x54	x58	x59	x60	x71	x73	x81	x82	x87	x89	x90	x98	x99	1	2.157338e-02
13143.000000	36.826000	0	x45	x80	x89	x99	1	2.157142e-02
7762.000000	75.776000	0	x1	x2	x3	x7	x8	x17	x31	x32	x34	x35	x36	x46	x51	x53	x54	x73	x87	x89	x90	x99	1	2.133798e-02
11743.000000	41.947000	0	x3	x36	x45	x53	x73	x89	x99	1	2.132056e-02
5406.000000	115.396000	0	x2	x3	x8	x17	x29	x31	x32	x35	x36	x41	x42	x46	x53	x54	x58	x59	x60	x62	x68	x73	x82	x87	x89	x90	x98	x99	1	2.126485e-02
5842.000000	103.425000	0	x1	x2	x3	x7	x8	x9	x17	x23	x29	x31	x32	x35	x36	x41	x46	x51	x53	x54	x58	x73	x82	x87	x89	x90	x98	x99	1	2.117070e-02
8184.000000	69.668000	0	x1	x3	x7	x17	x31	x32	x34	x35	x36	x46	x53	x54	x58	x73	x82	x87	x89	x90	x99	1	2.115274e-02
10994.000000	46.462000	0	x3	x36	x40	x45	x46	x53	x87	x89	x99	1	2.089324e-02
7570.000000	76.678000	0	x1	x2	x3	x7	x17	x31	x32	x34	x36	x41	x46	x51	x53	x54	x58	x73	x87	x89	x90	x98	x99	1	2.071080e-02
11965.000000	40.863000	0	x3	x7	x36	x45	x53	x89	x99	1	2.070356e-02
9258.000000	59.122000	0	x3	x7	x17	x31	x32	x34	x35	x36	x51	x53	x54	x73	x87	x89	x99	1	2.059551e-02
7340.000000	80.218000	0	x1	x2	x3	x7	x17	x32	x34	x36	x41	x46	x51	x53	x54	x58	x63	x73	x82	x87	x89	x90	x98	x99	1	2.001855e-02
7834.000000	74.495000	0	x1	x3	x7	x17	x31	x32	x34	x35	x36	x41	x51	x53	x54	x58	x63	x73	x82	x87	x89	x90	x99	1	1.992185e-02
8920.000000	62.726000	0	x3	x7	x17	x32	x34	x35	x36	x46	x51	x53	x54	x58	x73	x87	x89	x99	1	1.983617e-02
9176.000000	60.192000	0	x3	x7	x17	x31	x32	x34	x36	x41	x46	x53	x54	x73	x87	x89	x99	1	1.981705e-02
9020.000000	61.764000	0	x1	x3	x7	x17	x32	x34	x36	x51	x53	x54	x73	x82	x87	x89	x90	x99	1	1.972004e-02
5204.000000	126.171000	0	x2	x3	x8	x9	x17	x27	x29	x32	x35	x36	x41	x46	x53	x54	x58	x59	x60	x62	x71	x73	x82	x87	x89	x90	x93	x98	1	1.959428e-02
8407.000000	68.262000	0	x1	x3	x7	x17	x32	x34	x35	x36	x46	x53	x54	x73	x82	x87	x89	x90	x93	x99	1	1.948053e-02
8122.000000	71.077000	0	x3	x7	x17	x31	x32	x34	x35	x36	x41	x46	x51	x53	x54	x58	x73	x87	x89	x90	x99	1	1.948053e-02
5628.000000	108.206000	0	x1	x2	x3	x7	x8	x9	x17	x29	x31	x32	x35	x36	x41	x46	x53	x54	x58	x59	x60	x73	x82	x87	x89	x90	x98	x99	1	1.944454e-02
5486.000000	112.841000	0	x2	x3	x8	x17	x29	x31	x32	x35	x36	x41	x42	x46	x53	x54	x58	x59	x60	x68	x73	x81	x82	x87	x89	x90	x98	x99	1	1.940358e-02
6066.000000	98.963000	0	x1	x2	x3	x7	x8	x17	x29	x31	x32	x34	x35	x36	x41	x46	x51	x53	x54	x58	x73	x82	x87	x89	x90	x95	x98	x99	1	1.910849e-02
11807.000000	41.337000	0	x2	x3	x45	x53	x63	x64	x89	x99	1	1.908561e-02
7001.000000	84.920000	0	x1	x2	x3	x7	x17	x31	x32	x34	x36	x41	x46	x53	x54	x58	x73	x81	x82	x87	x89	x90	x93	x98	x99	1	1.898208e-02
5278.000000	121.559000	0	x2	x3	x6	x8	x17	x29	x32	x35	x36	x41	x42	x46	x53	x54	x58	x59	x60	x62	x71	x73	x82	x87	x89	x90	x98	x99	1	1.887519e-02
5439.000000	114.600000	0	x2	x3	x8	x17	x29	x31	x32	x35	x36	x41	x46	x53	x54	x58	x59	x60	x71	x73	x81	x82	x87	x89	x90	x93	x98	x99	1	1.848713e-02
7410.000000	79.223000	0	x1	x3	x7	x17	x31	x32	x34	x35	x36	x41	x46	x51	x53	x54	x58	x73	x81	x82	x87	x89	x90	x99	1	1.818006e-02
5204.000000	126.171000	0	x2	x3	x8	x9	x17	x27	x29	x32	x35	x36	x41	x46	x53	x54	x58	x59	x60	x62	x71	x73	x82	x87	x89	x90	x93	x98	1	1.795261e-02
9068.000000	60.699000	0	x3	x7	x10	x17	x31	x32	x34	x35	x36	x46	x53	x54	x73	x87	x89	x99	1	1.775771e-02
9934.000000	53.884000	0	x3	x7	x17	x32	x34	x36	x46	x53	x73	x87	x89	x99	1	1.758381e-02
10634.000000	47.810000	0	x3	x7	x34	x36	x46	x53	x73	x87	x89	x99	1	1.757650e-02
9360.000000	58.403000	0	x3	x7	x17	x31	x34	x36	x41	x46	x51	x53	x54	x73	x87	x89	x99	1	1.750747e-02
12431.000000	39.022000	0	x3	x36	x45	x80	x89	x99	1	1.740928e-02
12921.000000	37.289000	0	x3	x7	x45	x89	x99	1	1.739529e-02
6626.000000	90.096000	0	x1	x2	x3	x7	x8	x9	x17	x31	x32	x34	x35	x36	x41	x46	x51	x53	x54	x58	x73	x82	x87	x89	x90	x99	1	1.720663e-02
8006.000000	71.316000	0	x3	x7	x10	x17	x31	x32	x34	x35	x36	x46	x51	x53	x54	x58	x73	x82	x87	x89	x90	x99	1	1.715268e-02
6022.000000	99.923000	0	x1	x2	x3	x7	x8	x9	x17	x29	x31	x32	x35	x36	x41	x46	x51	x53	x54	x58	x73	x82	x87	x89	x90	x98	x99	1	1.705038e-02
9782.000000	55.210000	0	x1	x3	x7	x17	x32	x34	x36	x46	x53	x73	x87	x89	x99	1	1.685533e-02
13293.000000	36.334000	0	x7	x45	x89	x99	1	1.662755e-02
10704.000000	47.727000	0	x3	x7	x17	x36	x45	x53	x73	x87	x89	x99	1	1.654182e-02
5842.000000	103.425000	0	x1	x2	x3	x7	x8	x9	x17	x23	x29	x31	x32	x35	x36	x41	x46	x51	x53	x54	x58	x73	x82	x87	x89	x90	x98	x99	1	1.643883e-02
6304.000000	95.147000	0	x1	x2	x3	x7	x8	x9	x17	x32	x34	x35	x36	x41	x46	x51	x53	x54	x58	x63	x73	x82	x87	x89	x90	x98	x99	1	1.636761e-02
12771.000000	37.781000	0	x3	x45	x80	x89	x99	1	1.636682e-02
6670.000000	89.095000	0	x1	x2	x3	x7	x8	x17	x31	x32	x34	x36	x41	x46	x51	x53	x54	x63	x73	x81	x82	x87	x89	x90	x98	x99	1	1.623476e-02
9822.000000	54.256000	0	x1	x3	x7	x17	x36	x45	x51	x53	x54	x73	x81	x87	x89	x99	1	1.619907e-02
12999.000000	37.079000	0	x3	x7	x89	x99	1	1.575464e-02
11495.000000	43.389000	0	x3	x36	x45	x53	x54	x73	x89	x99	1	1.550177e-02
12061.000000	40.308000	0	x2	x3	x36	x45	x46	x89	x99	1	1.537575e-02
8250.000000	68.560000	0	x3	x7	x10	x17	x31	x32	x34	x35	x36	x46	x51	x53	x54	x73	x82	x87	x89	x90	x99	1	1.532865e-02
8550.000000	65.578000	0	x3	x7	x10	x17	x31	x32	x34	x35	x36	x46	x51	x53	x54	x73	x87	x89	x90	x99	1	1.525208e-02
5360.000000	117.684000	0	x2	x3	x8	x17	x29	x32	x35	x36	x41	x42	x46	x53	x54	x58	x59	x60	x62	x68	x73	x80	x82	x87	x89	x90	x98	x99	1	1.502245e-02
12705.000000	37.933000	0	x2	x3	x45	x89	x99	1	1.433330e-02
5360.000000	117.684000	0	x2	x3	x8	x17	x29	x32	x35	x36	x41	x42	x46	x53	x54	x58	x59	x60	x62	x68	x73	x80	x82	x87	x89	x90	x98	x99	1	1.422743e-02
10174.000000	50.797000	0	x3	x7	x17	x34	x36	x51	x53	x54	x73	x87	x89	x99	1	1.403222e-02
6779.000000	87.716000	0	x1	x2	x3	x7	x17	x31	x32	x34	x36	x41	x46	x51	x53	x54	x58	x73	x81	x82	x87	x89	x90	x93	x98	x99	1	1.401069e-02
6748.000000	88.429000	0	x1	x2	x3	x7	x8	x9	x17	x31	x32	x34	x36	x41	x46	x53	x54	x58	x73	x82	x87	x89	x90	x98	x99	1	1.391282e-02
11357.000000	43.757000	0	x3	x7	x35	x36	x53	x54	x89	x99	1	1.372710e-02
5752.000000	107.498000	0	x1	x2	x3	x8	x17	x29	x31	x32	x35	x36	x41	x46	x53	x54	x58	x59	x60	x64	x73	x81	x82	x87	x89	x90	x98	x99	1	1.343459e-02
6926.000000	85.647000	0	x1	x2	x3	x7	x8	x17	x31	x32	x34	x35	x36	x41	x46	x51	x53	x54	x58	x73	x82	x87	x89	x90	x99	1	1.205381e-02
6364.000000	94.303000	0	x1	x2	x3	x7	x8	x9	x17	x29	x31	x32	x34	x36	x41	x46	x51	x53	x54	x58	x63	x73	x82	x87	x89	x98	x99	1	1.168572e-02
13293.000000	36.334000	0	x7	x45	x89	x99	1	1.158994e-02
6896.000000	85.997000	0	x1	x2	x3	x7	x8	x17	x32	x34	x36	x41	x46	x51	x53	x54	x58	x63	x73	x82	x87	x89	x90	x98	x99	1	1.155248e-02
7292.000000	81.640000	0	x1	x2	x3	x7	x8	x17	x31	x32	x34	x35	x36	x46	x53	x54	x73	x82	x87	x89	x90	x98	x99	1	1.151999e-02
5721.000000	107.813000	0	x2	x3	x8	x17	x31	x32	x34	x36	x41	x46	x51	x53	x54	x58	x59	x60	x71	x73	x81	x82	x87	x89	x90	x93	x98	x99	1	1.121035e-02
6384.000000	93.860000	0	x1	x2	x3	x7	x8	x17	x31	x32	x34	x35	x36	x41	x46	x51	x53	x54	x58	x73	x82	x87	x89	x90	x95	x98	x99	1	1.119007e-02
9640.000000	55.370000	0	x1	x3	x7	x17	x34	x35	x36	x46	x53	x54	x73	x87	x89	x99	1	1.030479e-02
11387.000000	43.521000	0	x1	x2	x3	x36	x45	x53	x63	x89	x99	1	1.022355e-02
8006.000000	71.316000	0	x3	x7	x10	x17	x31	x32	x34	x35	x36	x46	x51	x53	x54	x58	x73	x82	x87	x89	x90	x99	1	9.651170e-03
9640.000000	55.370000	0	x1	x3	x7	x17	x34	x35	x36	x46	x53	x54	x73	x87	x89	x99	1	9.346983e-03
