# This file contains the data of final feasible population (if found)
# of objectives = 2, # of constraints = 0, # of real_var = 0, # of bits of bin_var = 100, constr_violation, rank, crowding_distance
13527.000000	35.845000	0	x45	x54	x99	1	1.000000e+14
5190.000000	125.052000	0	x2	x3	x8	x9	x17	x29	x32	x35	x36	x41	x42	x46	x53	x54	x59	x60	x62	x71	x73	x81	x82	x87	x89	x90	x98	x99	1	1.000000e+14
7570.000000	76.678000	0	x1	x2	x3	x7	x17	x31	x32	x34	x36	x41	x46	x51	x53	x54	x58	x73	x87	x89	x90	x98	x99	1	4.004865e-02
7374.000000	79.363000	0	x1	x2	x3	x7	x17	x31	x32	x34	x36	x41	x46	x51	x53	x54	x63	x73	x82	x87	x89	x90	x98	x99	1	3.692893e-02
5780.000000	104.306000	0	x1	x2	x3	x7	x8	x17	x29	x31	x32	x34	x35	x36	x41	x42	x46	x53	x54	x58	x59	x73	x82	x87	x89	x90	x98	x99	1	3.248750e-02
12059.000000	40.361000	0	x3	x7	x53	x54	x64	x66	x99	1	3.107857e-02
5532.000000	111.888000	0	x2	x3	x8	x9	x17	x29	x31	x32	x35	x36	x41	x42	x46	x51	x53	x54	x58	x59	x63	x73	x82	x87	x89	x90	x98	x99	1	2.849278e-02
6534.000000	90.602000	0	x1	x2	x3	x7	x8	x17	x31	x32	x34	x35	x36	x41	x46	x51	x53	x54	x58	x73	x82	x87	x89	x90	x98	x99	1	2.838131e-02
13077.000000	36.978000	0	x2	x45	x54	x99	1	2.766290e-02
5337.000000	118.733000	0	x2	x3	x8	x9	x17	x29	x31	x32	x35	x36	x41	x42	x46	x53	x54	x59	x60	x62	x70	x73	x82	x87	x89	x90	x98	x99	1	2.725185e-02
8506.000000	66.003000	0	x1	x3	x7	x17	x31	x32	x34	x35	x36	x46	x51	x53	x54	x73	x87	x89	x90	x99	1	2.700926e-02
6036.000000	99.278000	0	x1	x2	x3	x7	x8	x17	x29	x31	x32	x34	x36	x41	x42	x46	x53	x54	x58	x63	x73	x81	x82	x87	x89	x90	x98	x99	1	2.650640e-02
5690.000000	106.847000	0	x1	x2	x3	x7	x8	x17	x29	x31	x32	x35	x36	x41	x42	x46	x53	x54	x58	x59	x68	x73	x82	x87	x89	x90	x98	x99	1	2.622056e-02
5618.000000	109.426000	0	x1	x2	x3	x7	x8	x17	x29	x31	x32	x35	x36	x41	x42	x46	x53	x54	x59	x60	x73	x81	x82	x87	x89	x90	x98	x99	1	2.613874e-02
6216.000000	95.705000	0	x1	x2	x3	x7	x8	x17	x29	x31	x32	x34	x35	x36	x41	x46	x51	x53	x54	x58	x73	x82	x87	x89	x90	x98	x99	1	2.605751e-02
11587.000000	42.399000	0	x3	x7	x36	x53	x54	x73	x99	1	2.554700e-02
5917.000000	102.151000	0	x1	x2	x3	x7	x8	x17	x31	x32	x34	x36	x41	x42	x46	x51	x53	x54	x58	x59	x73	x81	x82	x87	x89	x90	x98	x99	1	2.545440e-02
8414.000000	67.433000	0	x3	x7	x17	x31	x32	x34	x35	x36	x46	x51	x53	x54	x58	x73	x87	x89	x90	x99	1	2.505984e-02
8106.000000	70.468000	0	x1	x2	x3	x7	x17	x31	x32	x34	x36	x46	x51	x53	x54	x73	x87	x89	x90	x98	x99	1	2.505984e-02
9593.000000	56.143000	0	x3	x7	x10	x17	x32	x34	x35	x36	x46	x53	x54	x87	x89	x99	1	2.493319e-02
6986.000000	84.336000	0	x1	x2	x3	x7	x8	x17	x31	x32	x34	x36	x41	x46	x51	x53	x54	x58	x63	x73	x87	x89	x90	x98	x99	1	2.454082e-02
9383.000000	58.044000	0	x3	x7	x10	x17	x31	x32	x34	x35	x36	x46	x53	x54	x87	x89	x99	1	2.402741e-02
8638.000000	65.011000	0	x1	x3	x7	x17	x32	x34	x35	x36	x46	x53	x54	x73	x82	x87	x89	x90	x99	1	2.395683e-02
6678.000000	89.008000	0	x1	x2	x3	x7	x8	x9	x17	x31	x32	x34	x36	x46	x51	x53	x54	x58	x63	x73	x82	x87	x89	x90	x98	x99	1	2.362718e-02
9462.000000	57.018000	0	x3	x7	x10	x17	x34	x35	x36	x46	x51	x53	x54	x73	x87	x89	x99	1	2.324945e-02
12840.000000	37.496000	0	x3	x7	x34	x54	x99	1	2.285326e-02
13371.000000	36.124000	0	x7	x54	x99	1	2.279273e-02
13212.000000	36.541000	0	x7	x34	x54	x99	1	2.241886e-02
11449.000000	42.816000	0	x3	x7	x34	x36	x53	x54	x73	x99	1	2.127876e-02
10606.000000	48.159000	0	x3	x7	x36	x51	x53	x54	x73	x87	x89	x99	1	2.127876e-02
8306.000000	68.334000	0	x3	x7	x10	x17	x31	x32	x34	x35	x36	x46	x51	x53	x54	x58	x73	x87	x89	x90	x99	1	2.117338e-02
7070.000000	83.713000	0	x1	x2	x3	x7	x8	x17	x31	x32	x34	x35	x36	x46	x51	x53	x54	x73	x82	x87	x89	x90	x98	x99	1	2.106235e-02
7130.000000	82.119000	0	x1	x2	x3	x7	x17	x31	x32	x34	x36	x41	x46	x51	x53	x54	x58	x63	x73	x82	x87	x89	x90	x98	x99	1	2.078100e-02
10396.000000	49.376000	0	x3	x7	x17	x34	x36	x53	x54	x73	x87	x89	x99	1	2.032926e-02
6878.000000	86.037000	0	x1	x3	x7	x17	x31	x32	x34	x35	x36	x41	x46	x51	x53	x54	x58	x63	x73	x81	x82	x87	x89	x90	x98	x99	1	2.031803e-02
9124.000000	60.793000	0	x3	x7	x10	x17	x34	x36	x46	x53	x54	x73	x80	x82	x87	x89	x90	x99	1	2.016334e-02
6274.000000	94.440000	0	x1	x2	x3	x7	x8	x17	x31	x32	x34	x35	x36	x41	x46	x51	x53	x54	x58	x73	x81	x82	x87	x89	x90	x98	x99	1	1.999183e-02
7228.000000	81.696000	0	x1	x2	x3	x7	x17	x31	x32	x34	x36	x41	x42	x46	x51	x53	x54	x58	x63	x73	x82	x87	x89	x90	x99	1	1.995595e-02
9684.000000	54.945000	0	x3	x7	x10	x17	x34	x35	x36	x46	x53	x54	x73	x87	x89	x99	1	1.964152e-02
5731.000000	105.957000	0	x1	x2	x3	x7	x8	x17	x31	x32	x35	x36	x41	x42	x46	x51	x53	x54	x58	x59	x73	x81	x82	x87	x89	x90	x98	x99	1	1.963978e-02
5416.000000	114.751000	0	x2	x3	x8	x9	x17	x29	x31	x32	x35	x36	x41	x42	x46	x51	x53	x54	x58	x59	x73	x80	x82	x87	x89	x90	x98	x99	1	1.954114e-02
11227.000000	44.237000	0	x3	x7	x34	x36	x51	x53	x54	x73	x99	1	1.953727e-02
10979.000000	45.679000	0	x3	x7	x34	x36	x51	x53	x54	x73	x89	x99	1	1.948015e-02
5252.000000	120.884000	0	x2	x3	x8	x9	x17	x29	x32	x35	x36	x41	x42	x46	x53	x54	x58	x59	x60	x62	x73	x81	x82	x87	x89	x90	x98	x99	1	1.946883e-02
10468.000000	48.576000	0	x3	x7	x34	x36	x51	x53	x54	x73	x87	x89	x99	1	1.941567e-02
6500.000000	92.167000	0	x1	x2	x3	x7	x8	x17	x31	x32	x35	x36	x41	x46	x51	x53	x54	x58	x63	x73	x82	x87	x89	x90	x98	x99	1	1.930129e-02
12278.000000	39.741000	0	x3	x7	x34	x36	x51	x54	x99	1	1.901439e-02
9762.000000	54.447000	0	x3	x7	x10	x17	x34	x36	x46	x51	x53	x54	x73	x87	x89	x99	1	1.899644e-02
5565.000000	110.173000	0	x1	x2	x3	x8	x17	x29	x31	x32	x35	x36	x41	x42	x46	x51	x53	x54	x58	x59	x73	x80	x82	x87	x89	x90	x98	x99	1	1.895710e-02
10830.000000	46.614000	0	x3	x7	x10	x34	x36	x53	x54	x73	x87	x99	1	1.848023e-02
6810.000000	87.551000	0	x1	x2	x3	x7	x8	x17	x31	x32	x34	x35	x36	x46	x51	x53	x54	x73	x81	x82	x87	x89	x90	x98	x99	1	1.828342e-02
6001.000000	100.897000	0	x1	x2	x3	x7	x8	x17	x29	x31	x32	x34	x36	x41	x46	x51	x53	x54	x58	x73	x81	x82	x87	x89	x90	x97	x98	x99	1	1.808049e-02
6380.000000	93.893000	0	x1	x2	x3	x7	x8	x17	x31	x32	x35	x36	x41	x46	x51	x53	x54	x58	x73	x81	x82	x87	x89	x90	x98	x99	1	1.780362e-02
8762.000000	64.468000	0	x3	x7	x10	x17	x31	x32	x34	x36	x46	x51	x53	x54	x58	x63	x73	x87	x89	x99	1	1.769940e-02
5480.000000	114.347000	0	x2	x3	x8	x9	x17	x29	x31	x32	x35	x36	x41	x42	x46	x51	x53	x54	x58	x71	x73	x81	x82	x87	x89	x90	x98	x99	1	1.762086e-02
7914.000000	72.629000	0	x1	x3	x7	x17	x31	x32	x34	x35	x36	x41	x46	x51	x53	x54	x73	x82	x87	x89	x90	x99	1	1.756483e-02
9258.000000	59.122000	0	x3	x7	x17	x31	x32	x34	x35	x36	x51	x53	x54	x73	x87	x89	x99	1	1.740232e-02
5202.000000	123.448000	0	x2	x3	x8	x9	x17	x29	x32	x35	x36	x41	x42	x46	x53	x54	x58	x59	x62	x71	x73	x80	x82	x87	x89	x90	x98	x99	1	1.736975e-02
7880.000000	73.987000	0	x1	x2	x7	x17	x31	x32	x34	x36	x41	x46	x51	x53	x54	x58	x73	x87	x89	x90	x98	x99	1	1.734287e-02
5378.000000	116.742000	0	x2	x3	x8	x9	x17	x27	x29	x31	x32	x35	x36	x41	x42	x46	x53	x54	x58	x59	x73	x80	x82	x87	x89	x90	x98	x99	1	1.695892e-02
12473.000000	39.431000	0	x3	x7	x10	x36	x45	x54	x99	1	1.653640e-02
6686.000000	88.013000	0	x1	x2	x3	x7	x8	x17	x31	x32	x34	x36	x41	x46	x51	x53	x54	x58	x63	x73	x82	x87	x89	x90	x98	x99	1	1.608292e-02
9920.000000	54.081000	0	x3	x7	x34	x36	x46	x51	x53	x54	x58	x73	x87	x89	x99	1	1.596187e-02
8006.000000	71.316000	0	x3	x7	x10	x17	x31	x32	x34	x35	x36	x46	x51	x53	x54	x58	x73	x82	x87	x89	x90	x99	1	1.571299e-02
6094.000000	97.163000	0	x1	x2	x3	x7	x8	x9	x17	x31	x32	x34	x35	x36	x41	x46	x51	x53	x54	x58	x63	x73	x82	x87	x89	x90	x98	x99	1	1.548879e-02
8917.000000	62.873000	0	x3	x7	x10	x17	x31	x32	x34	x35	x36	x46	x51	x53	x54	x58	x87	x89	x99	1	1.540585e-02
6094.000000	97.163000	0	x1	x2	x3	x7	x8	x9	x17	x31	x32	x34	x35	x36	x41	x46	x51	x53	x54	x58	x63	x73	x82	x87	x89	x90	x98	x99	1	1.533292e-02
10164.000000	51.325000	0	x3	x7	x34	x36	x46	x51	x53	x54	x73	x87	x89	x99	1	1.507738e-02
5252.000000	120.884000	0	x2	x3	x8	x9	x17	x29	x32	x35	x36	x41	x42	x46	x53	x54	x58	x59	x60	x62	x73	x81	x82	x87	x89	x90	x98	x99	1	1.505491e-02
11766.000000	41.650000	0	x2	x3	x7	x34	x36	x46	x54	x99	1	1.493338e-02
12675.000000	38.028000	0	x3	x7	x54	x64	x66	x99	1	1.461332e-02
11884.000000	41.070000	0	x3	x7	x34	x36	x53	x54	x99	1	1.446929e-02
12612.000000	38.687000	0	x7	x34	x36	x54	x81	x99	1	1.446929e-02
10288.000000	50.277000	0	x3	x7	x10	x17	x34	x36	x53	x54	x73	x87	x89	x99	1	1.431398e-02
8206.000000	68.985000	0	x1	x3	x7	x17	x31	x32	x34	x35	x36	x46	x51	x53	x54	x73	x82	x87	x89	x90	x99	1	1.430949e-02
10933.000000	46.458000	0	x3	x7	x17	x34	x36	x51	x53	x54	x73	x99	1	1.417669e-02
11168.000000	45.497000	0	x3	x7	x53	x54	x73	x87	x89	x99	1	1.403213e-02
11365.000000	43.820000	0	x3	x7	x36	x51	x53	x54	x73	x99	1	1.390372e-02
5345.000000	117.017000	0	x2	x3	x8	x9	x17	x29	x31	x32	x35	x36	x41	x42	x46	x53	x54	x58	x59	x62	x70	x73	x82	x87	x89	x90	x98	x99	1	1.361836e-02
9258.000000	59.122000	0	x3	x7	x17	x31	x32	x34	x35	x36	x51	x53	x54	x73	x87	x89	x99	1	1.353883e-02
12311.000000	39.665000	0	x3	x7	x53	x54	x64	x99	1	1.343239e-02
9926.000000	53.354000	0	x1	x2	x3	x7	x34	x36	x46	x53	x54	x73	x87	x89	x99	1	1.340595e-02
10282.000000	50.710000	0	x3	x7	x10	x34	x36	x53	x54	x73	x82	x87	x89	x99	1	1.331071e-02
12768.000000	37.749000	0	x3	x7	x34	x54	x64	x99	1	1.287747e-02
7974.000000	71.859000	0	x1	x3	x7	x17	x31	x32	x34	x35	x36	x41	x46	x51	x53	x54	x58	x82	x87	x89	x90	x99	1	1.287686e-02
12500.000000	38.737000	0	x3	x7	x34	x36	x54	x99	1	1.250641e-02
9086.000000	60.879000	0	x3	x7	x17	x32	x34	x35	x36	x46	x53	x54	x73	x82	x87	x89	x99	1	1.222783e-02
10088.000000	52.152000	0	x2	x3	x7	x17	x34	x36	x53	x54	x73	x87	x89	x99	1	1.212138e-02
7828.000000	74.803000	0	x1	x2	x3	x7	x17	x31	x34	x36	x46	x51	x53	x54	x58	x63	x73	x82	x87	x89	x90	x98	x99	1	1.207649e-02
5942.000000	101.498000	0	x1	x2	x3	x7	x8	x17	x29	x31	x32	x34	x36	x41	x46	x51	x53	x54	x58	x71	x73	x81	x82	x87	x89	x90	x98	x99	1	1.206638e-02
8954.000000	62.265000	0	x3	x7	x17	x31	x32	x34	x36	x41	x46	x51	x53	x54	x73	x87	x89	x99	1	1.184499e-02
7282.000000	80.185000	0	x1	x2	x3	x7	x17	x31	x32	x34	x35	x36	x41	x46	x51	x53	x54	x58	x82	x87	x89	x90	x98	x99	1	1.170764e-02
10690.000000	47.155000	0	x3	x7	x34	x36	x53	x54	x73	x87	x89	x99	1	1.142858e-02
8806.000000	63.430000	0	x1	x3	x7	x17	x31	x32	x34	x35	x36	x51	x53	x54	x73	x82	x87	x89	x99	1	1.101660e-02
13527.000000	35.845000	0	x45	x54	x99	1	1.091966e-02
10690.000000	47.155000	0	x3	x7	x34	x36	x53	x54	x73	x87	x89	x99	1	1.066514e-02
11194.000000	45.476000	0	x3	x7	x51	x53	x54	x73	x87	x99	1	1.060067e-02
6826.000000	86.249000	0	x1	x2	x3	x7	x8	x17	x31	x32	x34	x36	x41	x46	x51	x53	x54	x58	x73	x82	x87	x89	x90	x98	x99	1	1.041626e-02
11766.000000	41.650000	0	x2	x3	x7	x34	x36	x46	x54	x99	1	1.032775e-02
11884.000000	41.070000	0	x3	x7	x34	x36	x53	x54	x99	1	1.032775e-02
