# This file contains the data of final feasible population (if found)
# of objectives = 2, # of constraints = 0, # of real_var = 0, # of bits of bin_var = 100, constr_violation, rank, crowding_distance
5188.000000	129.937000	0	x2	x3	x8	x9	x17	x29	x32	x35	x36	x40	x41	x42	x46	x53	x54	x58	x59	x62	x70	x71	x73	x82	x87	x90	x97	x98	1	1.000000e+14
13527.000000	35.845000	0	x45	x54	x99	1	1.000000e+14
10234.000000	50.578000	0	x1	x3	x7	x34	x36	x46	x53	x54	x73	x87	x89	x99	1	3.381465e-02
11145.000000	44.913000	0	x3	x7	x34	x36	x46	x53	x54	x73	x99	1	3.041124e-02
10386.000000	49.252000	0	x3	x7	x34	x36	x46	x53	x54	x73	x87	x89	x99	1	2.953490e-02
12581.000000	38.530000	0	x3	x7	x36	x45	x54	x99	1	2.925352e-02
10750.000000	46.948000	0	x3	x7	x36	x45	x53	x54	x73	x87	x89	x99	1	2.876038e-02
12921.000000	37.289000	0	x3	x7	x45	x54	x99	1	2.737965e-02
12705.000000	37.933000	0	x2	x3	x45	x54	x99	1	2.698075e-02
5224.000000	123.967000	0	x2	x3	x8	x9	x17	x29	x32	x35	x36	x40	x41	x42	x46	x53	x54	x58	x59	x62	x71	x73	x82	x87	x89	x90	x98	x99	1	2.696210e-02
5480.000000	113.528000	0	x2	x3	x7	x8	x9	x17	x29	x31	x32	x35	x36	x41	x46	x51	x53	x54	x58	x59	x62	x73	x82	x87	x89	x90	x98	x99	1	2.639759e-02
9712.000000	55.484000	0	x1	x2	x3	x7	x34	x36	x51	x53	x54	x73	x87	x89	x90	x99	1	2.621259e-02
5844.000000	103.615000	0	x1	x2	x3	x7	x8	x9	x17	x29	x31	x32	x34	x36	x41	x46	x51	x53	x54	x58	x59	x73	x82	x87	x89	x90	x98	x99	1	2.473486e-02
10120.000000	52.614000	0	x3	x7	x34	x36	x45	x51	x53	x54	x73	x87	x89	x90	x99	1	2.471008e-02
9864.000000	53.979000	0	x3	x7	x34	x36	x46	x51	x53	x54	x73	x82	x87	x89	x99	1	2.440169e-02
6206.000000	95.992000	0	x1	x2	x3	x7	x8	x9	x17	x23	x31	x32	x34	x36	x41	x46	x51	x53	x54	x58	x63	x73	x82	x87	x89	x90	x98	x99	1	2.400340e-02
8600.000000	66.068000	0	x2	x3	x7	x17	x32	x34	x36	x46	x51	x53	x54	x73	x87	x89	x90	x97	x99	1	2.385772e-02
8860.000000	62.981000	0	x2	x3	x7	x17	x32	x34	x36	x46	x51	x53	x54	x73	x87	x89	x90	x99	1	2.385595e-02
13077.000000	36.978000	0	x2	x45	x54	x99	1	2.369655e-02
6766.000000	87.888000	0	x1	x2	x3	x7	x17	x31	x32	x34	x36	x41	x46	x51	x53	x54	x58	x59	x63	x73	x82	x87	x89	x90	x98	x99	1	2.353515e-02
7966.000000	71.786000	0	x1	x2	x3	x7	x17	x31	x32	x34	x36	x41	x46	x51	x53	x54	x58	x82	x87	x89	x90	x99	1	2.274728e-02
7662.000000	75.400000	0	x1	x2	x3	x7	x17	x31	x32	x34	x36	x41	x46	x51	x53	x54	x58	x73	x82	x87	x89	x90	x99	1	2.269325e-02
8410.000000	67.866000	0	x1	x2	x3	x17	x31	x32	x34	x36	x46	x51	x53	x54	x58	x73	x87	x89	x90	x99	1	2.269325e-02
10008.000000	52.678000	0	x1	x2	x3	x7	x34	x36	x51	x53	x54	x73	x87	x89	x99	1	2.260310e-02
11287.000000	44.030000	0	x3	x7	x36	x45	x51	x53	x54	x73	x99	1	2.253260e-02
12359.000000	39.534000	0	x3	x7	x36	x45	x51	x54	x99	1	2.235158e-02
12109.000000	41.285000	0	x3	x7	x45	x53	x54	x73	1	2.235158e-02
7106.000000	84.557000	0	x1	x2	x3	x7	x17	x31	x32	x34	x36	x41	x46	x51	x53	x54	x58	x59	x73	x76	x82	x87	x89	x90	x99	1	2.192928e-02
6068.000000	97.881000	0	x1	x2	x3	x7	x8	x9	x17	x29	x31	x32	x34	x36	x41	x46	x51	x53	x54	x58	x63	x73	x82	x87	x89	x90	x98	x99	1	2.182377e-02
11849.000000	41.368000	0	x3	x7	x45	x53	x54	x73	x99	1	2.169195e-02
6274.000000	94.440000	0	x1	x2	x3	x7	x8	x17	x31	x32	x34	x35	x36	x41	x46	x51	x53	x54	x58	x73	x81	x82	x87	x89	x90	x98	x99	1	2.142941e-02
10979.000000	46.592000	0	x3	x7	x36	x45	x51	x53	x54	x72	x73	x99	1	2.136060e-02
11703.000000	42.331000	0	x3	x7	x45	x53	x54	x63	x73	x99	1	2.131925e-02
10644.000000	48.692000	0	x3	x7	x45	x53	x54	x63	x73	x82	x87	x89	x99	1	2.069369e-02
6066.000000	100.717000	0	x1	x3	x7	x8	x17	x29	x31	x32	x35	x36	x41	x46	x51	x53	x54	x58	x59	x73	x76	x82	x87	x89	x90	x98	x99	1	2.066684e-02
12125.000000	40.276000	0	x3	x7	x36	x45	x54	x73	x99	1	2.058910e-02
7814.000000	73.710000	0	x1	x2	x3	x7	x17	x31	x32	x34	x36	x46	x51	x53	x54	x58	x63	x73	x82	x87	x89	x90	x99	1	2.055420e-02
9004.000000	61.501000	0	x1	x2	x3	x7	x17	x32	x34	x36	x46	x51	x53	x54	x73	x87	x89	x99	1	2.050372e-02
6946.000000	84.981000	0	x1	x3	x7	x8	x17	x23	x31	x32	x34	x36	x41	x46	x51	x53	x54	x58	x73	x82	x87	x89	x90	x98	x99	1	2.031880e-02
13317.000000	36.363000	0	x45	x54	x63	x99	1	2.031208e-02
6460.000000	92.859000	0	x1	x2	x3	x7	x8	x9	x17	x29	x31	x32	x34	x36	x41	x46	x51	x53	x54	x58	x63	x73	x82	x87	x89	x90	x99	1	2.020012e-02
5200.000000	126.402000	0	x2	x3	x8	x9	x17	x29	x32	x35	x36	x40	x41	x42	x46	x53	x54	x58	x59	x62	x70	x71	x73	x82	x87	x89	x90	x98	1	2.006361e-02
7270.000000	80.355000	0	x1	x2	x3	x7	x17	x31	x32	x34	x36	x41	x46	x51	x53	x54	x58	x73	x82	x87	x89	x90	x98	x99	1	1.996648e-02
6346.000000	93.539000	0	x1	x2	x3	x7	x8	x9	x17	x23	x31	x32	x34	x36	x41	x46	x51	x53	x54	x58	x73	x82	x87	x89	x90	x98	x99	1	1.955377e-02
5197.000000	127.438000	0	x2	x3	x8	x9	x17	x29	x32	x35	x36	x40	x41	x42	x46	x51	x53	x54	x58	x59	x62	x71	x73	x82	x87	x89	x90	x98	1	1.950432e-02
8106.000000	70.620000	0	x2	x3	x7	x17	x31	x32	x34	x36	x46	x51	x53	x54	x58	x73	x82	x87	x89	x90	x99	1	1.946618e-02
7906.000000	72.644000	0	x1	x2	x3	x7	x17	x31	x32	x34	x36	x41	x46	x51	x53	x54	x73	x82	x87	x89	x90	x99	1	1.933784e-02
9557.000000	57.114000	0	x1	x3	x7	x17	x31	x32	x34	x36	x46	x51	x53	x54	x73	x89	x99	1	1.895063e-02
10601.000000	49.161000	0	x3	x7	x34	x36	x46	x53	x54	x73	x89	x90	x99	1	1.844529e-02
5644.000000	108.991000	0	x1	x2	x3	x7	x8	x9	x17	x31	x32	x35	x36	x41	x42	x46	x53	x54	x58	x59	x73	x81	x82	x87	x89	x90	x98	x99	1	1.838513e-02
6115.000000	97.163000	0	x1	x2	x3	x7	x8	x9	x17	x23	x31	x32	x34	x36	x41	x46	x51	x53	x54	x58	x73	x82	x87	x89	x90	x93	x98	x99	1	1.831242e-02
7118.000000	82.795000	0	x1	x2	x3	x7	x8	x17	x31	x32	x34	x36	x46	x51	x53	x54	x58	x73	x82	x87	x89	x90	x98	x99	1	1.828779e-02
7772.000000	75.000000	0	x1	x2	x3	x7	x17	x32	x34	x36	x46	x51	x53	x54	x58	x73	x82	x87	x89	x90	x98	x99	1	1.809437e-02
6640.000000	90.478000	0	x1	x2	x3	x7	x8	x9	x23	x31	x32	x34	x36	x41	x46	x51	x53	x54	x58	x73	x82	x87	x89	x90	x98	x99	1	1.809437e-02
8250.000000	69.140000	0	x1	x2	x3	x7	x17	x31	x32	x34	x36	x46	x51	x53	x54	x58	x73	x82	x87	x89	x99	1	1.800050e-02
13275.000000	36.824000	0	x45	x54	x91	x99	1	1.765829e-02
5270.000000	122.118000	0	x2	x3	x8	x9	x17	x29	x32	x35	x36	x40	x41	x42	x46	x53	x54	x58	x59	x62	x73	x82	x87	x89	x90	x97	x98	x99	1	1.737264e-02
8704.000000	64.483000	0	x1	x2	x3	x7	x17	x32	x34	x36	x46	x51	x53	x54	x73	x82	x87	x89	x99	1	1.733519e-02
5591.000000	109.272000	0	x2	x3	x7	x8	x9	x17	x29	x31	x32	x35	x36	x41	x46	x51	x53	x54	x58	x59	x70	x73	x82	x87	x89	x90	x98	x99	1	1.721526e-02
9768.000000	54.562000	0	x1	x2	x3	x7	x17	x36	x45	x51	x53	x54	x73	x87	x89	x99	1	1.711129e-02
5892.000000	101.852000	0	x1	x2	x3	x8	x9	x17	x29	x31	x32	x34	x35	x36	x41	x46	x51	x53	x54	x58	x73	x78	x82	x87	x89	x90	x98	x99	1	1.692335e-02
9404.000000	58.081000	0	x1	x2	x3	x7	x34	x36	x46	x51	x53	x54	x73	x82	x87	x89	x99	1	1.654341e-02
8938.000000	62.634000	0	x3	x7	x17	x31	x32	x34	x36	x40	x46	x53	x54	x73	x87	x89	x90	x99	1	1.649877e-02
5682.000000	106.839000	0	x1	x2	x3	x7	x8	x9	x17	x31	x32	x35	x36	x41	x42	x46	x51	x53	x54	x58	x59	x73	x82	x87	x89	x90	x98	x99	1	1.647219e-02
6018.000000	101.206000	0	x1	x2	x3	x7	x8	x9	x17	x29	x32	x34	x36	x41	x46	x51	x53	x54	x58	x63	x73	x81	x82	x87	x89	x90	x98	x99	1	1.646424e-02
8390.000000	67.969000	0	x2	x3	x7	x17	x31	x32	x34	x36	x46	x51	x53	x54	x73	x87	x89	x90	x97	x99	1	1.636345e-02
5411.000000	117.043000	0	x3	x8	x9	x17	x29	x31	x32	x35	x36	x40	x41	x42	x46	x53	x54	x58	x59	x62	x70	x73	x82	x87	x89	x90	x98	x99	1	1.633845e-02
9102.000000	60.626000	0	x1	x3	x7	x17	x31	x32	x34	x36	x46	x51	x53	x54	x73	x87	x89	x99	1	1.633688e-02
5550.000000	111.170000	0	x1	x2	x3	x7	x8	x9	x17	x29	x31	x32	x35	x36	x41	x46	x53	x54	x58	x59	x62	x73	x82	x87	x89	x90	x98	x99	1	1.565552e-02
10966.000000	46.913000	0	x3	x7	x45	x53	x54	x68	x73	x93	x98	x99	1	1.562243e-02
6506.000000	91.543000	0	x1	x2	x3	x7	x8	x17	x23	x31	x32	x34	x36	x41	x46	x51	x53	x54	x58	x63	x73	x82	x87	x89	x90	x98	x99	1	1.544075e-02
5378.000000	117.857000	0	x1	x2	x3	x8	x9	x17	x29	x32	x35	x36	x40	x41	x42	x46	x53	x54	x58	x59	x62	x73	x82	x87	x89	x90	x98	x99	1	1.535706e-02
5311.000000	119.708000	0	x2	x3	x8	x9	x17	x29	x32	x35	x36	x40	x41	x42	x46	x53	x54	x58	x59	x62	x70	x73	x82	x87	x89	x90	x98	x99	1	1.527645e-02
5299.000000	121.544000	0	x2	x3	x8	x9	x17	x29	x32	x35	x36	x40	x41	x46	x53	x54	x58	x59	x62	x70	x71	x73	x82	x87	x89	x90	x98	x99	1	1.526494e-02
7390.000000	79.087000	0	x1	x3	x7	x17	x23	x31	x32	x34	x36	x41	x46	x51	x53	x54	x58	x73	x82	x87	x89	x90	x98	x99	1	1.507587e-02
11509.000000	42.609000	0	x3	x7	x36	x45	x53	x54	x73	x99	1	1.478823e-02
7562.000000	76.901000	0	x1	x2	x3	x7	x17	x31	x32	x34	x36	x46	x51	x53	x54	x58	x73	x82	x87	x89	x90	x98	x99	1	1.469486e-02
8624.000000	65.791000	0	x1	x3	x7	x17	x32	x34	x36	x46	x51	x53	x54	x73	x87	x89	x90	x98	x99	1	1.465837e-02
12305.000000	39.622000	0	x3	x7	x45	x53	x54	x99	1	1.426798e-02
5766.000000	105.085000	0	x1	x2	x3	x7	x8	x17	x29	x31	x32	x35	x36	x41	x46	x51	x53	x54	x58	x59	x73	x76	x82	x87	x89	x90	x98	x99	1	1.399748e-02
7562.000000	76.901000	0	x1	x2	x3	x7	x17	x31	x32	x34	x36	x46	x51	x53	x54	x58	x73	x82	x87	x89	x90	x98	x99	1	1.397216e-02
7356.000000	80.179000	0	x1	x2	x3	x7	x17	x31	x32	x34	x36	x41	x46	x51	x53	x54	x58	x71	x73	x82	x87	x89	x90	x99	1	1.393319e-02
6906.000000	86.124000	0	x1	x2	x3	x7	x17	x31	x32	x34	x36	x41	x46	x51	x53	x54	x58	x59	x73	x82	x87	x89	x90	x98	x99	1	1.393319e-02
7210.000000	82.289000	0	x1	x2	x3	x7	x8	x9	x17	x31	x32	x34	x36	x46	x51	x53	x54	x58	x73	x82	x87	x89	x90	x99	1	1.387473e-02
11777.000000	41.621000	0	x3	x7	x45	x53	x54	x64	x73	x99	1	1.387138e-02
5330.000000	119.019000	0	x2	x3	x8	x9	x17	x29	x31	x32	x35	x36	x40	x41	x42	x46	x53	x54	x58	x59	x62	x73	x82	x87	x89	x90	x98	x99	1	1.385339e-02
9464.000000	57.399000	0	x3	x7	x17	x32	x34	x36	x46	x51	x53	x54	x73	x87	x89	x99	1	1.331714e-02
11261.000000	44.051000	0	x3	x7	x36	x45	x53	x54	x73	x89	x99	1	1.320643e-02
8175.000000	70.481000	0	x1	x2	x3	x7	x17	x31	x32	x34	x36	x46	x51	x53	x54	x58	x87	x89	x90	x98	x99	1	1.311519e-02
9234.000000	59.828000	0	x3	x7	x17	x31	x32	x34	x36	x40	x46	x53	x54	x73	x87	x89	x99	1	1.309342e-02
5520.000000	111.417000	0	x1	x2	x3	x8	x9	x17	x29	x31	x32	x35	x36	x41	x42	x46	x51	x53	x54	x58	x59	x73	x82	x87	x89	x90	x98	x99	1	1.301652e-02
7462.000000	78.538000	0	x1	x2	x3	x7	x8	x17	x31	x32	x34	x36	x41	x46	x51	x53	x54	x73	x82	x87	x89	x90	x99	1	1.301600e-02
5766.000000	105.085000	0	x1	x2	x3	x7	x8	x17	x29	x31	x32	x35	x36	x41	x46	x51	x53	x54	x58	x59	x73	x76	x82	x87	x89	x90	x98	x99	1	1.284808e-02
5412.000000	115.166000	0	x1	x2	x3	x8	x9	x17	x29	x31	x32	x35	x36	x41	x42	x46	x53	x54	x58	x59	x62	x73	x82	x87	x89	x90	x98	x99	1	1.278147e-02
9308.000000	58.752000	0	x1	x2	x3	x7	x17	x32	x34	x36	x51	x53	x54	x73	x87	x89	x99	1	1.272710e-02
13527.000000	35.845000	0	x45	x54	x99	1	1.259144e-02
6826.000000	86.249000	0	x1	x2	x3	x7	x8	x17	x31	x32	x34	x36	x41	x46	x51	x53	x54	x58	x73	x82	x87	x89	x90	x98	x99	1	1.230711e-02
9164.000000	60.232000	0	x2	x3	x7	x17	x32	x34	x36	x51	x53	x54	x73	x87	x89	x90	x99	1	1.215515e-02
8704.000000	64.483000	0	x1	x2	x3	x7	x17	x32	x34	x36	x46	x51	x53	x54	x73	x82	x87	x89	x99	1	1.174738e-02
11509.000000	42.609000	0	x3	x7	x36	x45	x53	x54	x73	x99	1	1.163209e-02
