# This file contains the data of final feasible population (if found)
# of objectives = 2, # of constraints = 0, # of real_var = 0, # of bits of bin_var = 100, constr_violation, rank, crowding_distance
5191.000000	124.827000	0	x2	x3	x8	x9	x17	x29	x32	x35	x36	x41	x42	x46	x53	x54	x58	x59	x60	x62	x73	x80	x81	x82	x87	x89	x90	x98	1	1.000000e+14
13527.000000	35.845000	0	x45	x54	x99	1	1.000000e+14
10742.000000	47.032000	0	x3	x7	x34	x36	x53	x68	x73	x87	x89	x99	1	3.440428e-02
9142.000000	60.228000	0	x2	x3	x7	x10	x17	x31	x32	x34	x36	x51	x53	x54	x73	x87	x89	x99	1	3.431868e-02
7466.000000	78.240000	0	x2	x3	x7	x10	x17	x31	x32	x34	x36	x46	x51	x53	x54	x58	x63	x73	x82	x87	x89	x90	x98	x99	1	3.012159e-02
5810.000000	104.273000	0	x1	x2	x3	x7	x8	x9	x17	x29	x31	x32	x35	x36	x41	x42	x46	x53	x54	x58	x63	x73	x82	x87	x89	x90	x98	x99	1	2.944952e-02
5256.000000	120.174000	0	x2	x3	x8	x9	x17	x29	x32	x35	x36	x41	x42	x46	x53	x54	x58	x59	x60	x62	x73	x80	x82	x87	x89	x90	x98	x99	1	2.891387e-02
8966.000000	62.255000	0	x3	x7	x10	x17	x23	x31	x32	x34	x36	x51	x53	x54	x73	x87	x89	x90	x99	1	2.873903e-02
6438.000000	93.453000	0	x2	x3	x8	x9	x17	x31	x32	x34	x36	x41	x46	x51	x53	x54	x58	x63	x73	x80	x82	x87	x89	x90	x98	x99	1	2.772563e-02
12872.000000	37.782000	0	x7	x34	x36	x54	x99	1	2.767911e-02
12705.000000	37.933000	0	x2	x3	x45	x54	x99	1	2.767911e-02
5710.000000	106.530000	0	x1	x2	x3	x7	x8	x9	x17	x29	x31	x32	x35	x36	x41	x46	x51	x53	x54	x58	x59	x60	x82	x87	x89	x90	x98	x99	1	2.759626e-02
6069.000000	98.080000	0	x1	x2	x3	x7	x8	x9	x17	x30	x31	x32	x34	x35	x36	x41	x46	x51	x53	x54	x58	x73	x82	x87	x89	x90	x98	x99	1	2.601637e-02
9454.000000	57.223000	0	x2	x3	x7	x10	x17	x34	x36	x46	x51	x53	x54	x73	x87	x89	x99	1	2.591471e-02
7314.000000	79.930000	0	x2	x3	x7	x10	x17	x31	x32	x34	x36	x41	x46	x51	x53	x54	x58	x73	x82	x87	x89	x90	x98	x99	1	2.528262e-02
9552.000000	56.339000	0	x3	x7	x10	x17	x31	x34	x36	x46	x51	x53	x54	x73	x87	x89	x99	1	2.521794e-02
8274.000000	69.355000	0	x3	x7	x17	x31	x32	x34	x36	x46	x51	x53	x54	x58	x63	x73	x82	x87	x89	x90	x99	1	2.482094e-02
9352.000000	58.816000	0	x3	x7	x10	x17	x31	x34	x36	x51	x53	x54	x58	x73	x81	x87	x89	x99	1	2.322733e-02
6826.000000	86.249000	0	x1	x2	x3	x7	x8	x17	x31	x32	x34	x36	x41	x46	x51	x53	x54	x58	x73	x82	x87	x89	x90	x98	x99	1	2.306124e-02
9926.000000	53.015000	0	x3	x7	x17	x31	x34	x36	x53	x54	x73	x81	x87	x89	x99	1	2.303654e-02
12500.000000	38.737000	0	x3	x7	x34	x36	x54	x99	1	2.297800e-02
5387.000000	116.401000	0	x2	x3	x8	x9	x17	x29	x31	x32	x35	x36	x41	x46	x53	x54	x58	x59	x60	x62	x70	x73	x82	x87	x89	x90	x98	x99	1	2.272501e-02
6776.000000	88.071000	0	x1	x2	x3	x7	x8	x17	x32	x34	x36	x41	x46	x51	x53	x54	x58	x73	x81	x82	x87	x89	x90	x98	x99	1	2.264739e-02
6009.000000	99.223000	0	x1	x2	x3	x7	x8	x9	x16	x17	x31	x32	x34	x35	x36	x41	x46	x51	x53	x54	x58	x73	x82	x87	x89	x90	x98	x99	1	2.260675e-02
7174.000000	81.694000	0	x2	x3	x7	x10	x17	x31	x32	x34	x36	x41	x46	x51	x53	x54	x58	x63	x73	x82	x87	x89	x90	x98	x99	1	2.194238e-02
6178.000000	96.397000	0	x1	x2	x3	x7	x8	x17	x29	x31	x32	x34	x35	x36	x41	x46	x53	x54	x58	x73	x81	x82	x87	x89	x90	x98	x99	1	2.169266e-02
5592.000000	110.136000	0	x2	x3	x6	x7	x8	x17	x29	x31	x32	x35	x36	x41	x46	x53	x54	x58	x59	x60	x73	x81	x82	x87	x89	x90	x98	x99	1	2.128207e-02
8404.000000	67.659000	0	x2	x3	x7	x10	x17	x31	x34	x36	x46	x51	x53	x54	x58	x73	x82	x87	x89	x90	x99	1	2.123686e-02
5328.000000	118.258000	0	x2	x3	x8	x9	x17	x29	x32	x35	x36	x41	x46	x51	x53	x54	x58	x59	x60	x62	x73	x80	x82	x87	x89	x90	x98	x99	1	2.101836e-02
10130.000000	51.473000	0	x3	x7	x34	x35	x36	x53	x54	x73	x81	x87	x89	x99	1	2.090076e-02
9244.000000	59.115000	0	x2	x3	x7	x10	x17	x31	x34	x36	x46	x51	x53	x54	x73	x87	x89	x99	1	2.053016e-02
6914.000000	85.440000	0	x1	x2	x3	x7	x8	x17	x31	x32	x34	x36	x41	x46	x51	x53	x54	x58	x63	x64	x73	x87	x89	x90	x98	x99	1	2.034629e-02
6986.000000	84.336000	0	x1	x2	x3	x7	x8	x17	x31	x32	x34	x36	x41	x46	x51	x53	x54	x58	x63	x73	x87	x89	x90	x98	x99	1	2.029742e-02
5916.000000	100.470000	0	x1	x2	x3	x7	x8	x9	x17	x29	x31	x32	x34	x35	x36	x41	x46	x51	x53	x54	x58	x73	x82	x87	x89	x90	x98	x99	1	2.013734e-02
6686.000000	88.785000	0	x1	x2	x3	x7	x8	x9	x17	x31	x32	x34	x36	x41	x46	x51	x53	x54	x58	x63	x73	x87	x89	x90	x98	x99	1	1.993244e-02
7989.000000	72.303000	0	x2	x3	x7	x10	x17	x31	x32	x34	x36	x46	x53	x54	x58	x73	x82	x87	x89	x90	x93	x99	1	1.978791e-02
10938.000000	45.713000	0	x3	x7	x34	x36	x53	x73	x87	x89	x99	1	1.916785e-02
10430.000000	48.902000	0	x3	x7	x34	x36	x53	x54	x73	x81	x87	x89	x99	1	1.890898e-02
8550.000000	65.972000	0	x3	x7	x10	x17	x31	x32	x34	x36	x41	x46	x51	x53	x54	x73	x87	x89	x90	x99	1	1.884638e-02
10587.000000	48.089000	0	x2	x3	x7	x10	x34	x36	x53	x54	x87	x89	x99	1	1.860123e-02
5626.000000	108.225000	0	x1	x2	x3	x7	x8	x17	x29	x31	x32	x35	x36	x41	x42	x46	x53	x54	x58	x59	x73	x81	x82	x87	x89	x90	x98	x99	1	1.842442e-02
7286.000000	80.818000	0	x1	x3	x7	x8	x17	x31	x32	x34	x36	x41	x46	x51	x53	x54	x58	x63	x73	x87	x89	x90	x98	x99	1	1.830943e-02
11464.000000	42.732000	0	x3	x7	x34	x35	x36	x53	x54	x99	1	1.814805e-02
12167.000000	40.266000	0	x2	x3	x53	x54	x99	1	1.806690e-02
11284.000000	43.895000	0	x3	x7	x30	x34	x36	x53	x54	x73	x99	1	1.804429e-02
11125.000000	45.409000	0	x3	x7	x34	x36	x53	x54	x87	x89	x99	1	1.804429e-02
6566.000000	90.087000	0	x1	x2	x3	x7	x8	x17	x31	x32	x34	x36	x41	x46	x51	x53	x54	x58	x73	x81	x82	x87	x89	x90	x98	x99	1	1.801789e-02
8800.000000	64.019000	0	x2	x3	x7	x10	x17	x31	x32	x34	x36	x46	x53	x54	x73	x81	x87	x89	x99	1	1.799267e-02
11827.000000	41.507000	0	x2	x3	x36	x53	x54	x99	1	1.775458e-02
8668.000000	65.362000	0	x7	x17	x31	x32	x34	x36	x41	x46	x51	x53	x54	x73	x82	x87	x89	x90	x99	1	1.772988e-02
13293.000000	36.334000	0	x7	x45	x54	x99	1	1.765422e-02
10424.000000	50.313000	0	x3	x7	x29	x34	x36	x53	x68	x73	x87	x89	x99	1	1.736320e-02
12256.000000	40.115000	0	x7	x34	x36	x53	x54	x99	1	1.702448e-02
6221.000000	95.842000	0	x1	x2	x3	x7	x8	x9	x17	x30	x31	x32	x34	x36	x41	x46	x51	x53	x54	x58	x63	x73	x82	x87	x89	x90	x98	x99	1	1.697731e-02
5876.000000	103.061000	0	x1	x2	x3	x8	x9	x11	x17	x29	x31	x32	x34	x35	x36	x41	x46	x51	x53	x54	x58	x73	x82	x87	x89	x90	x98	x99	1	1.695836e-02
9740.000000	55.788000	0	x3	x7	x17	x34	x36	x51	x53	x54	x66	x73	x82	x87	x89	x99	1	1.685029e-02
13077.000000	36.978000	0	x2	x45	x54	x99	1	1.681383e-02
11668.000000	41.924000	0	x2	x3	x34	x36	x53	x54	x99	1	1.677633e-02
13077.000000	36.978000	0	x2	x45	x54	x99	1	1.657456e-02
7163.000000	83.410000	0	x2	x3	x7	x10	x17	x31	x32	x34	x36	x41	x46	x51	x53	x54	x58	x59	x60	x82	x87	x89	x90	x93	x99	1	1.634679e-02
7912.000000	73.261000	0	x2	x3	x7	x10	x17	x31	x32	x34	x36	x41	x46	x53	x54	x73	x81	x82	x87	x89	x90	x99	1	1.629962e-02
5247.000000	122.539000	0	x2	x3	x8	x9	x17	x29	x31	x32	x35	x36	x41	x42	x46	x53	x54	x58	x59	x60	x62	x73	x81	x82	x87	x89	x90	x98	1	1.621546e-02
12392.000000	39.638000	0	x3	x7	x10	x34	x36	x54	x99	1	1.621429e-02
11446.000000	43.345000	0	x2	x3	x34	x36	x51	x53	x54	x99	1	1.595986e-02
7070.000000	83.493000	0	x1	x2	x3	x7	x8	x17	x31	x32	x34	x36	x41	x46	x51	x53	x54	x73	x82	x87	x89	x90	x98	x99	1	1.581990e-02
13293.000000	36.334000	0	x7	x45	x54	x99	1	1.570360e-02
5480.000000	112.778000	0	x2	x3	x7	x8	x17	x29	x31	x32	x35	x36	x41	x46	x53	x54	x58	x59	x60	x62	x73	x81	x82	x87	x89	x90	x98	x99	1	1.566256e-02
11884.000000	41.070000	0	x3	x7	x34	x36	x53	x54	x99	1	1.548668e-02
8758.000000	65.037000	0	x3	x7	x10	x17	x23	x31	x32	x34	x36	x51	x53	x54	x57	x73	x87	x89	x90	x99	1	1.546394e-02
7712.000000	76.213000	0	x2	x3	x7	x10	x17	x31	x32	x34	x36	x41	x42	x46	x51	x53	x54	x58	x73	x87	x89	x90	x99	1	1.524283e-02
9777.000000	55.742000	0	x2	x3	x7	x10	x17	x31	x34	x36	x53	x54	x71	x87	x89	x99	1	1.519748e-02
6309.000000	94.774000	0	x1	x2	x3	x7	x8	x16	x17	x31	x32	x34	x35	x36	x41	x46	x51	x53	x54	x58	x73	x82	x87	x89	x90	x98	x99	1	1.516037e-02
10271.000000	51.194000	0	x3	x7	x34	x36	x53	x54	x69	x73	x81	x87	x89	x99	1	1.507779e-02
7850.000000	73.720000	0	x2	x3	x7	x10	x17	x31	x32	x34	x36	x46	x51	x53	x54	x73	x82	x87	x89	x90	x98	x99	1	1.496253e-02
7686.000000	77.167000	0	x2	x3	x7	x10	x17	x31	x32	x34	x36	x46	x51	x53	x54	x58	x59	x60	x82	x87	x89	x90	x99	1	1.463701e-02
5706.000000	108.074000	0	x1	x2	x3	x7	x8	x9	x17	x29	x31	x32	x35	x36	x41	x46	x51	x53	x54	x58	x59	x60	x73	x87	x89	x90	x98	x99	1	1.456279e-02
6614.000000	89.889000	0	x1	x2	x3	x7	x8	x9	x17	x31	x32	x34	x36	x41	x46	x51	x53	x54	x58	x63	x64	x73	x87	x89	x90	x98	x99	1	1.451378e-02
8542.000000	67.371000	0	x7	x17	x31	x32	x34	x36	x41	x46	x51	x53	x54	x66	x73	x82	x87	x89	x90	x99	1	1.432731e-02
5438.000000	114.332000	0	x2	x3	x7	x8	x17	x29	x31	x32	x35	x36	x41	x42	x46	x53	x54	x58	x59	x62	x73	x81	x82	x87	x89	x90	x98	x99	1	1.414514e-02
10341.000000	51.042000	0	x3	x7	x17	x24	x34	x36	x53	x68	x73	x87	x89	x99	1	1.412750e-02
8067.000000	71.394000	0	x2	x3	x7	x10	x17	x31	x32	x34	x36	x46	x51	x53	x54	x58	x73	x87	x89	x90	x93	x99	1	1.406438e-02
6502.000000	91.900000	0	x1	x2	x3	x7	x8	x10	x17	x31	x32	x34	x36	x41	x46	x51	x53	x54	x58	x73	x81	x82	x87	x89	x90	x98	x99	1	1.402623e-02
10568.000000	48.485000	0	x3	x7	x36	x53	x54	x73	x81	x87	x89	x99	1	1.398533e-02
5365.000000	117.597000	0	x2	x3	x8	x9	x17	x29	x32	x35	x36	x41	x46	x51	x53	x54	x58	x59	x60	x62	x70	x73	x82	x87	x89	x90	x98	x99	1	1.397356e-02
5247.000000	122.539000	0	x2	x3	x8	x9	x17	x29	x31	x32	x35	x36	x41	x42	x46	x53	x54	x58	x59	x60	x62	x73	x81	x82	x87	x89	x90	x98	1	1.382903e-02
7730.000000	74.924000	0	x1	x3	x7	x17	x31	x32	x34	x36	x41	x46	x51	x53	x54	x58	x63	x73	x87	x89	x90	x98	x99	1	1.362126e-02
8850.000000	62.817000	0	x2	x3	x7	x10	x17	x31	x32	x34	x36	x41	x46	x51	x53	x54	x87	x89	x99	1	1.307647e-02
5486.000000	112.057000	0	x2	x3	x7	x8	x9	x17	x29	x31	x32	x35	x36	x41	x42	x46	x53	x54	x58	x59	x60	x73	x82	x87	x89	x90	x98	x99	1	1.305895e-02
11125.000000	45.409000	0	x3	x7	x34	x36	x53	x54	x87	x89	x99	1	1.292462e-02
10938.000000	45.713000	0	x3	x7	x34	x36	x53	x73	x87	x89	x99	1	1.292462e-02
11284.000000	43.895000	0	x3	x7	x30	x34	x36	x53	x54	x73	x99	1	1.280740e-02
9818.000000	53.916000	0	x3	x7	x10	x17	x31	x34	x36	x53	x54	x73	x81	x87	x89	x99	1	1.271972e-02
8112.000000	71.113000	0	x2	x3	x7	x10	x17	x31	x34	x36	x41	x46	x51	x53	x54	x58	x73	x82	x87	x89	x90	x99	1	1.256983e-02
6502.000000	91.900000	0	x1	x2	x3	x7	x8	x10	x17	x31	x32	x34	x36	x41	x46	x51	x53	x54	x58	x73	x81	x82	x87	x89	x90	x98	x99	1	1.256526e-02
8150.000000	70.043000	0	x2	x3	x7	x10	x17	x31	x32	x34	x36	x46	x51	x53	x54	x73	x87	x89	x90	x98	x99	1	1.210188e-02
11668.000000	41.924000	0	x2	x3	x34	x36	x53	x54	x99	1	1.188012e-02
5438.000000	114.332000	0	x2	x3	x7	x8	x17	x29	x31	x32	x35	x36	x41	x42	x46	x53	x54	x58	x59	x62	x73	x81	x82	x87	x89	x90	x98	x99	1	1.179112e-02
12008.000000	40.683000	0	x2	x3	x34	x53	x54	x99	1	1.171155e-02
12457.000000	39.375000	0	x2	x3	x45	x54	x89	x99	1	1.154075e-02
9914.000000	53.267000	0	x3	x7	x17	x34	x36	x51	x53	x54	x73	x81	x87	x89	x99	1	1.154075e-02
