# This file contains the data of final feasible population (if found)
# of objectives = 2, # of constraints = 0, # of real_var = 0, # of bits of bin_var = 100, constr_violation, rank, crowding_distance
13527.000000	35.845000	0	x45	x89	x99	1	1.000000e+14
5194.000000	126.268000	0	x2	x3	x8	x9	x17	x29	x32	x35	x36	x41	x42	x46	x53	x54	x58	x59	x60	x62	x71	x73	x81	x82	x87	x90	x98	x99	1	1.000000e+14
10669.000000	48.095000	0	x3	x7	x17	x35	x36	x51	x53	x54	x66	x89	x99	1	3.665261e-02
10414.000000	49.097000	0	x3	x7	x35	x36	x53	x54	x66	x81	x87	x89	x99	1	3.230364e-02
6456.000000	92.068000	0	x2	x3	x7	x8	x9	x10	x17	x31	x32	x34	x35	x36	x41	x46	x51	x53	x54	x58	x66	x82	x87	x89	x90	x98	x99	1	3.016497e-02
5586.000000	111.331000	0	x2	x3	x8	x10	x17	x31	x32	x35	x36	x41	x42	x46	x53	x54	x58	x59	x60	x71	x73	x81	x82	x87	x89	x90	x98	x99	1	2.824769e-02
13155.000000	36.800000	0	x3	x45	x89	x99	1	2.772387e-02
12675.000000	38.028000	0	x3	x7	x64	x66	x89	x99	1	2.760163e-02
10814.000000	46.809000	0	x3	x7	x10	x35	x36	x53	x66	x87	x89	x99	1	2.727377e-02
8530.000000	66.010000	0	x3	x7	x10	x17	x31	x32	x35	x36	x46	x51	x53	x54	x66	x73	x87	x89	x90	x99	1	2.686448e-02
6756.000000	87.619000	0	x2	x3	x7	x8	x10	x17	x31	x32	x34	x35	x36	x41	x46	x51	x53	x54	x58	x66	x82	x87	x89	x90	x98	x99	1	2.635333e-02
10066.000000	52.690000	0	x3	x7	x35	x36	x53	x66	x81	x82	x87	x89	x90	x99	1	2.626163e-02
11837.000000	41.943000	0	x3	x7	x17	x53	x66	x89	x99	1	2.603508e-02
5631.000000	108.677000	0	x2	x3	x7	x8	x17	x31	x32	x35	x36	x41	x42	x46	x51	x53	x54	x58	x59	x60	x73	x81	x82	x87	x89	x90	x98	x99	1	2.588789e-02
8834.000000	63.202000	0	x3	x7	x10	x17	x31	x32	x35	x36	x46	x51	x53	x54	x66	x87	x89	x90	x99	1	2.532048e-02
7470.000000	78.704000	0	x1	x3	x7	x17	x23	x31	x32	x35	x36	x41	x46	x51	x53	x54	x58	x66	x73	x82	x87	x89	x90	x99	1	2.524063e-02
6378.000000	94.220000	0	x2	x3	x7	x8	x10	x17	x23	x31	x32	x35	x36	x41	x46	x51	x53	x54	x58	x66	x73	x82	x87	x89	x90	x98	x99	1	2.482506e-02
9536.000000	56.534000	0	x3	x7	x10	x17	x31	x35	x36	x46	x51	x53	x54	x66	x87	x89	x99	1	2.477378e-02
5984.000000	101.409000	0	x2	x3	x7	x8	x17	x29	x31	x32	x35	x36	x41	x46	x51	x53	x54	x58	x59	x66	x73	x82	x87	x89	x90	x98	x99	1	2.477154e-02
5865.000000	103.851000	0	x2	x3	x7	x8	x9	x10	x16	x17	x31	x32	x35	x36	x41	x42	x46	x51	x53	x54	x58	x73	x82	x87	x89	x90	x98	x99	1	2.427394e-02
8936.000000	62.148000	0	x3	x7	x10	x17	x31	x35	x36	x46	x51	x53	x54	x66	x73	x87	x89	x90	x99	1	2.377438e-02
6090.000000	99.679000	0	x2	x3	x7	x8	x9	x10	x17	x31	x32	x35	x36	x41	x42	x46	x51	x53	x54	x58	x73	x82	x87	x89	x90	x98	x99	1	2.362758e-02
12305.000000	39.622000	0	x3	x7	x45	x53	x89	x99	1	2.353792e-02
6888.000000	86.337000	0	x2	x3	x7	x8	x10	x14	x17	x31	x32	x36	x41	x46	x51	x53	x54	x58	x73	x82	x87	x89	x90	x98	x99	1	2.329199e-02
7698.000000	75.193000	0	x2	x3	x7	x10	x17	x31	x32	x35	x36	x41	x46	x51	x53	x54	x58	x66	x82	x87	x89	x90	x99	1	2.325947e-02
8446.000000	67.744000	0	x1	x3	x7	x17	x31	x32	x35	x36	x41	x46	x51	x53	x66	x82	x87	x89	x90	x99	1	2.302749e-02
5286.000000	120.754000	0	x2	x3	x8	x9	x17	x29	x32	x35	x36	x41	x42	x46	x53	x54	x58	x59	x60	x71	x73	x81	x82	x87	x89	x90	x98	x99	1	2.299279e-02
5430.000000	115.172000	0	x2	x3	x7	x8	x17	x29	x32	x35	x36	x41	x42	x46	x53	x54	x58	x59	x60	x71	x73	x81	x82	x87	x89	x90	x98	x99	1	2.287674e-02
5772.000000	105.098000	0	x2	x3	x7	x8	x9	x10	x17	x29	x31	x32	x35	x36	x41	x42	x46	x51	x53	x54	x58	x73	x82	x87	x89	x90	x98	x99	1	2.287003e-02
9452.000000	58.000000	0	x3	x7	x10	x35	x36	x41	x46	x51	x53	x54	x66	x87	x89	x90	x99	1	2.260395e-02
11433.000000	43.011000	0	x3	x7	x35	x36	x53	x66	x89	x99	1	2.255175e-02
9862.000000	53.798000	0	x3	x7	x17	x35	x36	x51	x53	x54	x66	x87	x89	x90	x99	1	2.221313e-02
6726.000000	89.345000	0	x2	x3	x8	x17	x31	x32	x35	x36	x41	x46	x51	x53	x54	x58	x63	x66	x81	x82	x87	x89	x90	x98	x99	1	2.176622e-02
7154.000000	82.598000	0	x2	x3	x7	x8	x10	x17	x31	x32	x36	x41	x46	x51	x53	x54	x58	x66	x82	x87	x89	x90	x98	x99	1	2.170803e-02
5376.000000	115.714000	0	x2	x3	x8	x17	x29	x31	x32	x35	x36	x41	x42	x46	x53	x54	x58	x59	x60	x71	x73	x81	x82	x87	x89	x90	x98	x99	1	2.169950e-02
8762.000000	64.839000	0	x1	x3	x7	x17	x35	x36	x41	x45	x46	x51	x53	x54	x66	x82	x87	x89	x90	x99	1	2.153174e-02
9232.000000	59.342000	0	x3	x7	x10	x17	x31	x35	x36	x46	x51	x53	x54	x66	x73	x87	x89	x99	1	2.137803e-02
12131.000000	40.108000	0	x3	x7	x53	x66	x89	x99	1	2.128370e-02
8286.000000	68.766000	0	x3	x7	x10	x17	x31	x32	x35	x36	x46	x51	x53	x54	x58	x66	x73	x87	x89	x90	x99	1	2.114645e-02
5894.000000	102.032000	0	x2	x3	x7	x8	x9	x10	x17	x31	x32	x35	x36	x41	x46	x51	x53	x54	x58	x59	x66	x73	x82	x87	x89	x90	x98	x99	1	2.064349e-02
9340.000000	58.495000	0	x3	x7	x10	x17	x32	x35	x36	x46	x51	x53	x54	x66	x87	x89	x99	1	2.062121e-02
12415.000000	38.933000	0	x3	x7	x64	x66	x81	x89	x99	1	2.060488e-02
7294.000000	80.691000	0	x2	x3	x7	x10	x17	x31	x32	x35	x36	x46	x51	x53	x54	x58	x66	x73	x82	x87	x89	x90	x98	x99	1	2.041417e-02
6976.000000	85.794000	0	x2	x3	x7	x10	x17	x29	x31	x32	x35	x36	x46	x51	x53	x54	x58	x66	x73	x82	x87	x89	x90	x98	x99	1	2.040094e-02
8726.000000	65.924000	0	x2	x3	x10	x17	x31	x32	x35	x36	x46	x51	x53	x54	x66	x81	x87	x89	x99	1	2.039568e-02
8146.000000	70.625000	0	x3	x7	x10	x17	x31	x32	x35	x36	x46	x51	x53	x54	x58	x63	x66	x73	x87	x89	x90	x99	1	2.019602e-02
12921.000000	37.289000	0	x3	x7	x45	x89	x99	1	2.000815e-02
5737.000000	106.598000	0	x2	x3	x7	x8	x17	x29	x31	x32	x35	x36	x41	x46	x51	x53	x54	x58	x59	x66	x73	x81	x82	x87	x89	x90	x98	x99	1	1.973835e-02
5516.000000	113.096000	0	x2	x3	x7	x8	x17	x29	x31	x32	x35	x36	x41	x42	x46	x53	x54	x58	x59	x60	x71	x73	x81	x82	x87	x89	x98	x99	1	1.972732e-02
11966.000000	41.196000	0	x3	x7	x30	x53	x66	x89	x99	1	1.963155e-02
7280.000000	82.224000	0	x3	x7	x10	x17	x31	x32	x35	x36	x46	x51	x53	x54	x58	x63	x66	x71	x73	x81	x82	x87	x89	x90	x99	1	1.894522e-02
8212.000000	70.548000	0	x2	x3	x10	x17	x31	x32	x35	x36	x46	x51	x53	x54	x73	x82	x87	x89	x90	x99	1	1.867980e-02
7846.000000	73.607000	0	x3	x7	x10	x17	x31	x32	x35	x36	x46	x51	x53	x54	x58	x63	x66	x73	x82	x87	x89	x90	x99	1	1.867980e-02
7986.000000	71.748000	0	x3	x7	x10	x17	x31	x32	x35	x36	x46	x51	x53	x54	x58	x66	x73	x82	x87	x89	x90	x99	1	1.867980e-02
6112.000000	98.525000	0	x2	x3	x7	x8	x10	x17	x31	x32	x35	x36	x41	x46	x51	x53	x54	x58	x63	x66	x71	x73	x82	x87	x89	x90	x98	x99	1	1.861400e-02
11185.000000	44.453000	0	x3	x7	x35	x36	x53	x54	x66	x89	x99	1	1.845947e-02
5729.000000	108.201000	0	x3	x7	x8	x17	x29	x30	x31	x32	x35	x36	x41	x42	x46	x53	x54	x58	x59	x60	x73	x76	x82	x87	x89	x90	x98	x99	1	1.785622e-02
5331.000000	118.022000	0	x2	x3	x8	x17	x29	x31	x32	x35	x36	x41	x46	x53	x54	x58	x59	x60	x62	x71	x73	x81	x82	x87	x89	x90	x98	x99	1	1.780688e-02
7846.000000	73.607000	0	x3	x7	x10	x17	x31	x32	x35	x36	x46	x51	x53	x54	x58	x63	x66	x73	x82	x87	x89	x90	x99	1	1.765025e-02
5285.000000	121.681000	0	x2	x3	x8	x17	x29	x31	x32	x35	x36	x41	x42	x46	x53	x54	x58	x59	x60	x62	x71	x73	x81	x82	x87	x90	x98	x99	1	1.752050e-02
6275.000000	96.111000	0	x2	x3	x7	x8	x10	x17	x31	x32	x35	x36	x46	x51	x53	x54	x58	x59	x60	x66	x73	x82	x87	x89	x90	x98	x99	1	1.723678e-02
10158.000000	50.992000	0	x3	x7	x17	x35	x36	x51	x53	x54	x66	x87	x89	x99	1	1.681634e-02
5276.000000	123.814000	0	x2	x3	x8	x9	x17	x29	x32	x35	x36	x41	x42	x51	x53	x54	x58	x59	x60	x62	x71	x73	x81	x82	x87	x90	x98	x99	1	1.671476e-02
6278.000000	94.626000	0	x2	x3	x7	x8	x9	x10	x17	x31	x32	x34	x35	x36	x41	x46	x51	x53	x54	x58	x73	x82	x87	x89	x90	x98	x99	1	1.663666e-02
13299.000000	36.377000	0	x7	x64	x89	x99	1	1.662228e-02
11325.000000	43.912000	0	x3	x7	x10	x35	x36	x53	x66	x89	x99	1	1.628484e-02
7080.000000	84.731000	0	x2	x3	x7	x8	x9	x10	x17	x31	x32	x35	x36	x41	x46	x51	x53	x54	x58	x82	x87	x89	x90	x99	1	1.627325e-02
7104.000000	84.240000	0	x2	x3	x7	x8	x10	x17	x31	x32	x34	x35	x36	x41	x46	x51	x53	x54	x66	x68	x87	x89	x90	x98	x99	1	1.623474e-02
9652.000000	55.690000	0	x3	x7	x17	x31	x35	x36	x51	x53	x54	x66	x87	x89	x90	x99	1	1.623317e-02
6644.000000	90.340000	0	x2	x3	x7	x8	x10	x14	x17	x31	x32	x35	x36	x46	x51	x53	x54	x58	x63	x66	x73	x82	x87	x89	x90	x98	x99	1	1.617728e-02
10306.000000	49.998000	0	x3	x7	x10	x35	x36	x53	x54	x66	x81	x87	x89	x99	1	1.603785e-02
11639.000000	42.356000	0	x3	x35	x36	x53	x66	x89	x99	1	1.598236e-02
12077.000000	40.997000	0	x3	x7	x17	x46	x64	x66	x89	x99	1	1.591656e-02
7986.000000	71.748000	0	x3	x7	x10	x17	x31	x32	x35	x36	x46	x51	x53	x54	x58	x66	x73	x82	x87	x89	x90	x99	1	1.581009e-02
12787.000000	37.978000	0	x7	x64	x66	x81	x89	x99	1	1.558331e-02
5331.000000	118.022000	0	x2	x3	x8	x17	x29	x31	x32	x35	x36	x41	x46	x53	x54	x58	x59	x60	x62	x71	x73	x81	x82	x87	x89	x90	x98	x99	1	1.546235e-02
7638.000000	77.113000	0	x2	x3	x7	x10	x17	x31	x32	x35	x36	x41	x46	x51	x53	x54	x66	x73	x82	x87	x89	x90	x99	1	1.532796e-02
8338.000000	68.091000	0	x3	x7	x17	x31	x32	x35	x36	x46	x51	x53	x54	x66	x73	x82	x87	x89	x90	x99	1	1.525160e-02
7382.000000	79.639000	0	x1	x3	x7	x17	x23	x31	x32	x35	x36	x41	x46	x51	x53	x54	x58	x66	x82	x87	x89	x90	x98	x99	1	1.518498e-02
6558.000000	90.718000	0	x2	x3	x7	x8	x10	x17	x31	x32	x35	x36	x41	x46	x51	x53	x54	x58	x66	x73	x82	x87	x89	x90	x98	x99	1	1.508038e-02
10122.000000	51.870000	0	x3	x7	x35	x36	x41	x53	x54	x66	x81	x87	x89	x99	1	1.490942e-02
9826.000000	55.013000	0	x3	x7	x10	x35	x36	x46	x53	x54	x63	x66	x87	x89	x90	x99	1	1.461063e-02
10262.000000	50.348000	0	x3	x7	x10	x35	x36	x46	x53	x54	x66	x87	x89	x99	1	1.437674e-02
6189.000000	97.387000	0	x2	x3	x7	x8	x10	x14	x17	x31	x32	x36	x41	x46	x51	x53	x54	x58	x59	x66	x73	x82	x87	x89	x90	x93	x98	x99	1	1.428340e-02
7694.000000	76.164000	0	x3	x7	x8	x10	x17	x31	x32	x35	x36	x46	x51	x53	x54	x66	x73	x87	x89	x90	x98	x99	1	1.421691e-02
9706.000000	55.443000	0	x3	x7	x10	x17	x31	x35	x36	x45	x46	x53	x54	x66	x87	x89	x99	1	1.418393e-02
11639.000000	42.356000	0	x3	x35	x36	x53	x66	x89	x99	1	1.416419e-02
10922.000000	45.908000	0	x3	x7	x35	x36	x53	x66	x87	x89	x99	1	1.411050e-02
11077.000000	45.354000	0	x3	x7	x10	x35	x36	x53	x54	x66	x89	x99	1	1.411040e-02
5276.000000	123.814000	0	x2	x3	x8	x9	x17	x29	x32	x35	x36	x41	x42	x51	x53	x54	x58	x59	x60	x62	x71	x73	x81	x82	x87	x90	x98	x99	1	1.410958e-02
5520.000000	112.581000	0	x3	x7	x8	x17	x29	x31	x32	x35	x36	x41	x42	x46	x53	x54	x58	x59	x60	x71	x73	x81	x82	x87	x89	x90	x98	x99	1	1.395985e-02
10963.000000	45.874000	0	x3	x7	x35	x36	x51	x53	x54	x66	x89	x99	1	1.236375e-02
6192.000000	96.810000	0	x2	x3	x7	x8	x9	x10	x14	x17	x31	x32	x35	x36	x41	x46	x51	x53	x54	x58	x66	x73	x82	x87	x89	x90	x98	x99	1	1.221593e-02
7638.000000	77.113000	0	x2	x3	x7	x10	x17	x31	x32	x35	x36	x41	x46	x51	x53	x54	x66	x73	x82	x87	x89	x90	x99	1	1.215767e-02
9146.000000	60.256000	0	x3	x7	x10	x17	x35	x36	x46	x51	x53	x54	x66	x73	x87	x89	x90	x99	1	1.194841e-02
12909.000000	37.749000	0	x3	x64	x66	x89	x99	1	1.185019e-02
9086.000000	61.637000	0	x3	x7	x17	x23	x35	x36	x41	x46	x51	x53	x54	x66	x87	x89	x90	x99	1	1.182597e-02
11393.000000	43.765000	0	x3	x7	x35	x36	x53	x54	x66	x89	1	1.146240e-02
11139.000000	45.232000	0	x3	x7	x17	x35	x36	x53	x66	x89	x99	1	1.146240e-02
9130.000000	60.396000	0	x3	x7	x10	x17	x31	x32	x35	x36	x46	x51	x53	x54	x66	x87	x89	x99	1	1.123648e-02
