# This file contains the data of final feasible population (if found)
# of objectives = 2, # of constraints = 0, # of real_var = 0, # of bits of bin_var = 100, constr_violation, rank, crowding_distance
13527.000000	35.845000	0	x45	x54	x99	1	1.000000e+14
5162.000000	128.547000	0	x2	x3	x8	x9	x17	x29	x32	x35	x36	x41	x42	x46	x53	x54	x58	x59	x62	x71	x73	x81	x82	x87	x89	x90	x93	x98	1	1.000000e+14
13077.000000	36.978000	0	x2	x45	x54	x99	1	3.318136e-02
13371.000000	36.124000	0	x7	x54	x99	1	3.300877e-02
5668.000000	107.094000	0	x1	x2	x3	x7	x8	x17	x29	x31	x32	x35	x36	x41	x46	x53	x54	x58	x59	x60	x73	x81	x82	x87	x89	x90	x98	x99	1	3.164590e-02
7782.000000	74.132000	0	x1	x3	x7	x17	x23	x31	x32	x34	x36	x41	x46	x51	x53	x54	x58	x73	x82	x87	x89	x90	x99	1	3.151637e-02
10229.000000	50.568000	0	x3	x7	x34	x36	x51	x53	x54	x73	x87	x89	x93	x99	1	2.955247e-02
10022.000000	52.123000	0	x1	x3	x7	x17	x34	x36	x51	x53	x54	x73	x87	x89	x99	1	2.952610e-02
9392.000000	57.978000	0	x2	x3	x7	x10	x17	x34	x35	x36	x46	x53	x54	x87	x89	x90	x99	1	2.948060e-02
6246.000000	95.381000	0	x1	x2	x3	x7	x8	x17	x23	x31	x32	x34	x36	x41	x46	x51	x53	x54	x58	x63	x73	x81	x82	x87	x89	x90	x98	x99	1	2.852653e-02
10498.000000	49.119000	0	x3	x7	x34	x36	x53	x54	x73	x76	x87	x89	x99	1	2.844740e-02
8118.000000	70.308000	0	x1	x2	x3	x7	x17	x31	x32	x34	x36	x41	x46	x51	x53	x54	x87	x89	x90	x98	x99	1	2.790676e-02
8206.000000	69.882000	0	x1	x2	x3	x7	x17	x31	x32	x34	x35	x36	x46	x51	x53	x54	x73	x87	x89	x90	x99	1	2.743204e-02
5502.000000	111.809000	0	x2	x3	x8	x17	x23	x29	x31	x32	x35	x36	x41	x42	x46	x53	x54	x58	x59	x60	x73	x81	x82	x87	x89	x90	x98	x99	1	2.679447e-02
7338.000000	80.026000	0	x1	x3	x7	x8	x17	x23	x31	x32	x34	x36	x41	x46	x51	x53	x54	x58	x73	x82	x87	x89	x90	x99	1	2.529429e-02
5166.000000	128.068000	0	x2	x3	x8	x9	x17	x29	x32	x35	x36	x41	x42	x46	x53	x54	x58	x59	x62	x71	x73	x80	x82	x87	x89	x90	x93	x98	1	2.519879e-02
5810.000000	104.505000	0	x1	x2	x3	x7	x8	x17	x29	x31	x32	x34	x35	x36	x41	x46	x53	x54	x58	x59	x72	x73	x82	x87	x89	x90	x98	x99	1	2.476860e-02
7950.000000	72.219000	0	x2	x3	x7	x10	x17	x31	x32	x34	x36	x41	x46	x51	x53	x54	x73	x82	x87	x89	x90	x99	1	2.452712e-02
11242.000000	44.153000	0	x3	x7	x34	x35	x36	x51	x53	x54	x99	1	2.407809e-02
10316.000000	49.902000	0	x1	x3	x7	x34	x36	x51	x53	x54	x73	x87	x89	x99	1	2.389427e-02
8386.000000	68.192000	0	x1	x3	x7	x17	x23	x31	x32	x34	x36	x41	x46	x51	x53	x54	x58	x87	x89	x90	x99	1	2.386008e-02
7458.000000	78.643000	0	x2	x3	x7	x10	x17	x31	x32	x34	x35	x36	x41	x46	x51	x53	x54	x58	x81	x82	x87	x89	x90	x99	1	2.361036e-02
8804.000000	65.092000	0	x3	x7	x23	x31	x32	x34	x36	x41	x46	x51	x53	x54	x72	x73	x87	x89	x99	1	2.305588e-02
5485.000000	113.973000	0	x2	x3	x8	x17	x29	x31	x32	x34	x35	x36	x41	x46	x53	x54	x58	x59	x60	x62	x71	x73	x82	x87	x89	x90	x98	x99	1	2.291395e-02
8550.000000	65.578000	0	x3	x7	x10	x17	x31	x32	x34	x35	x36	x46	x51	x53	x54	x73	x87	x89	x90	x99	1	2.272591e-02
5198.000000	124.274000	0	x2	x3	x8	x9	x17	x29	x32	x35	x36	x41	x42	x46	x53	x54	x58	x59	x62	x71	x73	x81	x82	x87	x89	x90	x98	x99	1	2.249570e-02
5766.000000	106.252000	0	x1	x2	x3	x7	x8	x17	x29	x31	x32	x34	x36	x41	x46	x53	x54	x58	x59	x62	x73	x81	x82	x87	x89	x90	x98	x99	1	2.245185e-02
12465.000000	39.035000	0	x3	x7	x45	x54	x73	x99	1	2.212117e-02
7720.000000	76.288000	0	x2	x3	x7	x10	x17	x31	x34	x35	x36	x46	x51	x53	x54	x58	x73	x82	x87	x89	x90	x98	x99	1	2.190339e-02
5878.000000	102.901000	0	x1	x2	x3	x7	x8	x11	x17	x29	x31	x32	x34	x35	x36	x41	x46	x53	x54	x58	x59	x73	x82	x87	x89	x90	x98	x99	1	2.171042e-02
6376.000000	94.131000	0	x1	x2	x3	x7	x8	x17	x29	x31	x32	x34	x35	x36	x41	x46	x51	x53	x54	x58	x63	x73	x87	x89	x90	x98	x99	1	2.159877e-02
5437.000000	115.337000	0	x2	x3	x8	x17	x29	x30	x31	x32	x35	x36	x41	x42	x46	x53	x54	x58	x59	x60	x62	x73	x82	x87	x89	x90	x98	x99	1	2.132836e-02
12196.000000	39.871000	0	x3	x7	x34	x36	x46	x54	x99	1	2.114662e-02
6508.000000	91.352000	0	x1	x2	x3	x7	x8	x17	x29	x31	x32	x34	x36	x41	x46	x51	x53	x54	x58	x73	x82	x87	x89	x90	x98	x99	1	2.100192e-02
5252.000000	120.884000	0	x2	x3	x8	x9	x17	x29	x32	x35	x36	x41	x42	x46	x53	x54	x58	x59	x60	x62	x73	x81	x82	x87	x89	x90	x98	x99	1	2.073678e-02
7130.000000	82.119000	0	x1	x2	x3	x7	x17	x31	x32	x34	x36	x41	x46	x51	x53	x54	x58	x63	x73	x82	x87	x89	x90	x98	x99	1	2.073563e-02
5580.000000	110.058000	0	x1	x2	x3	x7	x8	x17	x29	x31	x32	x35	x36	x41	x46	x53	x54	x58	x59	x62	x73	x81	x82	x87	x89	x90	x98	x99	1	2.064899e-02
12921.000000	37.289000	0	x3	x7	x45	x54	x99	1	2.042218e-02
12817.000000	37.883000	0	x2	x45	x54	x81	x99	1	2.042218e-02
7918.000000	72.639000	0	x2	x3	x7	x10	x17	x31	x32	x34	x36	x41	x46	x51	x53	x54	x58	x87	x89	x90	x98	x99	1	2.035985e-02
5371.000000	116.664000	0	x2	x3	x8	x17	x29	x31	x32	x35	x36	x41	x42	x46	x53	x54	x58	x59	x60	x62	x73	x82	x87	x89	x90	x93	x98	x99	1	2.032936e-02
9958.000000	53.039000	0	x3	x7	x31	x34	x35	x36	x51	x53	x54	x73	x87	x89	x99	1	2.003394e-02
10721.000000	49.116000	0	x3	x7	x10	x34	x36	x53	x54	x87	x89	x90	x99	1	2.002099e-02
9178.000000	59.643000	0	x3	x7	x10	x17	x31	x34	x35	x36	x46	x53	x54	x73	x87	x89	x90	x99	1	1.995126e-02
11440.000000	43.785000	0	x3	x34	x36	x51	x53	x54	x73	x99	1	1.958426e-02
9847.000000	53.898000	0	x3	x7	x34	x36	x46	x53	x54	x73	x82	x87	x89	x93	x99	1	1.868835e-02
6076.000000	97.817000	0	x1	x2	x3	x7	x8	x17	x29	x31	x32	x34	x35	x36	x41	x46	x51	x53	x54	x58	x63	x73	x82	x87	x89	x90	x98	x99	1	1.843065e-02
6062.000000	99.609000	0	x1	x2	x3	x7	x8	x17	x29	x31	x32	x35	x36	x41	x46	x51	x53	x54	x58	x73	x81	x82	x87	x89	x90	x98	x99	1	1.803058e-02
6858.000000	86.633000	0	x1	x2	x3	x7	x8	x17	x31	x32	x34	x36	x46	x51	x53	x54	x58	x73	x81	x82	x87	x89	x90	x98	x99	1	1.801836e-02
6386.000000	92.928000	0	x1	x2	x3	x7	x8	x17	x23	x31	x32	x34	x36	x41	x46	x51	x53	x54	x58	x73	x81	x82	x87	x89	x90	x98	x99	1	1.800492e-02
11464.000000	42.732000	0	x3	x7	x34	x35	x36	x53	x54	x99	1	1.790137e-02
6686.000000	88.013000	0	x1	x2	x3	x7	x8	x17	x31	x32	x34	x36	x41	x46	x51	x53	x54	x58	x63	x73	x82	x87	x89	x90	x98	x99	1	1.788256e-02
11884.000000	41.070000	0	x3	x7	x34	x36	x53	x54	x99	1	1.778050e-02
6772.000000	87.972000	0	x1	x2	x3	x7	x8	x14	x17	x31	x32	x34	x36	x41	x46	x51	x53	x54	x58	x73	x82	x87	x89	x90	x98	x99	1	1.772414e-02
11810.000000	41.421000	0	x2	x3	x7	x34	x36	x54	x81	x99	1	1.751710e-02
5350.000000	118.142000	0	x2	x3	x7	x8	x17	x29	x32	x35	x36	x41	x42	x46	x53	x54	x58	x59	x60	x62	x71	x73	x82	x87	x89	x90	x98	x99	1	1.716294e-02
10731.000000	47.050000	0	x3	x7	x34	x35	x36	x51	x53	x54	x87	x99	1	1.688708e-02
9693.000000	55.213000	0	x2	x3	x7	x10	x17	x34	x36	x46	x53	x54	x87	x89	x90	x99	1	1.661446e-02
6964.000000	85.134000	0	x1	x2	x3	x7	x17	x31	x32	x34	x36	x41	x46	x51	x53	x54	x58	x71	x73	x82	x87	x89	x90	x98	x99	1	1.659009e-02
11668.000000	41.924000	0	x2	x3	x34	x36	x53	x54	x99	1	1.655171e-02
9801.000000	54.764000	0	x3	x7	x17	x34	x36	x46	x53	x73	x82	x87	x89	x93	x99	1	1.629764e-02
12661.000000	38.194000	0	x3	x7	x45	x54	x81	x99	1	1.625152e-02
7010.000000	84.193000	0	x1	x2	x3	x7	x17	x31	x32	x34	x36	x41	x46	x51	x53	x54	x58	x73	x81	x82	x87	x89	x90	x98	x99	1	1.620055e-02
6632.000000	89.736000	0	x1	x2	x3	x7	x8	x14	x17	x31	x32	x34	x36	x41	x46	x51	x53	x54	x58	x63	x73	x82	x87	x89	x90	x98	x99	1	1.612794e-02
6028.000000	100.628000	0	x1	x2	x3	x7	x8	x17	x29	x31	x32	x35	x36	x41	x42	x46	x51	x53	x54	x58	x73	x82	x87	x89	x90	x98	x99	1	1.586396e-02
6500.000000	92.167000	0	x1	x2	x3	x7	x8	x17	x31	x32	x35	x36	x41	x46	x51	x53	x54	x58	x63	x73	x82	x87	x89	x90	x98	x99	1	1.579265e-02
11001.000000	45.715000	0	x3	x7	x34	x36	x53	x54	x73	x98	x99	1	1.569170e-02
11170.000000	45.257000	0	x3	x7	x34	x35	x36	x51	x53	x54	x64	x99	1	1.525373e-02
8950.000000	62.958000	0	x2	x3	x10	x17	x31	x32	x34	x36	x45	x51	x53	x54	x73	x87	x89	x90	x99	1	1.524677e-02
8462.000000	67.024000	0	x3	x7	x10	x14	x17	x31	x32	x34	x35	x36	x46	x51	x53	x54	x73	x87	x89	x90	x99	1	1.499366e-02
8846.000000	63.034000	0	x2	x3	x7	x10	x17	x31	x32	x34	x36	x51	x53	x54	x73	x87	x89	x90	x99	1	1.498457e-02
7624.000000	76.442000	0	x1	x2	x3	x7	x17	x31	x32	x34	x36	x41	x46	x53	x54	x58	x73	x81	x82	x87	x89	x90	x99	1	1.491385e-02
12401.000000	39.414000	0	x3	x7	x45	x54	x81	x97	x99	1	1.471832e-02
5580.000000	110.058000	0	x1	x2	x3	x7	x8	x17	x29	x31	x32	x35	x36	x41	x46	x53	x54	x58	x59	x62	x73	x81	x82	x87	x89	x90	x98	x99	1	1.470425e-02
9556.000000	56.161000	0	x3	x7	x10	x17	x31	x34	x35	x36	x51	x53	x54	x73	x87	x89	x99	1	1.470159e-02
6902.000000	86.072000	0	x1	x2	x3	x6	x7	x17	x31	x32	x34	x36	x41	x46	x51	x53	x54	x58	x63	x73	x82	x87	x89	x90	x98	x99	1	1.442097e-02
6182.000000	97.270000	0	x1	x2	x3	x7	x8	x17	x29	x31	x32	x35	x36	x41	x46	x51	x53	x54	x58	x63	x73	x82	x87	x89	x90	x98	x99	1	1.401402e-02
12125.000000	40.276000	0	x3	x7	x36	x45	x54	x73	x99	1	1.365195e-02
8838.000000	64.495000	0	x2	x3	x7	x10	x14	x17	x34	x35	x36	x46	x51	x53	x54	x58	x87	x89	x90	x99	1	1.361054e-02
10923.000000	46.986000	0	x3	x7	x34	x36	x46	x51	x53	x54	x73	x99	1	1.356312e-02
7514.000000	77.599000	0	x1	x2	x3	x7	x17	x31	x32	x34	x36	x41	x46	x51	x53	x54	x73	x82	x87	x89	x90	x98	x99	1	1.344863e-02
9002.000000	61.936000	0	x2	x3	x10	x17	x31	x32	x34	x36	x51	x53	x54	x73	x87	x89	x90	x99	1	1.339751e-02
9638.000000	56.038000	0	x1	x3	x7	x34	x36	x46	x53	x54	x73	x82	x87	x89	x90	x99	1	1.330204e-02
7282.000000	81.810000	0	x1	x2	x3	x7	x8	x17	x31	x32	x34	x36	x51	x53	x54	x58	x63	x73	x82	x87	x89	x90	x98	x99	1	1.305946e-02
8506.000000	66.003000	0	x1	x3	x7	x17	x31	x32	x34	x35	x36	x46	x51	x53	x54	x73	x87	x89	x90	x99	1	1.305920e-02
7316.000000	81.759000	0	x1	x2	x3	x7	x8	x14	x17	x31	x32	x34	x35	x36	x46	x51	x53	x54	x73	x87	x89	x90	x98	x99	1	1.296951e-02
5922.000000	101.721000	0	x1	x2	x3	x7	x8	x17	x29	x31	x32	x35	x36	x41	x46	x51	x53	x54	x58	x63	x73	x81	x82	x87	x89	x90	x98	x99	1	1.289007e-02
7585.000000	77.557000	0	x1	x2	x3	x7	x17	x31	x32	x34	x36	x41	x46	x51	x53	x54	x58	x63	x73	x82	x89	x90	x98	x99	1	1.281544e-02
5289.000000	119.576000	0	x2	x3	x8	x17	x29	x31	x32	x35	x36	x41	x42	x46	x53	x54	x58	x59	x62	x71	x73	x81	x82	x87	x89	x90	x98	x99	1	1.271114e-02
11119.000000	45.618000	0	x3	x34	x36	x51	x53	x54	x73	x80	x99	1	1.257189e-02
6632.000000	89.736000	0	x1	x2	x3	x7	x8	x14	x17	x31	x32	x34	x36	x41	x46	x51	x53	x54	x58	x63	x73	x82	x87	x89	x90	x98	x99	1	1.252095e-02
5232.000000	122.789000	0	x2	x3	x8	x17	x29	x31	x32	x35	x36	x41	x42	x46	x53	x54	x58	x59	x60	x62	x71	x73	x81	x82	x87	x89	x90	x98	1	1.230714e-02
5986.000000	101.708000	0	x1	x2	x3	x7	x8	x17	x31	x32	x35	x36	x41	x46	x53	x54	x58	x59	x60	x73	x81	x82	x87	x89	x90	x98	x99	1	1.223116e-02
9168.000000	61.026000	0	x1	x3	x7	x34	x36	x41	x46	x51	x53	x54	x58	x73	x82	x87	x89	x99	1	1.202763e-02
9339.000000	59.222000	0	x1	x2	x3	x7	x17	x34	x36	x51	x53	x54	x87	x89	x90	x98	x99	1	1.189415e-02
10729.000000	47.967000	0	x3	x7	x10	x36	x53	x54	x73	x87	x93	x99	1	1.174096e-02
5297.000000	119.026000	0	x2	x3	x8	x17	x29	x31	x32	x35	x36	x41	x42	x46	x53	x54	x58	x59	x60	x62	x71	x73	x82	x87	x89	x90	x98	x99	1	1.138061e-02
11668.000000	41.924000	0	x2	x3	x34	x36	x53	x54	x99	1	1.120074e-02
12661.000000	38.194000	0	x3	x7	x45	x54	x81	x99	1	1.100198e-02
9059.000000	61.682000	0	x1	x3	x7	x10	x17	x31	x32	x34	x36	x51	x53	x54	x73	x87	x89	x93	x99	1	1.085998e-02
