# This file contains the data of final feasible population (if found)
# of objectives = 2, # of constraints = 0, # of real_var = 0, # of bits of bin_var = 100, constr_violation, rank, crowding_distance
13527.000000	35.845000	0	x45	x54	x99	1	1.000000e+14
5179.000000	126.401000	0	x2	x3	x8	x9	x17	x29	x32	x35	x36	x41	x46	x53	x54	x58	x59	x60	x62	x71	x73	x80	x82	x87	x89	x90	x97	x98	1	1.000000e+14
9870.000000	53.546000	0	x3	x7	x17	x34	x36	x46	x51	x53	x54	x73	x87	x89	x99	1	3.319736e-02
11587.000000	42.399000	0	x3	x7	x36	x53	x54	x73	x99	1	2.986941e-02
5550.000000	111.170000	0	x1	x2	x3	x7	x8	x9	x17	x29	x31	x32	x35	x36	x41	x46	x53	x54	x58	x59	x62	x73	x82	x87	x89	x90	x98	x99	1	2.816332e-02
5312.000000	117.886000	0	x2	x3	x8	x9	x17	x29	x31	x32	x35	x36	x41	x42	x46	x53	x54	x58	x59	x60	x62	x73	x82	x87	x89	x90	x98	x99	1	2.773244e-02
7370.000000	79.834000	0	x1	x3	x7	x8	x17	x31	x32	x34	x35	x36	x46	x51	x53	x54	x73	x82	x87	x89	x90	x98	x99	1	2.727090e-02
5284.000000	120.310000	0	x2	x3	x8	x17	x29	x32	x35	x36	x41	x46	x53	x54	x58	x59	x60	x62	x71	x73	x80	x81	x82	x87	x89	x90	x98	x99	1	2.684327e-02
11884.000000	41.070000	0	x3	x7	x34	x36	x53	x54	x99	1	2.643433e-02
9733.000000	55.286000	0	x3	x7	x10	x17	x32	x34	x35	x36	x46	x53	x54	x73	x89	x99	1	2.611618e-02
5450.000000	113.890000	0	x2	x3	x7	x8	x9	x17	x29	x31	x32	x35	x36	x41	x46	x53	x54	x58	x59	x60	x62	x73	x82	x87	x89	x90	x98	x99	1	2.475443e-02
8401.000000	67.352000	0	x1	x3	x7	x17	x31	x32	x34	x35	x36	x46	x51	x53	x54	x73	x82	x87	x89	x90	1	2.474255e-02
7026.000000	84.440000	0	x1	x3	x7	x17	x31	x32	x34	x35	x36	x41	x46	x51	x53	x54	x58	x60	x73	x82	x87	x89	x90	x98	x99	1	2.434963e-02
11227.000000	44.237000	0	x3	x7	x34	x36	x51	x53	x54	x73	x99	1	2.433776e-02
10174.000000	50.797000	0	x3	x7	x17	x34	x36	x51	x53	x54	x73	x87	x89	x99	1	2.428044e-02
7478.000000	79.051000	0	x1	x2	x3	x7	x17	x31	x32	x34	x35	x36	x45	x46	x51	x53	x54	x73	x82	x87	x89	x90	x98	x99	1	2.370000e-02
7262.000000	81.647000	0	x1	x3	x7	x8	x10	x17	x31	x32	x34	x35	x36	x46	x51	x53	x54	x73	x82	x87	x89	x90	x98	x99	1	2.355854e-02
6914.000000	86.109000	0	x1	x3	x7	x17	x31	x32	x34	x35	x36	x41	x46	x51	x53	x54	x58	x59	x73	x82	x87	x89	x90	x98	x99	1	2.318193e-02
10394.000000	49.787000	0	x3	x7	x17	x36	x51	x53	x66	x73	x87	x89	x99	1	2.289666e-02
6478.000000	92.295000	0	x1	x2	x3	x7	x8	x9	x17	x31	x32	x34	x35	x36	x41	x46	x51	x53	x54	x73	x82	x87	x89	x90	x98	x99	1	2.282719e-02
13446.000000	36.262000	0	x34	x54	x99	1	2.270972e-02
8954.000000	61.871000	0	x3	x7	x17	x31	x32	x34	x35	x36	x46	x51	x53	x54	x73	x87	x89	x99	1	2.267627e-02
5691.000000	106.999000	0	x2	x3	x7	x8	x9	x17	x29	x31	x32	x35	x36	x41	x46	x51	x53	x54	x58	x60	x73	x82	x87	x89	x90	x93	x98	x99	1	2.245583e-02
6390.000000	93.577000	0	x1	x2	x3	x8	x9	x17	x31	x32	x34	x35	x36	x41	x46	x51	x53	x54	x58	x73	x82	x87	x89	x90	x98	x99	1	2.227899e-02
9122.000000	61.659000	0	x3	x7	x31	x32	x34	x35	x36	x46	x51	x53	x54	x66	x73	x87	x89	x99	1	2.208279e-02
7814.000000	73.940000	0	x1	x3	x7	x17	x31	x32	x34	x35	x36	x46	x51	x53	x54	x73	x82	x87	x89	x90	x98	x99	1	2.166080e-02
12999.000000	37.079000	0	x3	x7	x54	x99	1	2.155937e-02
12768.000000	37.749000	0	x3	x7	x34	x54	x64	x99	1	2.138499e-02
6142.000000	97.812000	0	x1	x2	x3	x7	x8	x9	x17	x31	x32	x34	x35	x36	x41	x46	x51	x53	x54	x58	x67	x73	x82	x87	x89	x90	x98	x99	1	2.119489e-02
8682.000000	64.586000	0	x3	x7	x10	x17	x32	x34	x35	x36	x46	x53	x54	x73	x82	x87	x89	x90	x99	1	2.110192e-02
10933.000000	46.458000	0	x3	x7	x17	x34	x36	x51	x53	x54	x73	x99	1	2.101900e-02
5496.000000	112.725000	0	x2	x3	x8	x17	x29	x31	x32	x34	x35	x36	x41	x42	x46	x53	x54	x58	x59	x60	x62	x73	x82	x87	x89	x90	x98	x99	1	2.100779e-02
11145.000000	45.331000	0	x2	x3	x7	x36	x53	x54	x98	x99	1	2.097745e-02
6035.000000	99.390000	0	x1	x2	x3	x7	x8	x9	x17	x31	x32	x34	x35	x36	x41	x46	x51	x53	x54	x58	x60	x73	x82	x87	x89	x90	x98	x99	1	2.092297e-02
10768.000000	46.864000	0	x3	x7	x35	x36	x45	x53	x54	x87	x89	x99	1	2.079193e-02
8250.000000	68.560000	0	x3	x7	x10	x17	x31	x32	x34	x35	x36	x46	x51	x53	x54	x73	x82	x87	x89	x90	x99	1	2.069596e-02
6798.000000	88.040000	0	x1	x3	x7	x8	x10	x17	x31	x32	x34	x35	x36	x46	x51	x53	x54	x58	x60	x73	x82	x87	x89	x90	x98	x99	1	2.068271e-02
9344.000000	58.176000	0	x1	x3	x7	x17	x34	x35	x36	x46	x53	x54	x73	x87	x89	x90	x99	1	2.020140e-02
8800.000000	63.782000	0	x1	x3	x7	x31	x32	x34	x35	x36	x46	x51	x53	x54	x73	x87	x89	x90	x99	1	1.983861e-02
8846.000000	62.772000	0	x3	x7	x10	x17	x31	x32	x34	x35	x36	x46	x51	x53	x54	x73	x87	x89	x99	1	1.977525e-02
6694.000000	88.783000	0	x1	x3	x7	x8	x17	x23	x31	x32	x34	x35	x36	x46	x51	x53	x54	x58	x60	x73	x82	x87	x89	x90	x98	x99	1	1.976589e-02
10032.000000	52.517000	0	x3	x7	x10	x35	x36	x45	x46	x53	x54	x73	x87	x89	x99	1	1.919981e-02
11045.000000	46.062000	0	x3	x7	x17	x36	x53	x54	x73	x89	x99	1	1.892032e-02
10252.000000	50.506000	0	x3	x7	x17	x35	x36	x45	x51	x53	x54	x87	x89	x99	1	1.875347e-02
7078.000000	83.478000	0	x1	x3	x7	x8	x17	x31	x32	x34	x35	x36	x41	x46	x51	x53	x54	x73	x82	x87	x89	x90	x98	x99	1	1.868626e-02
7558.000000	77.581000	0	x1	x3	x7	x17	x31	x32	x34	x35	x36	x46	x51	x53	x54	x73	x80	x82	x87	x89	x90	x98	x99	1	1.851331e-02
11419.000000	43.426000	0	x3	x7	x10	x35	x36	x45	x53	x54	x99	1	1.832453e-02
9503.000000	57.580000	0	x3	x7	x17	x31	x32	x34	x35	x36	x46	x51	x54	x73	x87	x89	x99	1	1.829955e-02
12224.000000	39.829000	0	x3	x7	x34	x53	x54	x99	1	1.776644e-02
5380.000000	115.950000	0	x2	x3	x8	x17	x29	x31	x32	x35	x36	x41	x46	x53	x54	x58	x59	x60	x62	x73	x80	x81	x82	x87	x89	x90	x98	x99	1	1.765774e-02
6826.000000	86.469000	0	x1	x2	x3	x7	x8	x17	x31	x32	x34	x35	x36	x46	x51	x53	x54	x58	x73	x82	x87	x89	x90	x98	x99	1	1.760968e-02
12921.000000	37.289000	0	x3	x7	x45	x54	x99	1	1.753502e-02
5770.000000	104.262000	0	x1	x2	x3	x7	x8	x9	x17	x29	x31	x32	x35	x36	x41	x46	x51	x53	x54	x58	x60	x73	x82	x87	x89	x90	x98	x99	1	1.749121e-02
6327.000000	94.692000	0	x1	x2	x3	x7	x8	x9	x17	x31	x32	x34	x35	x36	x46	x51	x53	x54	x58	x60	x73	x82	x87	x89	x90	x98	x99	1	1.748217e-02
10522.000000	49.288000	0	x3	x7	x35	x36	x51	x53	x73	x87	x89	x99	1	1.739719e-02
8115.000000	71.122000	0	x1	x3	x7	x17	x32	x34	x35	x36	x46	x51	x53	x54	x58	x60	x73	x82	x87	x89	x90	1	1.726467e-02
8158.000000	69.838000	0	x3	x7	x10	x17	x31	x32	x34	x35	x36	x46	x51	x53	x54	x73	x87	x89	x90	x98	x99	1	1.724974e-02
5903.000000	101.997000	0	x2	x3	x7	x8	x9	x17	x31	x32	x34	x35	x36	x41	x46	x51	x53	x54	x58	x60	x73	x82	x87	x89	x90	x93	x98	x99	1	1.717107e-02
8006.000000	71.316000	0	x3	x7	x10	x17	x31	x32	x34	x35	x36	x46	x51	x53	x54	x58	x73	x82	x87	x89	x90	x99	1	1.715435e-02
13212.000000	36.541000	0	x7	x34	x54	x99	1	1.698587e-02
6526.000000	90.918000	0	x1	x2	x3	x7	x8	x9	x17	x31	x32	x34	x35	x36	x46	x51	x53	x54	x58	x73	x82	x87	x89	x90	x98	x99	1	1.682253e-02
9161.000000	60.117000	0	x3	x7	x10	x17	x31	x32	x34	x35	x36	x46	x51	x53	x54	x87	x89	x99	1	1.680860e-02
12410.000000	39.275000	0	x2	x3	x7	x34	x54	x99	1	1.656592e-02
7939.000000	73.169000	0	x3	x7	x10	x17	x31	x32	x34	x35	x36	x46	x51	x53	x54	x70	x73	x87	x89	x90	x98	x99	1	1.643335e-02
5616.000000	108.926000	0	x2	x3	x7	x8	x9	x17	x29	x31	x32	x35	x36	x41	x46	x51	x53	x54	x58	x60	x71	x73	x82	x87	x89	x90	x98	x99	1	1.634317e-02
7762.000000	75.172000	0	x1	x3	x7	x17	x31	x32	x34	x35	x36	x45	x46	x51	x53	x54	x73	x82	x87	x89	x90	x98	x99	1	1.625051e-02
11415.000000	43.852000	0	x3	x7	x26	x36	x53	x54	x89	x99	1	1.597765e-02
5244.000000	122.010000	0	x2	x3	x8	x9	x17	x29	x32	x35	x36	x41	x46	x53	x54	x58	x59	x60	x62	x71	x73	x80	x82	x87	x89	x90	x98	x99	1	1.587363e-02
9278.000000	58.798000	0	x3	x7	x10	x17	x32	x34	x35	x36	x46	x53	x54	x73	x87	x89	x99	1	1.571919e-02
12659.000000	38.320000	0	x3	x7	x36	x54	x99	1	1.551254e-02
6646.000000	89.971000	0	x1	x2	x3	x7	x8	x17	x23	x31	x32	x34	x35	x36	x46	x51	x53	x54	x58	x73	x82	x87	x89	x90	x98	x99	1	1.550601e-02
12080.000000	40.399000	0	x3	x7	x34	x35	x36	x54	x99	1	1.544423e-02
10688.000000	47.566000	0	x3	x7	x36	x51	x53	x66	x73	x87	x89	x99	1	1.531129e-02
5616.000000	108.926000	0	x2	x3	x7	x8	x9	x17	x29	x31	x32	x35	x36	x41	x46	x51	x53	x54	x58	x60	x71	x73	x82	x87	x89	x90	x98	x99	1	1.513192e-02
8615.000000	65.597000	0	x3	x7	x10	x17	x31	x32	x34	x35	x36	x46	x51	x53	x54	x73	x87	x89	x93	x99	1	1.459471e-02
12500.000000	38.737000	0	x3	x7	x34	x36	x54	x99	1	1.435545e-02
13212.000000	36.541000	0	x7	x34	x54	x99	1	1.429803e-02
9232.000000	59.808000	0	x1	x3	x7	x32	x34	x35	x36	x46	x53	x54	x73	x87	x89	x90	x99	1	1.429045e-02
7950.000000	72.439000	0	x2	x3	x7	x10	x17	x31	x32	x34	x35	x36	x46	x51	x53	x54	x73	x82	x87	x89	x90	x99	1	1.424418e-02
12305.000000	39.622000	0	x3	x7	x45	x53	x54	x99	1	1.419927e-02
10032.000000	52.517000	0	x3	x7	x10	x35	x36	x45	x46	x53	x54	x73	x87	x89	x99	1	1.418660e-02
11795.000000	42.095000	0	x3	x7	x36	x53	x54	x89	x99	1	1.413659e-02
7234.000000	83.312000	0	x1	x3	x7	x8	x17	x22	x31	x32	x34	x35	x36	x46	x51	x53	x54	x73	x82	x87	x89	x90	x98	x99	1	1.405082e-02
9526.000000	56.836000	0	x1	x3	x7	x17	x34	x36	x46	x51	x53	x54	x73	x76	x87	x89	x99	1	1.391573e-02
8472.000000	66.487000	0	x3	x7	x10	x17	x31	x32	x34	x35	x36	x46	x53	x54	x73	x82	x87	x89	x90	x99	1	1.373736e-02
7680.000000	76.581000	0	x3	x7	x17	x32	x34	x35	x36	x46	x51	x53	x54	x58	x60	x73	x82	x87	x89	x90	x98	x99	1	1.358087e-02
5225.000000	124.451000	0	x2	x3	x8	x9	x17	x29	x32	x35	x36	x41	x46	x53	x54	x58	x59	x60	x62	x73	x80	x81	x82	x87	x89	x90	x97	x98	1	1.347785e-02
6162.000000	96.929000	0	x1	x2	x3	x7	x8	x9	x17	x31	x32	x34	x35	x36	x41	x46	x51	x53	x54	x58	x64	x73	x82	x87	x89	x90	x98	x99	1	1.331189e-02
5974.000000	99.779000	0	x1	x2	x3	x7	x8	x9	x17	x31	x32	x34	x35	x36	x41	x46	x51	x53	x54	x58	x73	x81	x82	x87	x89	x90	x98	x99	1	1.309062e-02
5734.000000	106.139000	0	x1	x2	x3	x7	x8	x17	x29	x31	x32	x34	x35	x36	x41	x46	x53	x54	x58	x59	x62	x73	x82	x87	x89	x90	x98	x99	1	1.293922e-02
10546.000000	48.285000	0	x3	x7	x35	x36	x45	x51	x53	x54	x87	x89	x99	1	1.280676e-02
7756.000000	76.254000	0	x3	x7	x10	x17	x31	x32	x34	x35	x36	x40	x46	x51	x53	x54	x73	x81	x82	x87	x89	x90	x99	1	1.269107e-02
5378.000000	116.307000	0	x2	x3	x8	x17	x29	x31	x32	x36	x41	x42	x46	x53	x54	x58	x59	x60	x62	x73	x80	x81	x82	x87	x89	x90	x98	x99	1	1.267140e-02
9606.000000	56.177000	0	x3	x7	x17	x34	x36	x46	x51	x53	x54	x73	x80	x87	x89	x99	1	1.265311e-02
8206.000000	68.985000	0	x1	x3	x7	x17	x31	x32	x34	x35	x36	x46	x51	x53	x54	x73	x82	x87	x89	x90	x99	1	1.256671e-02
9640.000000	55.781000	0	x1	x3	x7	x17	x34	x36	x46	x53	x54	x73	x82	x87	x89	x99	1	1.252622e-02
5889.000000	103.287000	0	x3	x5	x7	x8	x9	x17	x29	x31	x32	x35	x36	x41	x46	x51	x53	x54	x58	x60	x73	x82	x87	x89	x90	x93	x98	x99	1	1.251086e-02
10624.000000	48.075000	0	x3	x7	x35	x36	x51	x53	x54	x87	x89	x99	1	1.247495e-02
6578.000000	90.333000	0	x1	x2	x3	x7	x8	x9	x17	x31	x32	x34	x35	x36	x46	x51	x53	x54	x58	x60	x82	x87	x89	x90	x98	x99	1	1.241616e-02
5916.000000	100.470000	0	x1	x2	x3	x7	x8	x9	x17	x29	x31	x32	x34	x35	x36	x41	x46	x51	x53	x54	x58	x73	x82	x87	x89	x90	x98	x99	1	1.190513e-02
