# This file contains the data of final feasible population (if found)
# of objectives = 2, # of constraints = 0, # of real_var = 0, # of bits of bin_var = 100, constr_violation, rank, crowding_distance
5289.000000	119.576000	0	x2	x3	x8	x17	x29	x31	x32	x35	x36	x41	x42	x46	x53	x54	x58	x59	x62	x71	x73	x81	x82	x87	x89	x90	x98	x99	1	1.000000e+14
13527.000000	35.845000	0	x45	x89	x99	1	1.000000e+14
10483.000000	48.492000	0	x3	x7	x34	x35	x36	x51	x53	x54	x87	x89	x99	1	3.097332e-02
6788.000000	87.291000	0	x1	x2	x3	x7	x8	x17	x31	x32	x34	x36	x41	x46	x53	x54	x58	x73	x81	x82	x87	x89	x90	x98	x99	1	3.030929e-02
6566.000000	90.087000	0	x1	x2	x3	x7	x8	x17	x31	x32	x34	x36	x41	x46	x51	x53	x54	x58	x73	x81	x82	x87	x89	x90	x98	x99	1	2.950185e-02
6976.000000	86.050000	0	x1	x2	x3	x7	x8	x17	x31	x32	x34	x35	x36	x46	x51	x53	x54	x58	x73	x87	x89	x90	x95	x98	x99	1	2.695632e-02
12001.000000	40.881000	0	x3	x7	x34	x36	x46	x63	x89	x99	1	2.684890e-02
5760.000000	105.076000	0	x1	x2	x3	x7	x8	x17	x29	x31	x32	x35	x36	x41	x42	x46	x53	x54	x58	x59	x66	x73	x82	x87	x89	x90	x98	x99	1	2.674269e-02
9478.000000	57.806000	0	x3	x7	x17	x34	x36	x46	x51	x53	x54	x73	x87	x89	x98	x99	1	2.644650e-02
12659.000000	38.320000	0	x3	x7	x36	x89	x99	1	2.596235e-02
9632.000000	55.575000	0	x1	x2	x3	x7	x17	x34	x36	x46	x53	x54	x73	x87	x89	x99	1	2.576252e-02
5353.000000	118.292000	0	x2	x3	x8	x17	x29	x31	x32	x35	x36	x41	x42	x46	x53	x54	x58	x59	x62	x68	x71	x73	x82	x87	x89	x90	x98	x99	1	2.569053e-02
12257.000000	40.365000	0	x2	x3	x45	x89	x98	x99	1	2.522277e-02
6426.000000	93.114000	0	x2	x3	x7	x8	x17	x31	x32	x34	x35	x36	x41	x46	x51	x53	x54	x58	x73	x81	x82	x87	x89	x90	x98	x99	1	2.509603e-02
11077.000000	45.576000	0	x3	x7	x34	x36	x51	x53	x73	x89	x95	x99	1	2.494160e-02
7218.000000	81.294000	0	x1	x2	x3	x7	x8	x17	x31	x32	x34	x36	x41	x46	x51	x53	x54	x58	x73	x82	x87	x89	x90	x99	1	2.443104e-02
11293.000000	44.388000	0	x3	x7	x34	x35	x53	x87	x89	x99	1	2.419330e-02
7914.000000	72.594000	0	x3	x7	x10	x17	x31	x32	x34	x35	x36	x46	x51	x53	x54	x58	x73	x87	x89	x90	x98	x99	1	2.409764e-02
7662.000000	75.400000	0	x1	x2	x3	x7	x17	x31	x32	x34	x36	x41	x46	x51	x53	x54	x58	x73	x82	x87	x89	x90	x99	1	2.401275e-02
7462.000000	78.538000	0	x1	x2	x3	x7	x8	x17	x31	x32	x34	x36	x41	x46	x51	x53	x54	x73	x82	x87	x89	x90	x99	1	2.394835e-02
9904.000000	53.470000	0	x3	x7	x17	x23	x34	x36	x46	x53	x54	x73	x87	x89	x99	1	2.394728e-02
8492.000000	66.641000	0	x1	x2	x3	x7	x31	x32	x34	x36	x46	x51	x53	x54	x73	x82	x87	x89	x90	x99	1	2.356579e-02
7122.000000	82.942000	0	x1	x2	x3	x7	x8	x17	x31	x32	x34	x36	x41	x46	x51	x53	x54	x58	x73	x82	x87	x89	x98	x99	1	2.342783e-02
10028.000000	52.741000	0	x3	x7	x34	x36	x51	x53	x54	x63	x73	x82	x87	x89	x99	1	2.333563e-02
5546.000000	111.062000	0	x1	x2	x3	x7	x8	x17	x29	x31	x32	x35	x36	x41	x42	x46	x53	x54	x58	x59	x62	x73	x82	x87	x89	x90	x98	x99	1	2.298269e-02
9592.000000	56.634000	0	x3	x7	x10	x17	x34	x36	x46	x53	x54	x73	x87	x89	x98	x99	1	2.266935e-02
8066.000000	71.303000	0	x3	x7	x17	x31	x32	x34	x35	x36	x41	x46	x51	x53	x54	x73	x82	x87	x89	x90	x99	1	2.248257e-02
5502.000000	112.954000	0	x2	x3	x7	x8	x17	x29	x31	x32	x35	x36	x41	x42	x46	x53	x54	x58	x59	x62	x68	x73	x82	x87	x89	x90	x98	x99	1	2.231193e-02
13212.000000	36.541000	0	x7	x34	x89	x99	1	2.229291e-02
10690.000000	47.155000	0	x3	x7	x34	x36	x53	x54	x73	x87	x89	x99	1	2.225108e-02
12999.000000	37.079000	0	x3	x7	x89	x99	1	2.212874e-02
12840.000000	37.496000	0	x3	x7	x34	x89	x99	1	2.205854e-02
10092.000000	51.473000	0	x3	x7	x17	x34	x36	x46	x53	x54	x73	x87	x89	x99	1	2.188200e-02
5604.000000	110.142000	0	x1	x2	x3	x7	x8	x17	x31	x32	x35	x36	x41	x42	x46	x53	x54	x58	x59	x62	x73	x81	x82	x87	x89	x90	x98	x99	1	2.179670e-02
5626.000000	108.225000	0	x1	x2	x3	x7	x8	x17	x29	x31	x32	x35	x36	x41	x42	x46	x53	x54	x58	x59	x73	x81	x82	x87	x89	x90	x98	x99	1	2.170546e-02
5814.000000	103.302000	0	x1	x2	x3	x7	x8	x17	x29	x31	x32	x34	x35	x36	x41	x46	x53	x54	x58	x59	x73	x81	x82	x87	x89	x90	x98	x99	1	2.143139e-02
9088.000000	61.313000	0	x1	x2	x3	x7	x17	x34	x36	x46	x53	x54	x58	x73	x82	x87	x89	x99	1	2.114781e-02
8158.000000	69.838000	0	x3	x7	x10	x17	x31	x32	x34	x35	x36	x46	x51	x53	x54	x73	x87	x89	x90	x98	x99	1	2.062944e-02
6248.000000	96.023000	0	x1	x2	x3	x7	x8	x17	x29	x31	x32	x34	x35	x36	x46	x51	x53	x54	x58	x73	x81	x82	x87	x89	x90	x98	x99	1	2.058812e-02
8648.000000	65.865000	0	x3	x7	x17	x31	x32	x34	x35	x36	x46	x51	x53	x54	x71	x73	x87	x89	x99	1	2.050953e-02
5406.000000	116.463000	0	x2	x3	x8	x11	x17	x29	x31	x32	x35	x36	x41	x42	x46	x53	x54	x58	x59	x60	x62	x73	x82	x87	x89	x90	x98	x99	1	2.034503e-02
11435.000000	43.595000	0	x1	x3	x7	x36	x53	x73	x89	x99	1	2.026754e-02
11170.000000	44.953000	0	x3	x7	x17	x34	x35	x36	x53	x89	x99	1	2.020412e-02
9386.000000	58.969000	0	x3	x6	x7	x17	x34	x35	x36	x51	x53	x54	x73	x81	x87	x89	x99	1	2.020040e-02
5947.000000	102.118000	0	x1	x2	x3	x7	x8	x17	x31	x32	x34	x35	x36	x41	x46	x53	x54	x58	x59	x65	x73	x81	x82	x87	x89	x90	x98	x99	1	1.984450e-02
7814.000000	74.142000	0	x1	x2	x3	x7	x17	x31	x32	x34	x35	x36	x46	x51	x53	x54	x73	x87	x89	x90	x98	x99	1	1.983170e-02
6978.000000	84.708000	0	x1	x2	x3	x7	x17	x31	x32	x34	x35	x36	x41	x46	x51	x53	x54	x58	x73	x82	x87	x89	x90	x98	x99	1	1.966067e-02
8954.000000	61.871000	0	x3	x7	x17	x31	x32	x34	x35	x36	x46	x51	x53	x54	x73	x87	x89	x99	1	1.962360e-02
10386.000000	49.252000	0	x3	x7	x34	x36	x46	x53	x54	x73	x87	x89	x99	1	1.939824e-02
7070.000000	83.713000	0	x1	x2	x3	x7	x8	x17	x31	x32	x34	x35	x36	x46	x51	x53	x54	x73	x82	x87	x89	x90	x98	x99	1	1.928566e-02
7600.000000	77.643000	0	x1	x2	x3	x7	x17	x31	x32	x34	x35	x36	x46	x51	x53	x54	x71	x73	x82	x87	x89	x90	x99	1	1.908401e-02
6046.000000	98.753000	0	x1	x2	x3	x6	x7	x8	x17	x31	x32	x34	x35	x36	x41	x46	x51	x53	x54	x58	x73	x81	x82	x87	x89	x90	x98	x99	1	1.900529e-02
7270.000000	80.355000	0	x1	x2	x3	x7	x17	x31	x32	x34	x36	x41	x46	x51	x53	x54	x58	x73	x82	x87	x89	x90	x98	x99	1	1.879581e-02
6718.000000	88.546000	0	x1	x2	x3	x7	x17	x31	x32	x34	x35	x36	x41	x46	x51	x53	x54	x58	x73	x81	x82	x87	x89	x90	x98	x99	1	1.868235e-02
11689.000000	42.080000	0	x3	x7	x34	x36	x53	x63	x89	x99	1	1.859280e-02
5408.000000	115.444000	0	x2	x3	x7	x8	x9	x17	x29	x31	x32	x35	x36	x41	x42	x46	x53	x54	x58	x59	x62	x73	x82	x87	x89	x90	x98	x99	1	1.843738e-02
5708.000000	106.703000	0	x1	x2	x3	x7	x8	x17	x29	x31	x32	x35	x36	x41	x42	x51	x53	x54	x58	x59	x73	x81	x82	x87	x89	x90	x98	x99	1	1.801450e-02
11804.000000	41.491000	0	x3	x7	x34	x35	x53	x89	x99	1	1.786662e-02
11587.000000	42.399000	0	x3	x7	x36	x53	x73	x89	x99	1	1.754965e-02
8320.000000	68.732000	0	x3	x7	x10	x17	x31	x34	x35	x36	x46	x51	x53	x54	x58	x73	x87	x89	x90	x98	x99	1	1.716324e-02
7644.000000	77.192000	0	x1	x2	x3	x7	x8	x17	x31	x32	x34	x36	x41	x46	x53	x54	x58	x73	x87	x89	x98	x99	1	1.715713e-02
6370.000000	94.152000	0	x1	x2	x3	x7	x8	x11	x17	x31	x32	x34	x36	x41	x46	x51	x53	x54	x58	x73	x81	x82	x87	x89	x90	x98	x99	1	1.714375e-02
10346.000000	50.348000	0	x3	x7	x34	x35	x36	x51	x53	x54	x66	x87	x89	x99	1	1.714375e-02
13371.000000	36.124000	0	x7	x89	x99	1	1.712254e-02
9813.000000	54.566000	0	x3	x7	x17	x34	x35	x36	x46	x51	x53	x54	x64	x87	x89	x99	1	1.701092e-02
8024.000000	72.241000	0	x1	x2	x3	x7	x17	x32	x34	x35	x36	x46	x51	x53	x54	x73	x87	x89	x90	x98	x99	1	1.693475e-02
8760.000000	64.257000	0	x1	x2	x3	x7	x17	x32	x34	x36	x46	x51	x53	x54	x58	x73	x87	x89	x99	1	1.691607e-02
7810.000000	74.858000	0	x1	x2	x3	x7	x8	x17	x31	x32	x34	x36	x46	x51	x53	x54	x58	x73	x87	x89	x90	x99	1	1.673769e-02
8198.000000	69.190000	0	x1	x2	x3	x7	x17	x31	x32	x34	x36	x46	x51	x53	x54	x73	x82	x87	x89	x90	x99	1	1.643697e-02
8654.000000	64.853000	0	x3	x7	x17	x31	x32	x34	x35	x36	x46	x51	x53	x54	x73	x82	x87	x89	x99	1	1.639994e-02
11464.000000	42.732000	0	x3	x7	x34	x35	x36	x53	x89	x99	1	1.636746e-02
6172.000000	96.851000	0	x1	x2	x3	x7	x8	x17	x29	x31	x32	x34	x35	x36	x46	x51	x53	x54	x58	x63	x68	x73	x82	x87	x89	x90	x98	x99	1	1.597057e-02
8414.000000	67.433000	0	x3	x7	x17	x31	x32	x34	x35	x36	x46	x51	x53	x54	x58	x73	x87	x89	x90	x99	1	1.590226e-02
10716.000000	47.134000	0	x3	x7	x34	x36	x51	x53	x73	x87	x89	x99	1	1.563748e-02
10897.000000	46.355000	0	x3	x7	x34	x36	x46	x53	x54	x73	x89	x99	1	1.563748e-02
11884.000000	41.070000	0	x3	x7	x34	x36	x53	x89	x99	1	1.559940e-02
10897.000000	46.355000	0	x3	x7	x34	x36	x46	x53	x54	x73	x89	x99	1	1.557678e-02
6508.000000	91.352000	0	x1	x2	x3	x7	x8	x17	x29	x31	x32	x34	x36	x41	x46	x51	x53	x54	x58	x73	x82	x87	x89	x90	x98	x99	1	1.549873e-02
5906.000000	102.971000	0	x1	x2	x3	x7	x8	x17	x31	x32	x34	x35	x36	x41	x42	x46	x53	x54	x58	x59	x73	x76	x82	x87	x89	x90	x98	x99	1	1.514261e-02
9226.000000	59.428000	0	x1	x2	x3	x7	x17	x32	x34	x36	x46	x53	x54	x73	x87	x89	x99	1	1.472979e-02
12383.000000	39.412000	0	x3	x7	x53	x89	x99	1	1.407020e-02
5664.000000	107.117000	0	x1	x2	x3	x7	x8	x17	x29	x31	x32	x35	x36	x41	x42	x46	x51	x53	x54	x58	x59	x73	x82	x87	x89	x90	x98	x99	1	1.406557e-02
10189.000000	50.713000	0	x3	x7	x17	x34	x35	x36	x51	x53	x54	x87	x89	x99	1	1.396309e-02
5974.000000	99.546000	0	x1	x2	x3	x7	x8	x17	x31	x32	x34	x35	x36	x41	x46	x51	x53	x54	x58	x59	x68	x73	x82	x87	x89	x90	x98	x99	1	1.384051e-02
8376.000000	68.125000	0	x3	x7	x17	x32	x34	x36	x41	x46	x51	x53	x54	x73	x76	x82	x87	x89	x90	x99	1	1.346225e-02
12305.000000	39.747000	0	x3	x7	x34	x36	x63	x89	x99	1	1.333833e-02
5446.000000	113.782000	0	x2	x3	x7	x8	x17	x29	x31	x32	x35	x36	x41	x42	x46	x53	x54	x58	x59	x60	x62	x73	x82	x87	x89	x90	x98	x99	1	1.332352e-02
8916.000000	62.851000	0	x1	x2	x3	x7	x34	x36	x46	x51	x53	x54	x73	x76	x82	x87	x89	x90	x99	1	1.331707e-02
12471.000000	39.078000	0	x3	x7	x64	x73	x89	x99	1	1.321637e-02
8854.000000	64.053000	0	x1	x2	x3	x7	x17	x32	x34	x36	x46	x51	x53	x54	x73	x87	x89	x95	x99	1	1.270564e-02
6172.000000	96.851000	0	x1	x2	x3	x7	x8	x17	x29	x31	x32	x34	x35	x36	x46	x51	x53	x54	x58	x63	x68	x73	x82	x87	x89	x90	x98	x99	1	1.259189e-02
7390.000000	79.519000	0	x1	x2	x3	x7	x17	x23	x31	x32	x34	x36	x41	x46	x51	x53	x54	x58	x73	x87	x89	x90	x98	x99	1	1.247108e-02
9278.000000	59.156000	0	x3	x7	x17	x34	x35	x36	x51	x53	x54	x73	x82	x87	x89	x90	x99	1	1.245202e-02
7374.000000	79.732000	0	x1	x2	x3	x7	x17	x31	x32	x34	x36	x41	x46	x51	x53	x54	x58	x68	x73	x87	x89	x90	x98	x99	1	1.227550e-02
5956.000000	100.156000	0	x1	x2	x3	x7	x8	x17	x29	x31	x32	x34	x35	x36	x41	x46	x51	x53	x54	x58	x73	x81	x82	x87	x89	x90	x98	x99	1	1.226234e-02
12921.000000	37.289000	0	x3	x7	x45	x89	x99	1	1.214052e-02
13293.000000	36.334000	0	x7	x45	x89	x99	1	1.214052e-02
9813.000000	54.566000	0	x3	x7	x17	x34	x35	x36	x46	x51	x53	x54	x64	x87	x89	x99	1	1.206795e-02
6722.000000	88.544000	0	x1	x2	x3	x7	x8	x17	x31	x32	x34	x36	x41	x46	x51	x53	x54	x58	x63	x73	x81	x82	x87	x89	x98	x99	1	1.174284e-02
10234.000000	50.578000	0	x1	x3	x7	x34	x36	x46	x53	x54	x73	x87	x89	x99	1	1.170861e-02
