# This file contains the data of final feasible population (if found)
# of objectives = 2, # of constraints = 0, # of real_var = 0, # of bits of bin_var = 100, constr_violation, rank, crowding_distance
13605.000000	35.845000	0	x54	x99	1	1.000000e+14
5158.000000	129.273000	0	x2	x3	x8	x9	x17	x29	x32	x35	x36	x41	x42	x46	x53	x54	x58	x59	x62	x71	x72	x73	x82	x87	x89	x90	x93	x98	1	1.000000e+14
5728.000000	105.393000	0	x1	x2	x3	x7	x8	x9	x17	x29	x31	x32	x35	x36	x41	x42	x46	x51	x53	x54	x58	x73	x82	x87	x89	x90	x98	x99	1	4.124909e-02
5664.000000	107.117000	0	x1	x2	x3	x7	x8	x17	x29	x31	x32	x35	x36	x41	x42	x46	x51	x53	x54	x58	x59	x73	x82	x87	x89	x90	x98	x99	1	3.302992e-02
8400.000000	67.735000	0	x1	x2	x3	x7	x31	x32	x34	x36	x46	x51	x53	x54	x73	x87	x89	x90	x98	x99	1	3.253792e-02
5906.000000	102.086000	0	x1	x2	x3	x7	x8	x9	x17	x31	x32	x35	x36	x41	x42	x46	x51	x53	x54	x58	x63	x73	x82	x87	x89	x90	x98	x99	1	3.137845e-02
8206.000000	69.379000	0	x1	x3	x7	x17	x31	x32	x34	x36	x41	x46	x51	x53	x54	x73	x82	x87	x89	x90	x99	1	3.127574e-02
5273.000000	121.324000	0	x2	x3	x8	x9	x17	x29	x32	x35	x36	x41	x42	x46	x53	x54	x58	x59	x62	x73	x81	x82	x87	x89	x90	x93	x98	x99	1	3.018754e-02
11365.000000	43.820000	0	x3	x7	x36	x51	x53	x54	x73	x99	1	2.928879e-02
5648.000000	110.680000	0	x1	x2	x3	x7	x8	x9	x17	x29	x31	x32	x35	x36	x41	x42	x46	x53	x54	x58	x59	x62	x73	x82	x87	x89	x90	x99	1	2.809724e-02
13212.000000	36.541000	0	x7	x34	x54	x99	1	2.713054e-02
5194.000000	125.000000	0	x2	x3	x8	x9	x17	x29	x32	x35	x36	x41	x42	x46	x53	x54	x58	x59	x62	x71	x72	x73	x82	x87	x89	x90	x98	x99	1	2.712974e-02
13371.000000	36.124000	0	x7	x54	x99	1	2.698749e-02
12659.000000	38.320000	0	x3	x7	x36	x54	x99	1	2.676697e-02
12840.000000	37.496000	0	x3	x7	x34	x54	x99	1	2.676697e-02
11155.000000	45.037000	0	x3	x7	x17	x34	x36	x53	x54	x73	x99	1	2.594153e-02
5377.000000	117.442000	0	x2	x3	x7	x8	x9	x17	x29	x32	x35	x36	x41	x42	x46	x53	x54	x58	x59	x62	x73	x82	x87	x89	x90	x93	x98	x99	1	2.508164e-02
11843.000000	41.487000	0	x3	x7	x34	x36	x51	x54	x73	x99	1	2.469263e-02
5266.000000	124.665000	0	x2	x3	x7	x8	x9	x17	x29	x32	x35	x36	x41	x42	x46	x53	x54	x58	x59	x62	x71	x73	x82	x87	x89	x90	x93	x98	1	2.434912e-02
9282.000000	59.483000	0	x2	x3	x7	x10	x34	x36	x46	x53	x54	x73	x87	x89	x90	x98	x99	1	2.423486e-02
9870.000000	53.546000	0	x3	x7	x17	x34	x36	x46	x51	x53	x54	x73	x87	x89	x99	1	2.415863e-02
6686.000000	88.013000	0	x1	x2	x3	x7	x8	x17	x31	x32	x34	x36	x41	x46	x51	x53	x54	x58	x63	x73	x82	x87	x89	x90	x98	x99	1	2.315191e-02
9103.000000	61.173000	0	x2	x3	x7	x10	x17	x31	x32	x34	x36	x46	x51	x53	x87	x89	x90	x99	1	2.275311e-02
5496.000000	113.170000	0	x1	x2	x3	x7	x8	x17	x29	x32	x35	x36	x41	x42	x46	x53	x54	x58	x59	x62	x73	x81	x82	x87	x89	x90	x98	x99	1	2.255986e-02
5546.000000	111.062000	0	x1	x2	x3	x7	x8	x17	x29	x31	x32	x35	x36	x41	x42	x46	x53	x54	x58	x59	x62	x73	x82	x87	x89	x90	x98	x99	1	2.232305e-02
8724.000000	64.500000	0	x1	x3	x7	x17	x31	x32	x34	x36	x41	x46	x53	x54	x73	x82	x87	x89	x99	1	2.219504e-02
7270.000000	80.355000	0	x1	x2	x3	x7	x17	x31	x32	x34	x36	x41	x46	x51	x53	x54	x58	x73	x82	x87	x89	x90	x98	x99	1	2.152111e-02
10933.000000	46.458000	0	x3	x7	x17	x34	x36	x51	x53	x54	x73	x99	1	2.146121e-02
12203.000000	40.066000	0	x3	x7	x36	x54	x73	x99	1	2.133534e-02
6062.000000	98.445000	0	x1	x2	x3	x7	x8	x17	x31	x32	x34	x36	x41	x46	x51	x53	x54	x58	x59	x63	x73	x81	x82	x87	x89	x90	x98	x99	1	2.109038e-02
11449.000000	42.816000	0	x3	x7	x34	x36	x53	x54	x73	x99	1	2.074555e-02
11062.000000	45.316000	0	x3	x7	x30	x34	x36	x51	x53	x54	x73	x99	1	2.074555e-02
10614.000000	48.215000	0	x3	x7	x30	x34	x36	x51	x53	x54	x73	x98	x99	1	2.074555e-02
10690.000000	47.155000	0	x3	x7	x34	x36	x53	x54	x73	x87	x89	x99	1	2.057170e-02
11587.000000	42.399000	0	x3	x7	x36	x53	x54	x73	x99	1	2.003407e-02
7110.000000	84.314000	0	x1	x2	x3	x7	x8	x17	x29	x32	x34	x36	x41	x46	x51	x53	x54	x58	x73	x82	x87	x89	x90	x99	1	1.994654e-02
5456.000000	114.282000	0	x1	x2	x3	x7	x8	x9	x17	x29	x32	x35	x36	x41	x42	x46	x53	x54	x58	x59	x62	x73	x82	x87	x89	x90	x98	x99	1	1.986309e-02
7232.000000	82.099000	0	x1	x2	x3	x7	x8	x17	x31	x34	x36	x41	x46	x51	x53	x54	x58	x73	x82	x87	x89	x90	x98	x99	1	1.983631e-02
10009.000000	52.736000	0	x1	x2	x3	x7	x17	x34	x36	x53	x54	x87	x89	x93	x99	1	1.982635e-02
8988.000000	62.216000	0	x2	x3	x7	x10	x17	x34	x36	x46	x53	x54	x73	x87	x89	x90	x98	x99	1	1.977350e-02
7370.000000	79.604000	0	x1	x2	x3	x7	x8	x17	x31	x32	x34	x36	x46	x51	x53	x54	x58	x63	x73	x82	x87	x89	x90	x99	1	1.970865e-02
9179.000000	60.077000	0	x1	x2	x3	x7	x17	x34	x36	x46	x51	x53	x54	x73	x87	x89	x93	x99	1	1.963988e-02
6826.000000	86.249000	0	x1	x2	x3	x7	x8	x17	x31	x32	x34	x36	x41	x46	x51	x53	x54	x58	x73	x82	x87	x89	x90	x98	x99	1	1.929074e-02
10468.000000	48.576000	0	x3	x7	x34	x36	x51	x53	x54	x73	x87	x89	x99	1	1.911733e-02
6426.000000	91.851000	0	x1	x2	x3	x7	x8	x17	x31	x32	x34	x36	x41	x46	x51	x53	x54	x58	x63	x73	x81	x82	x87	x89	x90	x98	x99	1	1.908364e-02
7162.000000	82.867000	0	x2	x3	x7	x17	x31	x32	x34	x36	x41	x46	x51	x53	x54	x58	x73	x81	x82	x87	x89	x90	x98	x99	1	1.907555e-02
6361.000000	93.292000	0	x1	x2	x3	x7	x8	x9	x17	x30	x31	x32	x34	x36	x41	x46	x51	x53	x54	x58	x73	x82	x87	x89	x90	x98	x99	1	1.857235e-02
6638.000000	89.958000	0	x1	x2	x3	x7	x8	x17	x31	x32	x34	x35	x36	x41	x46	x51	x53	x54	x63	x73	x82	x87	x89	x90	x98	x99	1	1.820257e-02
6930.000000	85.257000	0	x1	x2	x3	x7	x8	x17	x31	x32	x34	x36	x41	x46	x51	x53	x54	x63	x73	x82	x87	x89	x90	x98	x99	1	1.804167e-02
6788.000000	87.291000	0	x1	x2	x3	x7	x8	x17	x31	x32	x34	x36	x41	x46	x53	x54	x58	x73	x81	x82	x87	x89	x90	x98	x99	1	1.772739e-02
7614.000000	76.253000	0	x2	x3	x7	x10	x17	x31	x32	x34	x36	x41	x46	x51	x53	x54	x58	x73	x87	x89	x90	x98	x99	1	1.772739e-02
6508.000000	91.352000	0	x1	x2	x3	x7	x8	x17	x29	x31	x32	x34	x36	x41	x46	x51	x53	x54	x58	x73	x82	x87	x89	x90	x98	x99	1	1.772739e-02
12355.000000	39.454000	0	x3	x7	x36	x46	x54	x99	1	1.769459e-02
10147.000000	51.244000	0	x3	x7	x34	x36	x46	x53	x54	x73	x87	x89	x93	x99	1	1.736121e-02
6208.000000	96.117000	0	x1	x2	x3	x7	x8	x9	x17	x29	x31	x32	x34	x36	x41	x46	x51	x53	x54	x58	x73	x82	x87	x89	x90	x98	x99	1	1.716205e-02
6354.000000	94.525000	0	x1	x2	x3	x7	x8	x17	x31	x32	x34	x36	x41	x42	x46	x53	x54	x58	x63	x73	x81	x82	x87	x89	x90	x98	x99	1	1.716205e-02
8848.000000	63.980000	0	x2	x3	x7	x10	x17	x34	x36	x46	x53	x54	x63	x73	x87	x89	x90	x98	x99	1	1.703376e-02
7806.000000	74.145000	0	x1	x2	x3	x7	x17	x31	x32	x34	x36	x46	x51	x53	x54	x73	x82	x87	x89	x90	x98	x99	1	1.689692e-02
10229.000000	50.568000	0	x3	x7	x34	x36	x51	x53	x54	x73	x87	x89	x93	x99	1	1.685794e-02
5996.000000	100.119000	0	x1	x2	x3	x7	x8	x9	x17	x29	x31	x32	x34	x36	x41	x42	x46	x53	x54	x58	x63	x73	x82	x87	x89	x90	x98	x99	1	1.684910e-02
11884.000000	41.070000	0	x3	x7	x34	x36	x53	x54	x99	1	1.630185e-02
7522.000000	77.164000	0	x1	x2	x3	x7	x17	x31	x32	x34	x36	x41	x46	x51	x53	x54	x58	x63	x73	x82	x87	x89	x90	x99	1	1.624287e-02
10096.000000	52.341000	0	x3	x7	x17	x34	x36	x41	x53	x54	x73	x87	x89	x99	1	1.615334e-02
7430.000000	78.442000	0	x1	x2	x3	x7	x17	x31	x32	x34	x36	x41	x46	x51	x53	x54	x58	x63	x73	x87	x89	x90	x98	x99	1	1.613372e-02
7862.000000	73.224000	0	x1	x2	x3	x7	x17	x31	x32	x34	x36	x46	x51	x53	x54	x58	x73	x87	x89	x90	x98	x99	1	1.570557e-02
6978.000000	84.559000	0	x1	x2	x3	x7	x8	x17	x31	x32	x34	x36	x46	x51	x53	x54	x58	x63	x73	x82	x87	x89	x90	x98	x99	1	1.570134e-02
7758.000000	75.231000	0	x1	x2	x3	x7	x8	x17	x31	x32	x34	x36	x41	x46	x51	x53	x54	x73	x82	x87	x89	x99	1	1.524014e-02
12043.000000	40.653000	0	x3	x7	x36	x53	x54	x99	1	1.519275e-02
6566.000000	90.087000	0	x1	x2	x3	x7	x8	x17	x31	x32	x34	x36	x41	x46	x51	x53	x54	x58	x73	x81	x82	x87	x89	x90	x98	x99	1	1.515533e-02
7966.000000	72.980000	0	x1	x3	x7	x10	x17	x23	x31	x32	x34	x36	x46	x51	x53	x54	x58	x73	x82	x87	x89	x90	x99	1	1.511170e-02
9401.000000	58.004000	0	x1	x2	x3	x7	x17	x34	x36	x46	x53	x54	x73	x87	x89	x93	x99	1	1.495911e-02
12999.000000	37.079000	0	x3	x7	x54	x99	1	1.483969e-02
9640.000000	56.284000	0	x1	x2	x3	x7	x17	x34	x36	x53	x54	x73	x87	x89	x90	x99	1	1.480031e-02
9483.000000	56.906000	0	x1	x2	x3	x7	x17	x34	x36	x46	x51	x53	x54	x87	x89	x93	x99	1	1.441679e-02
8026.000000	71.608000	0	x1	x3	x7	x17	x31	x32	x34	x36	x41	x46	x51	x53	x54	x73	x78	x82	x87	x89	x90	x99	1	1.408063e-02
7662.000000	75.400000	0	x1	x2	x3	x7	x17	x31	x32	x34	x36	x41	x46	x51	x53	x54	x58	x73	x82	x87	x89	x90	x99	1	1.399319e-02
5311.000000	119.522000	0	x2	x3	x8	x9	x17	x29	x32	x35	x36	x41	x42	x46	x51	x53	x54	x58	x59	x62	x73	x82	x87	x89	x90	x93	x98	x99	1	1.355050e-02
5311.000000	119.522000	0	x2	x3	x8	x9	x17	x29	x32	x35	x36	x41	x42	x46	x51	x53	x54	x58	x59	x62	x73	x82	x87	x89	x90	x93	x98	x99	1	1.338089e-02
10362.000000	50.472000	0	x2	x3	x7	x36	x53	x54	x66	x73	x87	x89	x99	1	1.301527e-02
6195.000000	97.606000	0	x1	x2	x3	x7	x8	x9	x17	x30	x31	x32	x34	x36	x41	x46	x51	x53	x54	x57	x58	x73	x82	x87	x89	x90	x98	x99	1	1.287601e-02
5990.000000	100.797000	0	x1	x2	x3	x7	x8	x17	x31	x32	x34	x36	x41	x42	x46	x53	x54	x58	x59	x63	x73	x81	x82	x87	x89	x90	x98	x99	1	1.271011e-02
9531.000000	56.748000	0	x1	x2	x3	x7	x17	x34	x36	x46	x53	x54	x73	x87	x89	x90	1	1.262201e-02
12407.000000	39.016000	0	x3	x7	x36	x54	x66	x99	1	1.242011e-02
6126.000000	97.616000	0	x1	x2	x3	x7	x8	x9	x17	x27	x31	x32	x34	x36	x41	x46	x51	x53	x54	x58	x63	x73	x82	x87	x89	x90	x98	x99	1	1.236271e-02
12999.000000	37.079000	0	x3	x7	x54	x99	1	1.229085e-02
7497.000000	77.994000	0	x1	x2	x3	x7	x17	x30	x31	x32	x34	x36	x41	x46	x51	x53	x54	x58	x73	x82	x87	x89	x90	x99	1	1.228521e-02
8502.000000	66.573000	0	x1	x3	x7	x17	x31	x32	x34	x36	x41	x46	x51	x53	x54	x73	x82	x87	x89	x99	1	1.225634e-02
8606.000000	65.763000	0	x3	x7	x10	x17	x31	x32	x34	x36	x46	x51	x53	x54	x58	x73	x87	x89	x90	x99	1	1.216260e-02
5421.000000	116.052000	0	x1	x2	x3	x8	x17	x29	x32	x35	x36	x41	x42	x46	x53	x54	x58	x59	x62	x73	x81	x82	x87	x89	x90	x93	x98	x99	1	1.207701e-02
8612.000000	65.517000	0	x1	x3	x7	x17	x31	x34	x36	x41	x46	x51	x53	x54	x73	x82	x87	x89	x90	x99	1	1.207227e-02
5914.000000	101.587000	0	x1	x2	x3	x7	x8	x9	x17	x29	x31	x32	x34	x36	x41	x42	x46	x51	x53	x54	x58	x73	x82	x87	x89	x90	x98	x99	1	1.187054e-02
8118.000000	70.460000	0	x2	x3	x7	x17	x31	x32	x34	x36	x41	x46	x51	x53	x54	x58	x82	x87	x89	x90	x99	1	1.174728e-02
12500.000000	38.737000	0	x3	x7	x34	x36	x54	x99	1	1.164329e-02
9758.000000	54.474000	0	x2	x3	x7	x10	x17	x34	x36	x51	x53	x54	x73	x87	x89	x99	1	1.159596e-02
8106.000000	70.468000	0	x1	x2	x3	x7	x17	x31	x32	x34	x36	x46	x51	x53	x54	x73	x87	x89	x90	x98	x99	1	1.158949e-02
8908.000000	62.711000	0	x1	x3	x7	x17	x31	x34	x36	x41	x46	x51	x53	x54	x73	x82	x87	x89	x99	1	1.081640e-02
9705.000000	55.907000	0	x1	x2	x3	x7	x17	x34	x36	x53	x54	x73	x87	x89	x93	x99	1	1.080622e-02
9758.000000	54.474000	0	x2	x3	x7	x10	x17	x34	x36	x51	x53	x54	x73	x87	x89	x99	1	1.080622e-02
9401.000000	58.004000	0	x1	x2	x3	x7	x17	x34	x36	x46	x53	x54	x73	x87	x89	x93	x99	1	1.072998e-02
8502.000000	66.573000	0	x1	x3	x7	x17	x31	x32	x34	x36	x41	x46	x51	x53	x54	x73	x82	x87	x89	x99	1	1.049092e-02
