# This file contains the data of final feasible population (if found)
# of objectives = 2, # of constraints = 0, # of real_var = 0, # of bits of bin_var = 100, constr_violation, rank, crowding_distance
5157.000000	132.519000	0	x2	x3	x8	x9	x17	x27	x29	x32	x35	x36	x41	x42	x46	x53	x59	x60	x62	x71	x73	x80	x81	x82	x87	x89	x90	x98	1	1.000000e+14
13527.000000	35.845000	0	x45	x54	x99	1	1.000000e+14
5382.000000	115.939000	0	x2	x3	x8	x9	x17	x29	x31	x32	x35	x36	x41	x42	x46	x53	x54	x58	x59	x60	x73	x81	x82	x87	x89	x90	x98	x99	1	4.003098e-02
5490.000000	112.202000	0	x1	x2	x3	x8	x9	x17	x29	x31	x32	x35	x36	x41	x42	x46	x53	x54	x58	x59	x60	x73	x82	x87	x89	x90	x98	x99	1	3.307669e-02
7270.000000	80.355000	0	x1	x2	x3	x7	x17	x31	x32	x34	x36	x41	x46	x51	x53	x54	x58	x73	x82	x87	x89	x90	x98	x99	1	2.882996e-02
11820.000000	41.304000	0	x3	x7	x34	x35	x36	x54	x81	x99	1	2.865207e-02
13233.000000	36.800000	0	x3	x54	x99	1	2.716150e-02
5182.000000	127.677000	0	x2	x3	x8	x9	x17	x29	x32	x35	x36	x41	x42	x46	x53	x59	x60	x62	x71	x73	x80	x81	x82	x87	x89	x90	x98	x99	1	2.653636e-02
5701.000000	107.204000	0	x2	x3	x8	x9	x16	x17	x31	x32	x34	x35	x36	x41	x46	x51	x53	x54	x58	x59	x60	x73	x82	x87	x89	x90	x98	x99	1	2.638458e-02
11616.000000	42.656000	0	x3	x7	x10	x34	x35	x36	x53	x89	1	2.628067e-02
9466.000000	57.251000	0	x3	x7	x10	x17	x34	x35	x36	x51	x53	x54	x73	x82	x87	x89	x99	1	2.507093e-02
5242.000000	122.443000	0	x2	x3	x8	x9	x17	x29	x32	x35	x36	x42	x46	x53	x54	x58	x59	x60	x62	x71	x73	x80	x82	x87	x89	x90	x98	x99	1	2.473831e-02
6386.000000	92.462000	0	x1	x2	x3	x7	x8	x9	x17	x31	x32	x34	x36	x41	x46	x51	x53	x54	x58	x63	x73	x82	x87	x89	x90	x98	x99	1	2.454827e-02
7662.000000	75.400000	0	x1	x2	x3	x7	x17	x31	x32	x34	x36	x41	x46	x51	x53	x54	x58	x73	x82	x87	x89	x90	x99	1	2.444123e-02
8612.000000	65.456000	0	x1	x3	x7	x17	x31	x32	x35	x36	x46	x51	x53	x54	x73	x87	x89	x90	x99	1	2.418135e-02
5312.000000	117.886000	0	x2	x3	x8	x9	x17	x29	x31	x32	x35	x36	x41	x42	x46	x53	x54	x58	x59	x60	x62	x73	x82	x87	x89	x90	x98	x99	1	2.380141e-02
5770.000000	104.506000	0	x2	x3	x7	x8	x9	x17	x31	x32	x34	x35	x36	x41	x46	x51	x53	x54	x58	x59	x60	x73	x82	x87	x89	x90	x98	x99	1	2.337965e-02
13371.000000	36.124000	0	x7	x54	x99	1	2.250200e-02
8754.000000	64.192000	0	x1	x3	x7	x17	x31	x32	x34	x35	x36	x46	x51	x53	x54	x73	x87	x90	x99	1	2.242155e-02
6232.000000	96.168000	0	x1	x2	x3	x7	x8	x9	x17	x31	x32	x34	x36	x41	x42	x46	x51	x53	x54	x58	x73	x82	x87	x89	x90	x98	x99	1	2.234216e-02
10597.000000	47.972000	0	x3	x7	x10	x34	x35	x36	x53	x54	x87	x89	x99	1	2.227287e-02
10731.000000	47.050000	0	x3	x7	x34	x35	x36	x51	x53	x54	x87	x99	1	2.227287e-02
11134.000000	45.054000	0	x3	x7	x10	x34	x35	x36	x51	x53	x54	x99	1	2.227287e-02
10994.000000	45.595000	0	x3	x7	x34	x35	x36	x51	x53	x54	x89	x99	1	2.227287e-02
9999.000000	53.059000	0	x3	x7	x10	x34	x35	x36	x42	x46	x53	x54	x87	x89	x99	1	2.223251e-02
9339.000000	58.469000	0	x1	x3	x7	x17	x31	x32	x34	x35	x36	x46	x53	x54	x87	x89	x99	1	2.136414e-02
6310.000000	95.338000	0	x1	x2	x3	x7	x8	x10	x17	x31	x32	x34	x36	x41	x46	x51	x53	x54	x58	x73	x76	x81	x82	x87	x89	x90	x98	x99	1	2.130541e-02
8154.000000	70.217000	0	x1	x3	x7	x17	x31	x32	x34	x35	x36	x45	x46	x51	x53	x54	x73	x82	x87	x89	x90	x99	1	2.125395e-02
9889.000000	53.695000	0	x3	x7	x17	x34	x35	x36	x51	x53	x54	x82	x87	x89	x99	1	2.097210e-02
10081.000000	51.614000	0	x3	x7	x10	x17	x34	x35	x36	x51	x53	x54	x87	x89	x99	1	2.088571e-02
6082.000000	97.878000	0	x1	x2	x3	x7	x8	x17	x31	x32	x34	x35	x36	x41	x46	x51	x53	x54	x58	x73	x76	x81	x82	x87	x89	x90	x98	x99	1	2.069847e-02
10183.000000	51.146000	0	x3	x7	x34	x35	x36	x51	x53	x54	x82	x87	x89	x99	1	2.061109e-02
11441.000000	43.671000	0	x3	x7	x35	x36	x54	x81	x87	x99	1	2.061109e-02
10483.000000	48.492000	0	x3	x7	x34	x35	x36	x51	x53	x54	x87	x89	x99	1	2.061109e-02
11242.000000	44.153000	0	x3	x7	x34	x35	x36	x51	x53	x89	x99	1	2.058473e-02
10303.000000	50.193000	0	x3	x7	x10	x17	x34	x35	x36	x53	x54	x87	x89	x99	1	2.053609e-02
9781.000000	54.596000	0	x3	x7	x10	x17	x34	x35	x36	x51	x53	x54	x82	x87	x89	x99	1	2.024722e-02
9567.000000	56.255000	0	x3	x7	x10	x17	x31	x34	x35	x36	x46	x51	x53	x54	x87	x89	x99	1	2.023043e-02
7430.000000	78.601000	0	x1	x3	x7	x17	x31	x32	x34	x36	x41	x46	x51	x53	x54	x58	x63	x73	x82	x87	x89	x90	x98	x99	1	2.021437e-02
12999.000000	37.079000	0	x3	x7	x89	x99	1	2.021234e-02
10375.000000	49.393000	0	x3	x7	x10	x34	x35	x36	x51	x53	x54	x87	x89	x99	1	1.955030e-02
6369.000000	93.631000	0	x1	x2	x3	x7	x8	x17	x30	x31	x32	x34	x35	x36	x41	x46	x51	x53	x54	x58	x73	x82	x87	x89	x90	x98	x99	1	1.941476e-02
8058.000000	71.385000	0	x1	x3	x7	x17	x31	x32	x34	x35	x36	x46	x51	x53	x54	x57	x58	x82	x87	x89	x90	x99	1	1.935169e-02
8312.000000	68.438000	0	x1	x3	x7	x17	x31	x32	x35	x36	x46	x51	x53	x54	x73	x82	x87	x89	x90	x99	1	1.930308e-02
5620.000000	109.247000	0	x1	x2	x3	x8	x9	x17	x29	x31	x32	x35	x36	x41	x42	x51	x53	x54	x58	x59	x60	x80	x82	x87	x89	x90	x98	x99	1	1.928883e-02
6826.000000	86.249000	0	x1	x2	x3	x7	x8	x17	x31	x32	x34	x36	x41	x46	x51	x53	x54	x58	x73	x82	x87	x89	x90	x98	x99	1	1.923996e-02
11707.000000	41.662000	0	x3	x14	x35	x36	x53	x89	x99	1	1.917895e-02
5568.000000	111.692000	0	x2	x3	x7	x8	x9	x17	x31	x32	x35	x36	x42	x46	x51	x53	x54	x58	x59	x60	x71	x73	x82	x87	x89	x90	x98	x99	1	1.916547e-02
8206.000000	68.985000	0	x1	x3	x7	x17	x31	x32	x34	x35	x36	x46	x51	x53	x54	x73	x82	x87	x89	x90	x99	1	1.863950e-02
8506.000000	66.003000	0	x1	x3	x7	x17	x31	x32	x34	x35	x36	x46	x51	x53	x54	x73	x87	x89	x90	x99	1	1.863950e-02
7374.000000	79.879000	0	x1	x2	x3	x7	x8	x17	x31	x32	x34	x36	x41	x46	x51	x53	x54	x82	x87	x89	x90	x98	x99	1	1.862967e-02
7797.000000	74.591000	0	x1	x3	x7	x17	x30	x31	x32	x34	x36	x41	x46	x51	x53	x54	x58	x73	x82	x87	x89	x90	x99	1	1.862967e-02
9252.000000	58.910000	0	x3	x7	x10	x17	x31	x34	x35	x36	x46	x51	x53	x54	x73	x87	x89	x99	1	1.830875e-02
12420.000000	39.158000	0	x3	x7	x34	x35	x54	x99	1	1.830256e-02
5198.000000	125.459000	0	x2	x3	x8	x9	x17	x29	x32	x35	x36	x41	x42	x46	x53	x58	x59	x60	x62	x71	x73	x80	x82	x87	x89	x90	x98	x99	1	1.822725e-02
5226.000000	124.661000	0	x2	x3	x8	x9	x17	x29	x32	x35	x36	x42	x46	x53	x54	x59	x60	x62	x71	x73	x80	x81	x82	x87	x89	x90	x98	x99	1	1.822725e-02
7918.000000	73.469000	0	x3	x7	x17	x31	x32	x34	x35	x36	x46	x51	x53	x54	x58	x68	x73	x82	x87	x89	x90	x99	1	1.821590e-02
5288.000000	120.594000	0	x2	x3	x8	x9	x17	x29	x32	x35	x36	x42	x46	x53	x54	x58	x59	x60	x62	x73	x80	x82	x87	x89	x90	x97	x98	x99	1	1.820062e-02
5728.000000	105.393000	0	x1	x2	x3	x7	x8	x9	x17	x29	x31	x32	x35	x36	x41	x42	x46	x51	x53	x54	x58	x73	x82	x87	x89	x90	x98	x99	1	1.807598e-02
6624.000000	90.275000	0	x1	x2	x3	x7	x8	x9	x17	x31	x32	x34	x36	x41	x42	x46	x51	x53	x54	x58	x73	x82	x87	x89	x90	x99	1	1.765862e-02
6526.000000	90.698000	0	x1	x2	x3	x7	x8	x9	x17	x31	x32	x34	x36	x41	x46	x51	x53	x54	x58	x73	x82	x87	x89	x90	x98	x99	1	1.748665e-02
6918.000000	85.743000	0	x1	x2	x3	x7	x8	x9	x17	x31	x32	x34	x36	x41	x46	x51	x53	x54	x58	x73	x82	x87	x89	x90	x99	1	1.705013e-02
6978.000000	84.708000	0	x1	x2	x3	x7	x17	x31	x32	x34	x35	x36	x41	x46	x51	x53	x54	x58	x73	x82	x87	x89	x90	x98	x99	1	1.690945e-02
7574.000000	76.741000	0	x1	x2	x3	x7	x17	x31	x32	x34	x36	x41	x46	x51	x53	x54	x58	x82	x87	x89	x90	x98	x99	1	1.684944e-02
12063.000000	40.234000	0	x3	x14	x35	x36	x54	x81	x99	1	1.628675e-02
5876.000000	102.582000	0	x2	x3	x7	x8	x9	x17	x29	x31	x32	x34	x35	x36	x41	x46	x51	x53	x54	x58	x73	x76	x82	x87	x89	x90	x98	x99	1	1.628311e-02
5293.000000	119.513000	0	x2	x3	x8	x9	x17	x29	x32	x35	x36	x41	x42	x46	x53	x54	x58	x59	x60	x62	x70	x73	x82	x87	x89	x90	x98	x99	1	1.543953e-02
12243.000000	40.098000	0	x3	x7	x54	x73	x82	x99	1	1.543518e-02
12777.000000	38.083000	0	x3	x7	x51	x54	x99	1	1.534441e-02
12063.000000	40.234000	0	x3	x14	x35	x36	x54	x81	x99	1	1.521952e-02
8912.000000	62.141000	0	x1	x3	x7	x17	x31	x34	x35	x36	x46	x51	x53	x54	x73	x87	x89	x90	x99	1	1.516157e-02
6778.000000	87.846000	0	x1	x2	x3	x7	x8	x17	x31	x32	x34	x35	x36	x41	x46	x51	x53	x54	x73	x82	x87	x89	x90	x98	x99	1	1.515999e-02
12645.000000	38.410000	0	x3	x14	x54	x73	x99	1	1.513211e-02
6661.000000	88.843000	0	x1	x2	x3	x7	x8	x17	x30	x31	x32	x34	x36	x41	x46	x51	x53	x54	x58	x73	x82	x87	x89	x90	x98	x99	1	1.492959e-02
7130.000000	82.635000	0	x1	x2	x3	x7	x8	x17	x31	x32	x34	x36	x41	x46	x51	x53	x54	x58	x82	x87	x89	x90	x98	x99	1	1.489854e-02
8410.000000	67.609000	0	x3	x7	x17	x31	x32	x34	x35	x36	x46	x51	x53	x54	x58	x73	x82	x87	x89	x99	1	1.470462e-02
9170.000000	60.057000	0	x3	x7	x10	x17	x34	x35	x36	x51	x53	x54	x73	x82	x87	x89	x90	x99	1	1.469117e-02
7962.000000	71.741000	0	x1	x3	x7	x17	x31	x32	x34	x35	x36	x46	x51	x53	x54	x58	x73	x82	x87	x89	x90	x99	1	1.467202e-02
7066.000000	84.183000	0	x1	x2	x3	x7	x8	x17	x32	x34	x36	x41	x46	x53	x54	x58	x73	x76	x82	x87	x89	x90	x98	x99	1	1.450755e-02
12420.000000	39.158000	0	x3	x7	x34	x35	x54	x99	1	1.444215e-02
11394.000000	44.077000	0	x3	x7	x10	x34	x35	x36	x51	x53	x89	1	1.438061e-02
9024.000000	61.124000	0	x1	x3	x7	x17	x31	x32	x34	x35	x36	x46	x53	x54	x73	x87	x89	x99	1	1.426835e-02
9122.000000	60.249000	0	x1	x3	x7	x17	x34	x35	x36	x46	x51	x53	x54	x73	x87	x89	x90	x99	1	1.424017e-02
8454.000000	67.235000	0	x1	x3	x7	x17	x31	x32	x34	x35	x36	x45	x46	x51	x53	x54	x73	x87	x89	x90	x99	1	1.404103e-02
10886.000000	46.496000	0	x3	x7	x10	x34	x35	x36	x51	x53	x54	x89	x99	1	1.373668e-02
12841.000000	37.707000	0	x3	x14	x54	x81	x99	1	1.366351e-02
7522.000000	77.680000	0	x1	x2	x3	x7	x8	x17	x31	x32	x34	x36	x41	x46	x51	x53	x54	x58	x82	x87	x89	x90	x99	1	1.356522e-02
5916.000000	100.470000	0	x1	x2	x3	x7	x8	x9	x17	x29	x31	x32	x34	x35	x36	x41	x46	x51	x53	x54	x58	x73	x82	x87	x89	x90	x98	x99	1	1.331280e-02
5876.000000	102.582000	0	x2	x3	x7	x8	x9	x17	x29	x31	x32	x34	x35	x36	x41	x46	x51	x53	x54	x58	x73	x76	x82	x87	x89	x90	x98	x99	1	1.331280e-02
5974.000000	99.779000	0	x1	x2	x3	x7	x8	x9	x17	x31	x32	x34	x35	x36	x41	x46	x51	x53	x54	x58	x73	x81	x82	x87	x89	x90	x98	x99	1	1.329677e-02
7822.000000	73.646000	0	x1	x3	x7	x17	x31	x32	x34	x36	x41	x46	x51	x53	x54	x58	x63	x73	x82	x87	x89	x90	x99	1	1.303120e-02
8825.000000	63.581000	0	x1	x3	x7	x17	x31	x32	x34	x35	x36	x51	x53	x54	x82	x87	x89	x90	x99	1	1.294664e-02
12973.000000	37.705000	0	x3	x54	x81	x99	1	1.268650e-02
8858.000000	62.890000	0	x3	x7	x10	x17	x31	x32	x34	x35	x36	x41	x46	x51	x53	x54	x87	x89	x99	1	1.264484e-02
5182.000000	127.677000	0	x2	x3	x8	x9	x17	x29	x32	x35	x36	x41	x42	x46	x53	x59	x60	x62	x71	x73	x80	x81	x82	x87	x89	x90	x98	x99	1	1.242734e-02
9724.000000	55.704000	0	x3	x7	x17	x31	x32	x34	x35	x36	x46	x51	x53	x54	x89	x99	1	1.231849e-02
9676.000000	55.765000	0	x3	x7	x34	x35	x36	x51	x53	x54	x73	x76	x82	x87	x89	x99	1	1.222852e-02
10845.000000	46.530000	0	x3	x7	x10	x34	x35	x36	x53	x87	x89	x99	1	1.212456e-02
8997.000000	61.564000	0	x1	x3	x7	x17	x31	x32	x34	x35	x36	x46	x51	x53	x54	x73	x87	x89	1	1.195051e-02
6094.000000	97.163000	0	x1	x2	x3	x7	x8	x9	x17	x31	x32	x34	x35	x36	x41	x46	x51	x53	x54	x58	x63	x73	x82	x87	x89	x90	x98	x99	1	1.194172e-02
